Feb 11, 2019 6:11:02 PM com.genfare.pos.core.service.LogService createAndAddNewFileHandler
INFO: Parent log configured, future logs will go to log file: C:\Users\user\Desktop\apos_electron-master\apos_electron-master/logs/APOS.1549888862786.%u.%g.log
Feb 11, 2019 6:11:02 PM com.genfare.pos.applet.POSApplet runInitialization
WARNING: Exception initializing applet: null
java.lang.NullPointerException
	at java.util.Properties$LineReader.readLine(Properties.java:434)
	at java.util.Properties.load0(Properties.java:353)
	at java.util.Properties.load(Properties.java:341)
	at com.genfare.pos.applet.POSApplet.runInitialization(POSApplet.java:294)
	at sun.reflect.NativeMethodAccessorImpl.invoke0(Native Method)
	at sun.reflect.NativeMethodAccessorImpl.invoke(NativeMethodAccessorImpl.java:62)
	at sun.reflect.DelegatingMethodAccessorImpl.invoke(DelegatingMethodAccessorImpl.java:43)
	at java.lang.reflect.Method.invoke(Method.java:498)

Feb 11, 2019 6:11:05 PM com.genfare.pos.core.converters.TerminalFrontEndConverter makeJSON
INFO: Make JSON from Terminal.
Feb 11, 2019 6:11:05 PM com.genfare.pos.core.converters.TerminalFrontEndConverter makeJSON
INFO: Got TerminalConfig FrontEnd JSON.
Feb 11, 2019 6:18:14 PM com.genfare.pos.applet.POSApplet validateRegisterDevice
INFO: Validate register device serial aposqe02 key XXXXXX
Feb 11, 2019 6:18:14 PM com.genfare.pos.core.service.EnvironmentServiceImpl getByEnv
INFO: ****************************************
Feb 11, 2019 6:18:14 PM com.genfare.pos.core.service.EnvironmentServiceImpl getByEnv
INFO: Tenant: TARC, Env: qe, Schema: TARC
Feb 11, 2019 6:18:14 PM com.genfare.pos.core.service.EnvironmentServiceImpl getByEnv
INFO: ****************************************
Feb 11, 2019 6:18:14 PM com.genfare.pos.core.device.Terminal initialize
INFO: Initializing terminal
Feb 11, 2019 6:18:14 PM com.genfare.pos.core.device.Terminal initialize
WARNING: Error populating Terminal from Equipment record
java.sql.SQLException: [SQLITE_ERROR] SQL error or missing database (no such table: Equipment)
	at org.sqlite.core.DB.newSQLException(DB.java:890)
	at org.sqlite.core.DB.newSQLException(DB.java:901)
	at org.sqlite.core.DB.throwex(DB.java:868)
	at org.sqlite.core.NativeDB.prepare(Native Method)
	at org.sqlite.core.DB.prepare(DB.java:211)
	at org.sqlite.core.CorePreparedStatement.<init>(CorePreparedStatement.java:40)
	at org.sqlite.jdbc3.JDBC3PreparedStatement.<init>(JDBC3PreparedStatement.java:29)
	at org.sqlite.jdbc4.JDBC4PreparedStatement.<init>(JDBC4PreparedStatement.java:18)
	at org.sqlite.jdbc4.JDBC4Connection.prepareStatement(JDBC4Connection.java:47)
	at org.sqlite.jdbc3.JDBC3Connection.prepareStatement(JDBC3Connection.java:251)
	at org.sqlite.jdbc3.JDBC3Connection.prepareStatement(JDBC3Connection.java:223)
	at com.genfare.pos.core.data.loader.EquipmentLoader.load(EquipmentLoader.java:240)
	at com.genfare.pos.core.data.loader.EquipmentLoader.loadEquipment(EquipmentLoader.java:224)
	at com.genfare.pos.core.device.Terminal.initialize(Terminal.java:166)
	at com.genfare.pos.core.converters.TerminalConverter.populateTerminal(TerminalConverter.java:433)
	at com.genfare.pos.applet.POSApplet.validateRegisterDevice(POSApplet.java:188)
	at sun.reflect.NativeMethodAccessorImpl.invoke0(Native Method)
	at sun.reflect.NativeMethodAccessorImpl.invoke(NativeMethodAccessorImpl.java:62)
	at sun.reflect.DelegatingMethodAccessorImpl.invoke(DelegatingMethodAccessorImpl.java:43)
	at java.lang.reflect.Method.invoke(Method.java:498)

Feb 11, 2019 6:18:14 PM com.genfare.pos.remote.AWSRemoteSystem uploadDeviceSetup
INFO: uploadDeviceSetup
Feb 11, 2019 6:18:14 PM com.genfare.pos.remote.AWSRemoteSystem uploadDeviceSetup
INFO: Uploading
Feb 11, 2019 6:18:14 PM com.genfare.pos.remote.AWSRemoteSystem uploadSetup
INFO: Event URL uploadSetup: api.qe.gfcp.io/services/device/v4/setup
Feb 11, 2019 6:18:14 PM com.genfare.pos.remote.AWSRemoteSystem uploadSetup
INFO: Setup body: {"header":{"tenantName":"TARC","environment":"qe","deviceType":"apos","dateSent":{"value":"2019-02-11T12:48:14","localTime":false}},"deviceSetup":{"serialNumber":"aposqe02","key":"msl0uu2rev"}}
Feb 11, 2019 6:18:14 PM com.genfare.pos.remote.security.Client postTrySsl
INFO: Trying SSL URL
Feb 11, 2019 6:18:15 PM com.genfare.pos.remote.security.Client post
INFO: Outputstream written
Feb 11, 2019 6:18:15 PM com.genfare.pos.remote.security.Client post
INFO: Response Code: 400, Message: Bad Request
Feb 11, 2019 6:18:15 PM com.genfare.pos.remote.security.Client post
WARNING: Error posting - Response Code: 400
Feb 11, 2019 6:18:15 PM com.genfare.pos.remote.security.Client postTrySsl
WARNING: SSL connection failed
com.genfare.pos.remote.RemoteSystemException: Error posting - Response Code: 400
	at com.genfare.pos.remote.security.Client.post(Client.java:304)
	at com.genfare.pos.remote.security.Client.postTrySsl(Client.java:163)
	at com.genfare.pos.remote.AWSRemoteSystem.uploadSetup(AWSRemoteSystem.java:1105)
	at com.genfare.pos.remote.AWSRemoteSystem.uploadDeviceSetup(AWSRemoteSystem.java:1054)
	at com.genfare.pos.applet.POSApplet.validateRegisterDevice(POSApplet.java:194)
	at sun.reflect.NativeMethodAccessorImpl.invoke0(Native Method)
	at sun.reflect.NativeMethodAccessorImpl.invoke(NativeMethodAccessorImpl.java:62)
	at sun.reflect.DelegatingMethodAccessorImpl.invoke(DelegatingMethodAccessorImpl.java:43)
	at java.lang.reflect.Method.invoke(Method.java:498)

Feb 11, 2019 6:18:15 PM com.genfare.pos.remote.security.Client postTrySsl
INFO: Falling back to unsecure connection
Feb 11, 2019 6:18:16 PM com.genfare.pos.remote.security.Client post
INFO: Outputstream written
Feb 11, 2019 6:18:16 PM com.genfare.pos.remote.security.Client post
INFO: Response Code: 400, Message: Bad Request
Feb 11, 2019 6:18:16 PM com.genfare.pos.remote.security.Client post
WARNING: Error posting - Response Code: 400
Feb 11, 2019 6:18:16 PM com.genfare.pos.remote.security.Client postTrySsl
WARNING: Unsecure connection failed
com.genfare.pos.remote.RemoteSystemException: Error posting - Response Code: 400
	at com.genfare.pos.remote.security.Client.post(Client.java:304)
	at com.genfare.pos.remote.security.Client.postTrySsl(Client.java:181)
	at com.genfare.pos.remote.AWSRemoteSystem.uploadSetup(AWSRemoteSystem.java:1105)
	at com.genfare.pos.remote.AWSRemoteSystem.uploadDeviceSetup(AWSRemoteSystem.java:1054)
	at com.genfare.pos.applet.POSApplet.validateRegisterDevice(POSApplet.java:194)
	at sun.reflect.NativeMethodAccessorImpl.invoke0(Native Method)
	at sun.reflect.NativeMethodAccessorImpl.invoke(NativeMethodAccessorImpl.java:62)
	at sun.reflect.DelegatingMethodAccessorImpl.invoke(DelegatingMethodAccessorImpl.java:43)
	at java.lang.reflect.Method.invoke(Method.java:498)

Feb 11, 2019 6:18:16 PM com.genfare.pos.remote.AWSRemoteSystem uploadSetup
WARNING: Error uploading record
com.genfare.pos.remote.RemoteSystemException: Error posting - Response Code: 400
	at com.genfare.pos.remote.security.Client.post(Client.java:304)
	at com.genfare.pos.remote.security.Client.postTrySsl(Client.java:181)
	at com.genfare.pos.remote.AWSRemoteSystem.uploadSetup(AWSRemoteSystem.java:1105)
	at com.genfare.pos.remote.AWSRemoteSystem.uploadDeviceSetup(AWSRemoteSystem.java:1054)
	at com.genfare.pos.applet.POSApplet.validateRegisterDevice(POSApplet.java:194)
	at sun.reflect.NativeMethodAccessorImpl.invoke0(Native Method)
	at sun.reflect.NativeMethodAccessorImpl.invoke(NativeMethodAccessorImpl.java:62)
	at sun.reflect.DelegatingMethodAccessorImpl.invoke(DelegatingMethodAccessorImpl.java:43)
	at java.lang.reflect.Method.invoke(Method.java:498)

Feb 11, 2019 6:18:16 PM com.genfare.pos.applet.POSApplet validateRegisterDevice
INFO: Done validate register device.
Feb 11, 2019 6:18:16 PM com.genfare.pos.applet.POSApplet validateRegisterDevice
INFO: _validateRegisterDeviceResult getSuccess false
Feb 11, 2019 6:18:16 PM com.genfare.pos.applet.POSApplet validateRegisterDevice
INFO: _validateRegisterDeviceResult getMessage com.genfare.pos.remote.RemoteSystemException: Error posting - Response Code: 400
Feb 11, 2019 6:18:24 PM com.genfare.pos.core.converters.TerminalFrontEndConverter makeJSON
INFO: Make JSON from Terminal.
Feb 11, 2019 6:18:24 PM com.genfare.pos.core.converters.TerminalFrontEndConverter makeJSON
INFO: Got TerminalConfig FrontEnd JSON.
Feb 11, 2019 6:19:00 PM com.genfare.pos.applet.POSApplet validateRegisterDevice
INFO: Validate register device serial aposqe02 key XXXXXX
Feb 11, 2019 6:19:00 PM com.genfare.pos.core.service.EnvironmentServiceImpl getByEnv
INFO: ****************************************
Feb 11, 2019 6:19:00 PM com.genfare.pos.core.service.EnvironmentServiceImpl getByEnv
INFO: Tenant: TARC, Env: qe, Schema: TARC
Feb 11, 2019 6:19:00 PM com.genfare.pos.core.service.EnvironmentServiceImpl getByEnv
INFO: ****************************************
Feb 11, 2019 6:19:00 PM com.genfare.pos.core.device.Terminal initialize
INFO: Initializing terminal
Feb 11, 2019 6:19:00 PM com.genfare.pos.core.device.Terminal initialize
WARNING: Error populating Terminal from Equipment record
java.sql.SQLException: [SQLITE_ERROR] SQL error or missing database (no such table: Equipment)
	at org.sqlite.core.DB.newSQLException(DB.java:890)
	at org.sqlite.core.DB.newSQLException(DB.java:901)
	at org.sqlite.core.DB.throwex(DB.java:868)
	at org.sqlite.core.NativeDB.prepare(Native Method)
	at org.sqlite.core.DB.prepare(DB.java:211)
	at org.sqlite.core.CorePreparedStatement.<init>(CorePreparedStatement.java:40)
	at org.sqlite.jdbc3.JDBC3PreparedStatement.<init>(JDBC3PreparedStatement.java:29)
	at org.sqlite.jdbc4.JDBC4PreparedStatement.<init>(JDBC4PreparedStatement.java:18)
	at org.sqlite.jdbc4.JDBC4Connection.prepareStatement(JDBC4Connection.java:47)
	at org.sqlite.jdbc3.JDBC3Connection.prepareStatement(JDBC3Connection.java:251)
	at org.sqlite.jdbc3.JDBC3Connection.prepareStatement(JDBC3Connection.java:223)
	at com.genfare.pos.core.data.loader.EquipmentLoader.load(EquipmentLoader.java:240)
	at com.genfare.pos.core.data.loader.EquipmentLoader.loadEquipment(EquipmentLoader.java:224)
	at com.genfare.pos.core.device.Terminal.initialize(Terminal.java:166)
	at com.genfare.pos.core.converters.TerminalConverter.populateTerminal(TerminalConverter.java:433)
	at com.genfare.pos.applet.POSApplet.validateRegisterDevice(POSApplet.java:188)
	at sun.reflect.NativeMethodAccessorImpl.invoke0(Native Method)
	at sun.reflect.NativeMethodAccessorImpl.invoke(NativeMethodAccessorImpl.java:62)
	at sun.reflect.DelegatingMethodAccessorImpl.invoke(DelegatingMethodAccessorImpl.java:43)
	at java.lang.reflect.Method.invoke(Method.java:498)

Feb 11, 2019 6:19:00 PM com.genfare.pos.remote.AWSRemoteSystem uploadDeviceSetup
INFO: uploadDeviceSetup
Feb 11, 2019 6:19:00 PM com.genfare.pos.remote.AWSRemoteSystem uploadDeviceSetup
INFO: Uploading
Feb 11, 2019 6:19:00 PM com.genfare.pos.remote.AWSRemoteSystem uploadSetup
INFO: Event URL uploadSetup: api.qe.gfcp.io/services/device/v4/setup
Feb 11, 2019 6:19:00 PM com.genfare.pos.remote.AWSRemoteSystem uploadSetup
INFO: Setup body: {"header":{"tenantName":"TARC","environment":"qe","deviceType":"apos","dateSent":{"value":"2019-02-11T12:49:00","localTime":false}},"deviceSetup":{"serialNumber":"aposqe02","key":"6vunl4d413"}}
Feb 11, 2019 6:19:00 PM com.genfare.pos.remote.security.Client postTrySsl
INFO: Trying SSL URL
Feb 11, 2019 6:19:01 PM com.genfare.pos.remote.security.Client post
INFO: Outputstream written
Feb 11, 2019 6:19:01 PM com.genfare.pos.remote.security.Client post
INFO: Response Code: 200, Message: OK
Feb 11, 2019 6:19:01 PM com.genfare.pos.remote.security.Client post
INFO: Response was identified as a correct response.
Feb 11, 2019 6:19:01 PM com.genfare.pos.remote.AWSRemoteSystem uploadSetup
INFO: Success was {"deviceSetup":{"organizationName":"TARC","organizationAddress":"","organizationId":2,"password":"3d924d4f-1731-418e-80cb-00eb3cac59d4","timezone":"America/New_York"}}

Feb 11, 2019 6:19:01 PM com.genfare.pos.applet.POSApplet validateRegisterDevice
INFO: result {"deviceSetup":{"organizationName":"TARC","organizationAddress":"","organizationId":2,"password":"3d924d4f-1731-418e-80cb-00eb3cac59d4","timezone":"America/New_York"}}

Feb 11, 2019 6:19:01 PM com.genfare.pos.applet.POSApplet validateRegisterDevice
INFO: Done validate register device.
Feb 11, 2019 6:19:01 PM com.genfare.pos.applet.POSApplet validateRegisterDevice
INFO: _validateRegisterDeviceResult getSuccess true
Feb 11, 2019 6:19:01 PM com.genfare.pos.applet.POSApplet validateRegisterDevice
INFO: _validateRegisterDeviceResult getMessage {"deviceSetup":{"organizationName":"TARC","organizationAddress":"","organizationId":2,"password":"3d924d4f-1731-418e-80cb-00eb3cac59d4","timezone":"America/New_York"}}

Feb 11, 2019 6:19:39 PM com.genfare.pos.core.data.loader.EquipmentLoader insert
INFO: insert()
Feb 11, 2019 6:19:39 PM com.genfare.pos.core.data.loader.ConnectionManager createTables
INFO: Creating tables
Feb 11, 2019 6:19:40 PM com.genfare.pos.core.data.loader.SchemaVersionLoader insert
INFO: insert()
Feb 11, 2019 6:19:40 PM com.genfare.pos.core.data.loader.SchemaVersionLoader insert
INFO: insert()
Feb 11, 2019 6:19:40 PM com.genfare.pos.core.data.loader.SchemaVersionLoader insert
INFO: insert()
Feb 11, 2019 6:19:40 PM com.genfare.pos.core.data.loader.SchemaVersionLoader insert
INFO: insert()
Feb 11, 2019 6:19:40 PM com.genfare.pos.core.data.loader.SchemaVersionLoader insert
INFO: insert()
Feb 11, 2019 6:19:40 PM com.genfare.pos.core.data.loader.SchemaVersionLoader insert
INFO: insert()
Feb 11, 2019 6:19:40 PM com.genfare.pos.core.device.Terminal initialize
INFO: Initializing terminal
Feb 11, 2019 6:19:40 PM com.genfare.pos.applet.POSApplet registerDevice
WARNING: Exception registering device: [SQLITE_ERROR] SQL error or missing database (table Equipment has no column named Env)
java.sql.SQLException: [SQLITE_ERROR] SQL error or missing database (table Equipment has no column named Env)
	at org.sqlite.core.DB.newSQLException(DB.java:890)
	at org.sqlite.core.DB.newSQLException(DB.java:901)
	at org.sqlite.core.DB.throwex(DB.java:868)
	at org.sqlite.core.NativeDB.prepare(Native Method)
	at org.sqlite.core.DB.prepare(DB.java:211)
	at org.sqlite.core.CorePreparedStatement.<init>(CorePreparedStatement.java:40)
	at org.sqlite.jdbc3.JDBC3PreparedStatement.<init>(JDBC3PreparedStatement.java:29)
	at org.sqlite.jdbc4.JDBC4PreparedStatement.<init>(JDBC4PreparedStatement.java:18)
	at org.sqlite.jdbc4.JDBC4Connection.prepareStatement(JDBC4Connection.java:47)
	at org.sqlite.jdbc3.JDBC3Connection.prepareStatement(JDBC3Connection.java:251)
	at org.sqlite.jdbc3.JDBC3Connection.prepareStatement(JDBC3Connection.java:223)
	at com.genfare.pos.core.data.loader.EquipmentLoader.insert(EquipmentLoader.java:133)
	at com.genfare.pos.applet.POSApplet.registerDevice(POSApplet.java:244)
	at sun.reflect.NativeMethodAccessorImpl.invoke0(Native Method)
	at sun.reflect.NativeMethodAccessorImpl.invoke(NativeMethodAccessorImpl.java:62)
	at sun.reflect.DelegatingMethodAccessorImpl.invoke(DelegatingMethodAccessorImpl.java:43)
	at java.lang.reflect.Method.invoke(Method.java:498)

Feb 11, 2019 6:20:36 PM com.genfare.pos.core.data.loader.EquipmentLoader insert
INFO: insert()
Feb 11, 2019 6:20:36 PM com.genfare.pos.core.data.loader.SchemaVersionLoader insert
INFO: insert()
Feb 11, 2019 6:20:36 PM com.genfare.pos.core.data.loader.SchemaVersionLoader insert
INFO: insert()
Feb 11, 2019 6:20:36 PM com.genfare.pos.core.data.loader.SchemaVersionLoader insert
INFO: insert()
Feb 11, 2019 6:20:36 PM com.genfare.pos.core.data.loader.SchemaVersionLoader insert
INFO: insert()
Feb 11, 2019 6:20:36 PM com.genfare.pos.core.data.loader.SchemaVersionLoader insert
INFO: insert()
Feb 11, 2019 6:20:36 PM com.genfare.pos.core.data.loader.SchemaVersionLoader insert
INFO: insert()
Feb 11, 2019 6:20:36 PM com.genfare.pos.core.data.loader.SchemaVersionLoader insert
INFO: insert()
Feb 11, 2019 6:20:36 PM com.genfare.pos.core.data.loader.SchemaVersionLoader insert
INFO: insert()
Feb 11, 2019 6:20:36 PM com.genfare.pos.core.device.Terminal initialize
INFO: Initializing terminal
Feb 11, 2019 6:20:36 PM com.genfare.pos.core.device.Terminal initialize
INFO: Initializing terminal
Feb 11, 2019 6:20:36 PM com.genfare.pos.applet.POSApplet runInitialization
INFO: Running initialization.
