Feb 18, 2019 10:03:17 AM com.genfare.pos.core.service.LogService createAndAddNewFileHandler
INFO: Parent log configured, future logs will go to log file: C:\Users\vamsi deepak\Desktop\prod_apos_electron\apos-electron/logs/APOS.1550464396859.%u.%g.log
Feb 18, 2019 10:03:17 AM com.genfare.pos.applet.POSApplet runInitialization
INFO: App mode: ${build.mode}
Feb 18, 2019 10:03:17 AM com.genfare.pos.applet.POSApplet runInitialization
INFO: EPX Mode: true
Feb 18, 2019 10:03:17 AM com.genfare.pos.core.data.loader.ConnectionManager createTables
INFO: Creating tables
Feb 18, 2019 10:03:22 AM com.genfare.pos.core.data.loader.SchemaVersionLoader insert
INFO: insert()
Feb 18, 2019 10:03:23 AM com.genfare.pos.core.data.loader.SchemaVersionLoader insert
INFO: insert()
Feb 18, 2019 10:03:23 AM com.genfare.pos.core.data.loader.SchemaVersionLoader insert
INFO: insert()
Feb 18, 2019 10:03:24 AM com.genfare.pos.core.data.loader.SchemaVersionLoader insert
INFO: insert()
Feb 18, 2019 10:03:24 AM com.genfare.pos.core.data.loader.SchemaVersionLoader insert
INFO: insert()
Feb 18, 2019 10:03:24 AM com.genfare.pos.core.data.loader.SchemaVersionLoader insert
INFO: insert()
Feb 18, 2019 10:03:25 AM com.genfare.pos.core.device.Terminal initialize
INFO: Initializing terminal
Feb 18, 2019 10:03:25 AM com.genfare.pos.core.cache.FileCacheService <init>
INFO: Starting FileCacheService.
Feb 18, 2019 10:03:25 AM com.genfare.pos.core.cache.FileCacheService <init>
INFO: Done running FileCacheService.
Feb 18, 2019 10:03:25 AM com.genfare.pos.applet.POSApplet runInitialization
INFO: Done with running initialization script.
Feb 18, 2019 10:03:28 AM com.genfare.pos.core.converters.TerminalFrontEndConverter makeJSON
INFO: Make JSON from Terminal.
Feb 18, 2019 10:03:29 AM com.genfare.pos.core.converters.TerminalFrontEndConverter makeJSON
INFO: Got TerminalConfig FrontEnd JSON.
Feb 18, 2019 10:03:39 AM com.genfare.pos.core.data.loader.EquipmentLoader insert
INFO: insert()
Feb 18, 2019 10:03:41 AM com.genfare.pos.core.data.loader.SchemaVersionLoader insert
INFO: insert()
Feb 18, 2019 10:03:42 AM com.genfare.pos.core.data.loader.SchemaVersionLoader insert
INFO: insert()
Feb 18, 2019 10:03:42 AM com.genfare.pos.core.data.loader.SchemaVersionLoader insert
INFO: insert()
Feb 18, 2019 10:03:43 AM com.genfare.pos.core.data.loader.SchemaVersionLoader insert
INFO: insert()
Feb 18, 2019 10:03:44 AM com.genfare.pos.core.data.loader.SchemaVersionLoader insert
INFO: insert()
Feb 18, 2019 10:03:45 AM com.genfare.pos.core.data.loader.SchemaVersionLoader insert
INFO: insert()
Feb 18, 2019 10:03:45 AM com.genfare.pos.core.data.loader.SchemaVersionLoader insert
INFO: insert()
Feb 18, 2019 10:03:46 AM com.genfare.pos.core.data.loader.SchemaVersionLoader insert
INFO: insert()
Feb 18, 2019 10:03:46 AM com.genfare.pos.core.device.Terminal initialize
INFO: Initializing terminal
Feb 18, 2019 10:03:46 AM com.genfare.pos.core.device.Terminal initialize
INFO: Initializing terminal
Feb 18, 2019 10:03:46 AM com.genfare.pos.applet.POSApplet runInitialization
INFO: Running initialization.
