Feb 17, 2019 10:52:14 PM com.genfare.pos.core.service.LogService createAndAddNewFileHandler
INFO: Parent log configured, future logs will go to log file: C:\Users\vamsi deepak\Desktop\prod_apos_electron\apos-electron/logs/APOS.1550424134776.%u.%g.log
Feb 17, 2019 10:52:14 PM com.genfare.pos.applet.POSApplet runInitialization
INFO: App mode: ${build.mode}
Feb 17, 2019 10:52:14 PM com.genfare.pos.applet.POSApplet runInitialization
INFO: EPX Mode: true
Feb 17, 2019 10:52:15 PM com.genfare.pos.core.data.loader.ConnectionManager createTables
INFO: Creating tables
Feb 17, 2019 10:52:17 PM com.genfare.pos.core.data.loader.SchemaVersionLoader insert
INFO: insert()
Feb 17, 2019 10:52:17 PM com.genfare.pos.core.data.loader.SchemaVersionLoader insert
INFO: insert()
Feb 17, 2019 10:52:17 PM com.genfare.pos.core.data.loader.SchemaVersionLoader insert
INFO: insert()
Feb 17, 2019 10:52:18 PM com.genfare.pos.core.data.loader.SchemaVersionLoader insert
INFO: insert()
Feb 17, 2019 10:52:18 PM com.genfare.pos.core.data.loader.SchemaVersionLoader insert
INFO: insert()
Feb 17, 2019 10:52:18 PM com.genfare.pos.core.data.loader.SchemaVersionLoader insert
INFO: insert()
Feb 17, 2019 10:52:18 PM com.genfare.pos.core.device.Terminal initialize
INFO: Initializing terminal
Feb 17, 2019 10:52:18 PM com.genfare.pos.core.cache.FileCacheService <init>
INFO: Starting FileCacheService.
Feb 17, 2019 10:52:18 PM com.genfare.pos.core.cache.FileCacheService <init>
INFO: Done running FileCacheService.
Feb 17, 2019 10:52:18 PM com.genfare.pos.applet.POSApplet runInitialization
INFO: Done with running initialization script.
Feb 17, 2019 10:52:22 PM com.genfare.pos.core.converters.TerminalFrontEndConverter makeJSON
INFO: Make JSON from Terminal.
Feb 17, 2019 10:52:23 PM com.genfare.pos.core.converters.TerminalFrontEndConverter makeJSON
INFO: Got TerminalConfig FrontEnd JSON.
Feb 17, 2019 10:52:49 PM com.genfare.pos.core.data.loader.EquipmentLoader insert
INFO: insert()
Feb 17, 2019 10:52:50 PM com.genfare.pos.core.data.loader.SchemaVersionLoader insert
INFO: insert()
Feb 17, 2019 10:52:50 PM com.genfare.pos.core.data.loader.SchemaVersionLoader insert
INFO: insert()
Feb 17, 2019 10:52:51 PM com.genfare.pos.core.data.loader.SchemaVersionLoader insert
INFO: insert()
Feb 17, 2019 10:52:51 PM com.genfare.pos.core.data.loader.SchemaVersionLoader insert
INFO: insert()
Feb 17, 2019 10:52:51 PM com.genfare.pos.core.data.loader.SchemaVersionLoader insert
INFO: insert()
Feb 17, 2019 10:52:52 PM com.genfare.pos.core.data.loader.SchemaVersionLoader insert
INFO: insert()
Feb 17, 2019 10:52:52 PM com.genfare.pos.core.data.loader.SchemaVersionLoader insert
INFO: insert()
Feb 17, 2019 10:52:52 PM com.genfare.pos.core.data.loader.SchemaVersionLoader insert
INFO: insert()
Feb 17, 2019 10:52:52 PM com.genfare.pos.core.device.Terminal initialize
INFO: Initializing terminal
Feb 17, 2019 10:52:53 PM com.genfare.pos.core.device.Terminal initialize
INFO: Initializing terminal
Feb 17, 2019 10:52:53 PM com.genfare.pos.applet.POSApplet runInitialization
INFO: Running initialization.
