Feb 11, 2019 6:21:57 PM com.genfare.pos.core.service.LogService createAndAddNewFileHandler
INFO: Parent log configured, future logs will go to log file: C:\Users\user\Desktop\apos_electron-master\apos_electron-master/logs/APOS.1549889516943.%u.%g.log
Feb 11, 2019 6:21:57 PM com.genfare.pos.applet.POSApplet runInitialization
WARNING: Exception initializing applet: null
java.lang.NullPointerException
	at java.util.Properties$LineReader.readLine(Properties.java:434)
	at java.util.Properties.load0(Properties.java:353)
	at java.util.Properties.load(Properties.java:341)
	at com.genfare.pos.applet.POSApplet.runInitialization(POSApplet.java:294)
	at sun.reflect.NativeMethodAccessorImpl.invoke0(Native Method)
	at sun.reflect.NativeMethodAccessorImpl.invoke(NativeMethodAccessorImpl.java:62)
	at sun.reflect.DelegatingMethodAccessorImpl.invoke(DelegatingMethodAccessorImpl.java:43)
	at java.lang.reflect.Method.invoke(Method.java:498)

Feb 11, 2019 6:21:59 PM com.genfare.pos.core.converters.TerminalFrontEndConverter makeJSON
INFO: Make JSON from Terminal.
Feb 11, 2019 6:21:59 PM com.genfare.pos.core.converters.TerminalFrontEndConverter makeJSON
INFO: Got TerminalConfig FrontEnd JSON.
Feb 11, 2019 6:22:59 PM com.genfare.pos.applet.POSApplet validateRegisterDevice
INFO: Validate register device serial aposqe02 key XXXXXX
Feb 11, 2019 6:22:59 PM com.genfare.pos.core.service.EnvironmentServiceImpl getByEnv
INFO: ****************************************
Feb 11, 2019 6:22:59 PM com.genfare.pos.core.service.EnvironmentServiceImpl getByEnv
INFO: Tenant: TARC, Env: qe, Schema: TARC
Feb 11, 2019 6:22:59 PM com.genfare.pos.core.service.EnvironmentServiceImpl getByEnv
INFO: ****************************************
Feb 11, 2019 6:22:59 PM com.genfare.pos.core.device.Terminal initialize
INFO: Initializing terminal
Feb 11, 2019 6:22:59 PM com.genfare.pos.remote.AWSRemoteSystem uploadDeviceSetup
INFO: uploadDeviceSetup
Feb 11, 2019 6:22:59 PM com.genfare.pos.remote.AWSRemoteSystem uploadDeviceSetup
INFO: Uploading
Feb 11, 2019 6:22:59 PM com.genfare.pos.remote.AWSRemoteSystem uploadSetup
INFO: Event URL uploadSetup: api.qe.gfcp.io/services/device/v4/setup
Feb 11, 2019 6:22:59 PM com.genfare.pos.remote.AWSRemoteSystem uploadSetup
INFO: Setup body: {"header":{"tenantName":"TARC","environment":"qe","deviceType":"apos","dateSent":{"value":"2019-02-11T12:52:59","localTime":false}},"deviceSetup":{"serialNumber":"aposqe02","key":"o7tln69p17"}}
Feb 11, 2019 6:22:59 PM com.genfare.pos.remote.security.Client postTrySsl
INFO: Trying SSL URL
Feb 11, 2019 6:23:00 PM com.genfare.pos.remote.security.Client post
INFO: Outputstream written
Feb 11, 2019 6:23:01 PM com.genfare.pos.remote.security.Client post
INFO: Response Code: 200, Message: OK
Feb 11, 2019 6:23:01 PM com.genfare.pos.remote.security.Client post
INFO: Response was identified as a correct response.
Feb 11, 2019 6:23:01 PM com.genfare.pos.remote.AWSRemoteSystem uploadSetup
INFO: Success was {"deviceSetup":{"organizationName":"TARC","organizationAddress":"","organizationId":2,"password":"7911e81a-093d-42f7-b49b-cfc33e1516fd","timezone":"America/New_York"}}

Feb 11, 2019 6:23:01 PM com.genfare.pos.applet.POSApplet validateRegisterDevice
INFO: result {"deviceSetup":{"organizationName":"TARC","organizationAddress":"","organizationId":2,"password":"7911e81a-093d-42f7-b49b-cfc33e1516fd","timezone":"America/New_York"}}

Feb 11, 2019 6:23:01 PM com.genfare.pos.applet.POSApplet validateRegisterDevice
INFO: Done validate register device.
Feb 11, 2019 6:23:01 PM com.genfare.pos.applet.POSApplet validateRegisterDevice
INFO: _validateRegisterDeviceResult getSuccess true
Feb 11, 2019 6:23:01 PM com.genfare.pos.applet.POSApplet validateRegisterDevice
INFO: _validateRegisterDeviceResult getMessage {"deviceSetup":{"organizationName":"TARC","organizationAddress":"","organizationId":2,"password":"7911e81a-093d-42f7-b49b-cfc33e1516fd","timezone":"America/New_York"}}

Feb 11, 2019 6:23:06 PM com.genfare.pos.core.data.loader.EquipmentLoader insert
INFO: insert()
Feb 11, 2019 6:23:06 PM com.genfare.pos.core.device.Terminal initialize
INFO: Initializing terminal
Feb 11, 2019 6:23:06 PM com.genfare.pos.applet.POSApplet registerDevice
WARNING: Exception registering device: [SQLITE_CONSTRAINT]  Abort due to constraint violation (UNIQUE constraint failed: Equipment.EquipmentId)
java.sql.SQLException: [SQLITE_CONSTRAINT]  Abort due to constraint violation (UNIQUE constraint failed: Equipment.EquipmentId)
	at org.sqlite.core.DB.newSQLException(DB.java:890)
	at org.sqlite.core.DB.newSQLException(DB.java:901)
	at org.sqlite.core.DB.execute(DB.java:810)
	at org.sqlite.jdbc3.JDBC3PreparedStatement.execute(JDBC3PreparedStatement.java:50)
	at com.genfare.pos.core.data.loader.EquipmentLoader.insert(EquipmentLoader.java:145)
	at com.genfare.pos.applet.POSApplet.registerDevice(POSApplet.java:244)
	at sun.reflect.NativeMethodAccessorImpl.invoke0(Native Method)
	at sun.reflect.NativeMethodAccessorImpl.invoke(NativeMethodAccessorImpl.java:62)
	at sun.reflect.DelegatingMethodAccessorImpl.invoke(DelegatingMethodAccessorImpl.java:43)
	at java.lang.reflect.Method.invoke(Method.java:498)

Feb 11, 2019 6:23:13 PM com.genfare.pos.core.data.loader.EquipmentLoader insert
INFO: insert()
Feb 11, 2019 6:23:14 PM com.genfare.pos.core.device.Terminal initialize
INFO: Initializing terminal
Feb 11, 2019 6:23:14 PM com.genfare.pos.applet.POSApplet registerDevice
WARNING: Exception registering device: [SQLITE_CONSTRAINT]  Abort due to constraint violation (UNIQUE constraint failed: Equipment.EquipmentId)
java.sql.SQLException: [SQLITE_CONSTRAINT]  Abort due to constraint violation (UNIQUE constraint failed: Equipment.EquipmentId)
	at org.sqlite.core.DB.newSQLException(DB.java:890)
	at org.sqlite.core.DB.newSQLException(DB.java:901)
	at org.sqlite.core.DB.execute(DB.java:810)
	at org.sqlite.jdbc3.JDBC3PreparedStatement.execute(JDBC3PreparedStatement.java:50)
	at com.genfare.pos.core.data.loader.EquipmentLoader.insert(EquipmentLoader.java:145)
	at com.genfare.pos.applet.POSApplet.registerDevice(POSApplet.java:244)
	at sun.reflect.NativeMethodAccessorImpl.invoke0(Native Method)
	at sun.reflect.NativeMethodAccessorImpl.invoke(NativeMethodAccessorImpl.java:62)
	at sun.reflect.DelegatingMethodAccessorImpl.invoke(DelegatingMethodAccessorImpl.java:43)
	at java.lang.reflect.Method.invoke(Method.java:498)

Feb 11, 2019 6:23:15 PM com.genfare.pos.core.data.loader.EquipmentLoader insert
INFO: insert()
Feb 11, 2019 6:23:15 PM com.genfare.pos.core.device.Terminal initialize
INFO: Initializing terminal
Feb 11, 2019 6:23:15 PM com.genfare.pos.applet.POSApplet registerDevice
WARNING: Exception registering device: [SQLITE_CONSTRAINT]  Abort due to constraint violation (UNIQUE constraint failed: Equipment.EquipmentId)
java.sql.SQLException: [SQLITE_CONSTRAINT]  Abort due to constraint violation (UNIQUE constraint failed: Equipment.EquipmentId)
	at org.sqlite.core.DB.newSQLException(DB.java:890)
	at org.sqlite.core.DB.newSQLException(DB.java:901)
	at org.sqlite.core.DB.execute(DB.java:810)
	at org.sqlite.jdbc3.JDBC3PreparedStatement.execute(JDBC3PreparedStatement.java:50)
	at com.genfare.pos.core.data.loader.EquipmentLoader.insert(EquipmentLoader.java:145)
	at com.genfare.pos.applet.POSApplet.registerDevice(POSApplet.java:244)
	at sun.reflect.NativeMethodAccessorImpl.invoke0(Native Method)
	at sun.reflect.NativeMethodAccessorImpl.invoke(NativeMethodAccessorImpl.java:62)
	at sun.reflect.DelegatingMethodAccessorImpl.invoke(DelegatingMethodAccessorImpl.java:43)
	at java.lang.reflect.Method.invoke(Method.java:498)

Feb 11, 2019 6:23:15 PM com.genfare.pos.core.data.loader.EquipmentLoader insert
INFO: insert()
Feb 11, 2019 6:23:15 PM com.genfare.pos.core.device.Terminal initialize
INFO: Initializing terminal
Feb 11, 2019 6:23:15 PM com.genfare.pos.applet.POSApplet registerDevice
WARNING: Exception registering device: [SQLITE_CONSTRAINT]  Abort due to constraint violation (UNIQUE constraint failed: Equipment.EquipmentId)
java.sql.SQLException: [SQLITE_CONSTRAINT]  Abort due to constraint violation (UNIQUE constraint failed: Equipment.EquipmentId)
	at org.sqlite.core.DB.newSQLException(DB.java:890)
	at org.sqlite.core.DB.newSQLException(DB.java:901)
	at org.sqlite.core.DB.execute(DB.java:810)
	at org.sqlite.jdbc3.JDBC3PreparedStatement.execute(JDBC3PreparedStatement.java:50)
	at com.genfare.pos.core.data.loader.EquipmentLoader.insert(EquipmentLoader.java:145)
	at com.genfare.pos.applet.POSApplet.registerDevice(POSApplet.java:244)
	at sun.reflect.NativeMethodAccessorImpl.invoke0(Native Method)
	at sun.reflect.NativeMethodAccessorImpl.invoke(NativeMethodAccessorImpl.java:62)
	at sun.reflect.DelegatingMethodAccessorImpl.invoke(DelegatingMethodAccessorImpl.java:43)
	at java.lang.reflect.Method.invoke(Method.java:498)

Feb 11, 2019 6:23:16 PM com.genfare.pos.core.data.loader.EquipmentLoader insert
INFO: insert()
Feb 11, 2019 6:23:16 PM com.genfare.pos.core.device.Terminal initialize
INFO: Initializing terminal
Feb 11, 2019 6:23:16 PM com.genfare.pos.applet.POSApplet registerDevice
WARNING: Exception registering device: [SQLITE_CONSTRAINT]  Abort due to constraint violation (UNIQUE constraint failed: Equipment.EquipmentId)
java.sql.SQLException: [SQLITE_CONSTRAINT]  Abort due to constraint violation (UNIQUE constraint failed: Equipment.EquipmentId)
	at org.sqlite.core.DB.newSQLException(DB.java:890)
	at org.sqlite.core.DB.newSQLException(DB.java:901)
	at org.sqlite.core.DB.execute(DB.java:810)
	at org.sqlite.jdbc3.JDBC3PreparedStatement.execute(JDBC3PreparedStatement.java:50)
	at com.genfare.pos.core.data.loader.EquipmentLoader.insert(EquipmentLoader.java:145)
	at com.genfare.pos.applet.POSApplet.registerDevice(POSApplet.java:244)
	at sun.reflect.NativeMethodAccessorImpl.invoke0(Native Method)
	at sun.reflect.NativeMethodAccessorImpl.invoke(NativeMethodAccessorImpl.java:62)
	at sun.reflect.DelegatingMethodAccessorImpl.invoke(DelegatingMethodAccessorImpl.java:43)
	at java.lang.reflect.Method.invoke(Method.java:498)

Feb 11, 2019 6:23:16 PM com.genfare.pos.core.data.loader.EquipmentLoader insert
INFO: insert()
Feb 11, 2019 6:23:16 PM com.genfare.pos.core.device.Terminal initialize
INFO: Initializing terminal
Feb 11, 2019 6:23:16 PM com.genfare.pos.applet.POSApplet registerDevice
WARNING: Exception registering device: [SQLITE_CONSTRAINT]  Abort due to constraint violation (UNIQUE constraint failed: Equipment.EquipmentId)
java.sql.SQLException: [SQLITE_CONSTRAINT]  Abort due to constraint violation (UNIQUE constraint failed: Equipment.EquipmentId)
	at org.sqlite.core.DB.newSQLException(DB.java:890)
	at org.sqlite.core.DB.newSQLException(DB.java:901)
	at org.sqlite.core.DB.execute(DB.java:810)
	at org.sqlite.jdbc3.JDBC3PreparedStatement.execute(JDBC3PreparedStatement.java:50)
	at com.genfare.pos.core.data.loader.EquipmentLoader.insert(EquipmentLoader.java:145)
	at com.genfare.pos.applet.POSApplet.registerDevice(POSApplet.java:244)
	at sun.reflect.NativeMethodAccessorImpl.invoke0(Native Method)
	at sun.reflect.NativeMethodAccessorImpl.invoke(NativeMethodAccessorImpl.java:62)
	at sun.reflect.DelegatingMethodAccessorImpl.invoke(DelegatingMethodAccessorImpl.java:43)
	at java.lang.reflect.Method.invoke(Method.java:498)

Feb 11, 2019 6:23:16 PM com.genfare.pos.core.data.loader.EquipmentLoader insert
INFO: insert()
Feb 11, 2019 6:23:16 PM com.genfare.pos.core.device.Terminal initialize
INFO: Initializing terminal
Feb 11, 2019 6:23:16 PM com.genfare.pos.applet.POSApplet registerDevice
WARNING: Exception registering device: [SQLITE_CONSTRAINT]  Abort due to constraint violation (UNIQUE constraint failed: Equipment.EquipmentId)
java.sql.SQLException: [SQLITE_CONSTRAINT]  Abort due to constraint violation (UNIQUE constraint failed: Equipment.EquipmentId)
	at org.sqlite.core.DB.newSQLException(DB.java:890)
	at org.sqlite.core.DB.newSQLException(DB.java:901)
	at org.sqlite.core.DB.execute(DB.java:810)
	at org.sqlite.jdbc3.JDBC3PreparedStatement.execute(JDBC3PreparedStatement.java:50)
	at com.genfare.pos.core.data.loader.EquipmentLoader.insert(EquipmentLoader.java:145)
	at com.genfare.pos.applet.POSApplet.registerDevice(POSApplet.java:244)
	at sun.reflect.NativeMethodAccessorImpl.invoke0(Native Method)
	at sun.reflect.NativeMethodAccessorImpl.invoke(NativeMethodAccessorImpl.java:62)
	at sun.reflect.DelegatingMethodAccessorImpl.invoke(DelegatingMethodAccessorImpl.java:43)
	at java.lang.reflect.Method.invoke(Method.java:498)

Feb 11, 2019 6:23:16 PM com.genfare.pos.core.data.loader.EquipmentLoader insert
INFO: insert()
Feb 11, 2019 6:23:16 PM com.genfare.pos.core.device.Terminal initialize
INFO: Initializing terminal
Feb 11, 2019 6:23:16 PM com.genfare.pos.applet.POSApplet registerDevice
WARNING: Exception registering device: [SQLITE_CONSTRAINT]  Abort due to constraint violation (UNIQUE constraint failed: Equipment.EquipmentId)
java.sql.SQLException: [SQLITE_CONSTRAINT]  Abort due to constraint violation (UNIQUE constraint failed: Equipment.EquipmentId)
	at org.sqlite.core.DB.newSQLException(DB.java:890)
	at org.sqlite.core.DB.newSQLException(DB.java:901)
	at org.sqlite.core.DB.execute(DB.java:810)
	at org.sqlite.jdbc3.JDBC3PreparedStatement.execute(JDBC3PreparedStatement.java:50)
	at com.genfare.pos.core.data.loader.EquipmentLoader.insert(EquipmentLoader.java:145)
	at com.genfare.pos.applet.POSApplet.registerDevice(POSApplet.java:244)
	at sun.reflect.NativeMethodAccessorImpl.invoke0(Native Method)
	at sun.reflect.NativeMethodAccessorImpl.invoke(NativeMethodAccessorImpl.java:62)
	at sun.reflect.DelegatingMethodAccessorImpl.invoke(DelegatingMethodAccessorImpl.java:43)
	at java.lang.reflect.Method.invoke(Method.java:498)

Feb 11, 2019 6:23:16 PM com.genfare.pos.core.data.loader.EquipmentLoader insert
INFO: insert()
Feb 11, 2019 6:23:16 PM com.genfare.pos.core.device.Terminal initialize
INFO: Initializing terminal
Feb 11, 2019 6:23:16 PM com.genfare.pos.applet.POSApplet registerDevice
WARNING: Exception registering device: [SQLITE_CONSTRAINT]  Abort due to constraint violation (UNIQUE constraint failed: Equipment.EquipmentId)
java.sql.SQLException: [SQLITE_CONSTRAINT]  Abort due to constraint violation (UNIQUE constraint failed: Equipment.EquipmentId)
	at org.sqlite.core.DB.newSQLException(DB.java:890)
	at org.sqlite.core.DB.newSQLException(DB.java:901)
	at org.sqlite.core.DB.execute(DB.java:810)
	at org.sqlite.jdbc3.JDBC3PreparedStatement.execute(JDBC3PreparedStatement.java:50)
	at com.genfare.pos.core.data.loader.EquipmentLoader.insert(EquipmentLoader.java:145)
	at com.genfare.pos.applet.POSApplet.registerDevice(POSApplet.java:244)
	at sun.reflect.NativeMethodAccessorImpl.invoke0(Native Method)
	at sun.reflect.NativeMethodAccessorImpl.invoke(NativeMethodAccessorImpl.java:62)
	at sun.reflect.DelegatingMethodAccessorImpl.invoke(DelegatingMethodAccessorImpl.java:43)
	at java.lang.reflect.Method.invoke(Method.java:498)

Feb 11, 2019 6:23:16 PM com.genfare.pos.core.data.loader.EquipmentLoader insert
INFO: insert()
Feb 11, 2019 6:23:17 PM com.genfare.pos.core.device.Terminal initialize
INFO: Initializing terminal
Feb 11, 2019 6:23:17 PM com.genfare.pos.applet.POSApplet registerDevice
WARNING: Exception registering device: [SQLITE_CONSTRAINT]  Abort due to constraint violation (UNIQUE constraint failed: Equipment.EquipmentId)
java.sql.SQLException: [SQLITE_CONSTRAINT]  Abort due to constraint violation (UNIQUE constraint failed: Equipment.EquipmentId)
	at org.sqlite.core.DB.newSQLException(DB.java:890)
	at org.sqlite.core.DB.newSQLException(DB.java:901)
	at org.sqlite.core.DB.execute(DB.java:810)
	at org.sqlite.jdbc3.JDBC3PreparedStatement.execute(JDBC3PreparedStatement.java:50)
	at com.genfare.pos.core.data.loader.EquipmentLoader.insert(EquipmentLoader.java:145)
	at com.genfare.pos.applet.POSApplet.registerDevice(POSApplet.java:244)
	at sun.reflect.NativeMethodAccessorImpl.invoke0(Native Method)
	at sun.reflect.NativeMethodAccessorImpl.invoke(NativeMethodAccessorImpl.java:62)
	at sun.reflect.DelegatingMethodAccessorImpl.invoke(DelegatingMethodAccessorImpl.java:43)
	at java.lang.reflect.Method.invoke(Method.java:498)

Feb 11, 2019 6:23:17 PM com.genfare.pos.core.data.loader.EquipmentLoader insert
INFO: insert()
Feb 11, 2019 6:23:17 PM com.genfare.pos.core.device.Terminal initialize
INFO: Initializing terminal
Feb 11, 2019 6:23:17 PM com.genfare.pos.applet.POSApplet registerDevice
WARNING: Exception registering device: [SQLITE_CONSTRAINT]  Abort due to constraint violation (UNIQUE constraint failed: Equipment.EquipmentId)
java.sql.SQLException: [SQLITE_CONSTRAINT]  Abort due to constraint violation (UNIQUE constraint failed: Equipment.EquipmentId)
	at org.sqlite.core.DB.newSQLException(DB.java:890)
	at org.sqlite.core.DB.newSQLException(DB.java:901)
	at org.sqlite.core.DB.execute(DB.java:810)
	at org.sqlite.jdbc3.JDBC3PreparedStatement.execute(JDBC3PreparedStatement.java:50)
	at com.genfare.pos.core.data.loader.EquipmentLoader.insert(EquipmentLoader.java:145)
	at com.genfare.pos.applet.POSApplet.registerDevice(POSApplet.java:244)
	at sun.reflect.NativeMethodAccessorImpl.invoke0(Native Method)
	at sun.reflect.NativeMethodAccessorImpl.invoke(NativeMethodAccessorImpl.java:62)
	at sun.reflect.DelegatingMethodAccessorImpl.invoke(DelegatingMethodAccessorImpl.java:43)
	at java.lang.reflect.Method.invoke(Method.java:498)

Feb 11, 2019 6:23:17 PM com.genfare.pos.core.data.loader.EquipmentLoader insert
INFO: insert()
Feb 11, 2019 6:23:17 PM com.genfare.pos.core.device.Terminal initialize
INFO: Initializing terminal
Feb 11, 2019 6:23:17 PM com.genfare.pos.applet.POSApplet registerDevice
WARNING: Exception registering device: [SQLITE_CONSTRAINT]  Abort due to constraint violation (UNIQUE constraint failed: Equipment.EquipmentId)
java.sql.SQLException: [SQLITE_CONSTRAINT]  Abort due to constraint violation (UNIQUE constraint failed: Equipment.EquipmentId)
	at org.sqlite.core.DB.newSQLException(DB.java:890)
	at org.sqlite.core.DB.newSQLException(DB.java:901)
	at org.sqlite.core.DB.execute(DB.java:810)
	at org.sqlite.jdbc3.JDBC3PreparedStatement.execute(JDBC3PreparedStatement.java:50)
	at com.genfare.pos.core.data.loader.EquipmentLoader.insert(EquipmentLoader.java:145)
	at com.genfare.pos.applet.POSApplet.registerDevice(POSApplet.java:244)
	at sun.reflect.NativeMethodAccessorImpl.invoke0(Native Method)
	at sun.reflect.NativeMethodAccessorImpl.invoke(NativeMethodAccessorImpl.java:62)
	at sun.reflect.DelegatingMethodAccessorImpl.invoke(DelegatingMethodAccessorImpl.java:43)
	at java.lang.reflect.Method.invoke(Method.java:498)

Feb 11, 2019 6:23:17 PM com.genfare.pos.core.data.loader.EquipmentLoader insert
INFO: insert()
Feb 11, 2019 6:23:17 PM com.genfare.pos.core.device.Terminal initialize
INFO: Initializing terminal
Feb 11, 2019 6:23:17 PM com.genfare.pos.applet.POSApplet registerDevice
WARNING: Exception registering device: [SQLITE_CONSTRAINT]  Abort due to constraint violation (UNIQUE constraint failed: Equipment.EquipmentId)
java.sql.SQLException: [SQLITE_CONSTRAINT]  Abort due to constraint violation (UNIQUE constraint failed: Equipment.EquipmentId)
	at org.sqlite.core.DB.newSQLException(DB.java:890)
	at org.sqlite.core.DB.newSQLException(DB.java:901)
	at org.sqlite.core.DB.execute(DB.java:810)
	at org.sqlite.jdbc3.JDBC3PreparedStatement.execute(JDBC3PreparedStatement.java:50)
	at com.genfare.pos.core.data.loader.EquipmentLoader.insert(EquipmentLoader.java:145)
	at com.genfare.pos.applet.POSApplet.registerDevice(POSApplet.java:244)
	at sun.reflect.NativeMethodAccessorImpl.invoke0(Native Method)
	at sun.reflect.NativeMethodAccessorImpl.invoke(NativeMethodAccessorImpl.java:62)
	at sun.reflect.DelegatingMethodAccessorImpl.invoke(DelegatingMethodAccessorImpl.java:43)
	at java.lang.reflect.Method.invoke(Method.java:498)

Feb 11, 2019 6:23:17 PM com.genfare.pos.core.data.loader.EquipmentLoader insert
INFO: insert()
Feb 11, 2019 6:23:17 PM com.genfare.pos.core.device.Terminal initialize
INFO: Initializing terminal
Feb 11, 2019 6:23:17 PM com.genfare.pos.applet.POSApplet registerDevice
WARNING: Exception registering device: [SQLITE_CONSTRAINT]  Abort due to constraint violation (UNIQUE constraint failed: Equipment.EquipmentId)
java.sql.SQLException: [SQLITE_CONSTRAINT]  Abort due to constraint violation (UNIQUE constraint failed: Equipment.EquipmentId)
	at org.sqlite.core.DB.newSQLException(DB.java:890)
	at org.sqlite.core.DB.newSQLException(DB.java:901)
	at org.sqlite.core.DB.execute(DB.java:810)
	at org.sqlite.jdbc3.JDBC3PreparedStatement.execute(JDBC3PreparedStatement.java:50)
	at com.genfare.pos.core.data.loader.EquipmentLoader.insert(EquipmentLoader.java:145)
	at com.genfare.pos.applet.POSApplet.registerDevice(POSApplet.java:244)
	at sun.reflect.NativeMethodAccessorImpl.invoke0(Native Method)
	at sun.reflect.NativeMethodAccessorImpl.invoke(NativeMethodAccessorImpl.java:62)
	at sun.reflect.DelegatingMethodAccessorImpl.invoke(DelegatingMethodAccessorImpl.java:43)
	at java.lang.reflect.Method.invoke(Method.java:498)

Feb 11, 2019 6:23:17 PM com.genfare.pos.core.data.loader.EquipmentLoader insert
INFO: insert()
Feb 11, 2019 6:23:18 PM com.genfare.pos.core.device.Terminal initialize
INFO: Initializing terminal
Feb 11, 2019 6:23:18 PM com.genfare.pos.applet.POSApplet registerDevice
WARNING: Exception registering device: [SQLITE_CONSTRAINT]  Abort due to constraint violation (UNIQUE constraint failed: Equipment.EquipmentId)
java.sql.SQLException: [SQLITE_CONSTRAINT]  Abort due to constraint violation (UNIQUE constraint failed: Equipment.EquipmentId)
	at org.sqlite.core.DB.newSQLException(DB.java:890)
	at org.sqlite.core.DB.newSQLException(DB.java:901)
	at org.sqlite.core.DB.execute(DB.java:810)
	at org.sqlite.jdbc3.JDBC3PreparedStatement.execute(JDBC3PreparedStatement.java:50)
	at com.genfare.pos.core.data.loader.EquipmentLoader.insert(EquipmentLoader.java:145)
	at com.genfare.pos.applet.POSApplet.registerDevice(POSApplet.java:244)
	at sun.reflect.NativeMethodAccessorImpl.invoke0(Native Method)
	at sun.reflect.NativeMethodAccessorImpl.invoke(NativeMethodAccessorImpl.java:62)
	at sun.reflect.DelegatingMethodAccessorImpl.invoke(DelegatingMethodAccessorImpl.java:43)
	at java.lang.reflect.Method.invoke(Method.java:498)

Feb 11, 2019 6:23:18 PM com.genfare.pos.core.data.loader.EquipmentLoader insert
INFO: insert()
Feb 11, 2019 6:23:18 PM com.genfare.pos.core.device.Terminal initialize
INFO: Initializing terminal
Feb 11, 2019 6:23:18 PM com.genfare.pos.applet.POSApplet registerDevice
WARNING: Exception registering device: [SQLITE_CONSTRAINT]  Abort due to constraint violation (UNIQUE constraint failed: Equipment.EquipmentId)
java.sql.SQLException: [SQLITE_CONSTRAINT]  Abort due to constraint violation (UNIQUE constraint failed: Equipment.EquipmentId)
	at org.sqlite.core.DB.newSQLException(DB.java:890)
	at org.sqlite.core.DB.newSQLException(DB.java:901)
	at org.sqlite.core.DB.execute(DB.java:810)
	at org.sqlite.jdbc3.JDBC3PreparedStatement.execute(JDBC3PreparedStatement.java:50)
	at com.genfare.pos.core.data.loader.EquipmentLoader.insert(EquipmentLoader.java:145)
	at com.genfare.pos.applet.POSApplet.registerDevice(POSApplet.java:244)
	at sun.reflect.NativeMethodAccessorImpl.invoke0(Native Method)
	at sun.reflect.NativeMethodAccessorImpl.invoke(NativeMethodAccessorImpl.java:62)
	at sun.reflect.DelegatingMethodAccessorImpl.invoke(DelegatingMethodAccessorImpl.java:43)
	at java.lang.reflect.Method.invoke(Method.java:498)

Feb 11, 2019 6:23:19 PM com.genfare.pos.core.data.loader.EquipmentLoader insert
INFO: insert()
Feb 11, 2019 6:23:19 PM com.genfare.pos.core.device.Terminal initialize
INFO: Initializing terminal
Feb 11, 2019 6:23:19 PM com.genfare.pos.applet.POSApplet registerDevice
WARNING: Exception registering device: [SQLITE_CONSTRAINT]  Abort due to constraint violation (UNIQUE constraint failed: Equipment.EquipmentId)
java.sql.SQLException: [SQLITE_CONSTRAINT]  Abort due to constraint violation (UNIQUE constraint failed: Equipment.EquipmentId)
	at org.sqlite.core.DB.newSQLException(DB.java:890)
	at org.sqlite.core.DB.newSQLException(DB.java:901)
	at org.sqlite.core.DB.execute(DB.java:810)
	at org.sqlite.jdbc3.JDBC3PreparedStatement.execute(JDBC3PreparedStatement.java:50)
	at com.genfare.pos.core.data.loader.EquipmentLoader.insert(EquipmentLoader.java:145)
	at com.genfare.pos.applet.POSApplet.registerDevice(POSApplet.java:244)
	at sun.reflect.GeneratedMethodAccessor6.invoke(Unknown Source)
	at sun.reflect.DelegatingMethodAccessorImpl.invoke(DelegatingMethodAccessorImpl.java:43)
	at java.lang.reflect.Method.invoke(Method.java:498)

Feb 11, 2019 6:23:22 PM com.genfare.pos.core.data.loader.EquipmentLoader insert
INFO: insert()
Feb 11, 2019 6:23:22 PM com.genfare.pos.core.device.Terminal initialize
INFO: Initializing terminal
Feb 11, 2019 6:23:22 PM com.genfare.pos.applet.POSApplet registerDevice
WARNING: Exception registering device: [SQLITE_CONSTRAINT]  Abort due to constraint violation (UNIQUE constraint failed: Equipment.EquipmentId)
java.sql.SQLException: [SQLITE_CONSTRAINT]  Abort due to constraint violation (UNIQUE constraint failed: Equipment.EquipmentId)
	at org.sqlite.core.DB.newSQLException(DB.java:890)
	at org.sqlite.core.DB.newSQLException(DB.java:901)
	at org.sqlite.core.DB.execute(DB.java:810)
	at org.sqlite.jdbc3.JDBC3PreparedStatement.execute(JDBC3PreparedStatement.java:50)
	at com.genfare.pos.core.data.loader.EquipmentLoader.insert(EquipmentLoader.java:145)
	at com.genfare.pos.applet.POSApplet.registerDevice(POSApplet.java:244)
	at sun.reflect.GeneratedMethodAccessor6.invoke(Unknown Source)
	at sun.reflect.DelegatingMethodAccessorImpl.invoke(DelegatingMethodAccessorImpl.java:43)
	at java.lang.reflect.Method.invoke(Method.java:498)

Feb 11, 2019 6:23:23 PM com.genfare.pos.core.data.loader.EquipmentLoader insert
INFO: insert()
Feb 11, 2019 6:23:23 PM com.genfare.pos.core.device.Terminal initialize
INFO: Initializing terminal
Feb 11, 2019 6:23:23 PM com.genfare.pos.applet.POSApplet registerDevice
WARNING: Exception registering device: [SQLITE_CONSTRAINT]  Abort due to constraint violation (UNIQUE constraint failed: Equipment.EquipmentId)
java.sql.SQLException: [SQLITE_CONSTRAINT]  Abort due to constraint violation (UNIQUE constraint failed: Equipment.EquipmentId)
	at org.sqlite.core.DB.newSQLException(DB.java:890)
	at org.sqlite.core.DB.newSQLException(DB.java:901)
	at org.sqlite.core.DB.execute(DB.java:810)
	at org.sqlite.jdbc3.JDBC3PreparedStatement.execute(JDBC3PreparedStatement.java:50)
	at com.genfare.pos.core.data.loader.EquipmentLoader.insert(EquipmentLoader.java:145)
	at com.genfare.pos.applet.POSApplet.registerDevice(POSApplet.java:244)
	at sun.reflect.GeneratedMethodAccessor6.invoke(Unknown Source)
	at sun.reflect.DelegatingMethodAccessorImpl.invoke(DelegatingMethodAccessorImpl.java:43)
	at java.lang.reflect.Method.invoke(Method.java:498)

Feb 11, 2019 6:24:54 PM com.genfare.pos.core.data.loader.EquipmentLoader insert
INFO: insert()
Feb 11, 2019 6:24:54 PM com.genfare.pos.core.device.Terminal initialize
INFO: Initializing terminal
Feb 11, 2019 6:24:54 PM com.genfare.pos.applet.POSApplet registerDevice
WARNING: Exception registering device: [SQLITE_CONSTRAINT]  Abort due to constraint violation (UNIQUE constraint failed: Equipment.EquipmentId)
java.sql.SQLException: [SQLITE_CONSTRAINT]  Abort due to constraint violation (UNIQUE constraint failed: Equipment.EquipmentId)
	at org.sqlite.core.DB.newSQLException(DB.java:890)
	at org.sqlite.core.DB.newSQLException(DB.java:901)
	at org.sqlite.core.DB.execute(DB.java:810)
	at org.sqlite.jdbc3.JDBC3PreparedStatement.execute(JDBC3PreparedStatement.java:50)
	at com.genfare.pos.core.data.loader.EquipmentLoader.insert(EquipmentLoader.java:145)
	at com.genfare.pos.applet.POSApplet.registerDevice(POSApplet.java:244)
	at sun.reflect.GeneratedMethodAccessor6.invoke(Unknown Source)
	at sun.reflect.DelegatingMethodAccessorImpl.invoke(DelegatingMethodAccessorImpl.java:43)
	at java.lang.reflect.Method.invoke(Method.java:498)

Feb 11, 2019 6:24:55 PM com.genfare.pos.core.data.loader.EquipmentLoader insert
INFO: insert()
Feb 11, 2019 6:24:55 PM com.genfare.pos.core.device.Terminal initialize
INFO: Initializing terminal
Feb 11, 2019 6:24:55 PM com.genfare.pos.applet.POSApplet registerDevice
WARNING: Exception registering device: [SQLITE_CONSTRAINT]  Abort due to constraint violation (UNIQUE constraint failed: Equipment.EquipmentId)
java.sql.SQLException: [SQLITE_CONSTRAINT]  Abort due to constraint violation (UNIQUE constraint failed: Equipment.EquipmentId)
	at org.sqlite.core.DB.newSQLException(DB.java:890)
	at org.sqlite.core.DB.newSQLException(DB.java:901)
	at org.sqlite.core.DB.execute(DB.java:810)
	at org.sqlite.jdbc3.JDBC3PreparedStatement.execute(JDBC3PreparedStatement.java:50)
	at com.genfare.pos.core.data.loader.EquipmentLoader.insert(EquipmentLoader.java:145)
	at com.genfare.pos.applet.POSApplet.registerDevice(POSApplet.java:244)
	at sun.reflect.GeneratedMethodAccessor6.invoke(Unknown Source)
	at sun.reflect.DelegatingMethodAccessorImpl.invoke(DelegatingMethodAccessorImpl.java:43)
	at java.lang.reflect.Method.invoke(Method.java:498)

Feb 11, 2019 6:24:55 PM com.genfare.pos.core.data.loader.EquipmentLoader insert
INFO: insert()
Feb 11, 2019 6:24:55 PM com.genfare.pos.core.device.Terminal initialize
INFO: Initializing terminal
Feb 11, 2019 6:24:55 PM com.genfare.pos.applet.POSApplet registerDevice
WARNING: Exception registering device: [SQLITE_CONSTRAINT]  Abort due to constraint violation (UNIQUE constraint failed: Equipment.EquipmentId)
java.sql.SQLException: [SQLITE_CONSTRAINT]  Abort due to constraint violation (UNIQUE constraint failed: Equipment.EquipmentId)
	at org.sqlite.core.DB.newSQLException(DB.java:890)
	at org.sqlite.core.DB.newSQLException(DB.java:901)
	at org.sqlite.core.DB.execute(DB.java:810)
	at org.sqlite.jdbc3.JDBC3PreparedStatement.execute(JDBC3PreparedStatement.java:50)
	at com.genfare.pos.core.data.loader.EquipmentLoader.insert(EquipmentLoader.java:145)
	at com.genfare.pos.applet.POSApplet.registerDevice(POSApplet.java:244)
	at sun.reflect.GeneratedMethodAccessor6.invoke(Unknown Source)
	at sun.reflect.DelegatingMethodAccessorImpl.invoke(DelegatingMethodAccessorImpl.java:43)
	at java.lang.reflect.Method.invoke(Method.java:498)

Feb 11, 2019 6:24:56 PM com.genfare.pos.core.data.loader.EquipmentLoader insert
INFO: insert()
Feb 11, 2019 6:24:56 PM com.genfare.pos.core.device.Terminal initialize
INFO: Initializing terminal
Feb 11, 2019 6:24:56 PM com.genfare.pos.applet.POSApplet registerDevice
WARNING: Exception registering device: [SQLITE_CONSTRAINT]  Abort due to constraint violation (UNIQUE constraint failed: Equipment.EquipmentId)
java.sql.SQLException: [SQLITE_CONSTRAINT]  Abort due to constraint violation (UNIQUE constraint failed: Equipment.EquipmentId)
	at org.sqlite.core.DB.newSQLException(DB.java:890)
	at org.sqlite.core.DB.newSQLException(DB.java:901)
	at org.sqlite.core.DB.execute(DB.java:810)
	at org.sqlite.jdbc3.JDBC3PreparedStatement.execute(JDBC3PreparedStatement.java:50)
	at com.genfare.pos.core.data.loader.EquipmentLoader.insert(EquipmentLoader.java:145)
	at com.genfare.pos.applet.POSApplet.registerDevice(POSApplet.java:244)
	at sun.reflect.GeneratedMethodAccessor6.invoke(Unknown Source)
	at sun.reflect.DelegatingMethodAccessorImpl.invoke(DelegatingMethodAccessorImpl.java:43)
	at java.lang.reflect.Method.invoke(Method.java:498)

Feb 11, 2019 6:24:56 PM com.genfare.pos.core.data.loader.EquipmentLoader insert
INFO: insert()
Feb 11, 2019 6:24:56 PM com.genfare.pos.core.device.Terminal initialize
INFO: Initializing terminal
Feb 11, 2019 6:24:56 PM com.genfare.pos.applet.POSApplet registerDevice
WARNING: Exception registering device: [SQLITE_CONSTRAINT]  Abort due to constraint violation (UNIQUE constraint failed: Equipment.EquipmentId)
java.sql.SQLException: [SQLITE_CONSTRAINT]  Abort due to constraint violation (UNIQUE constraint failed: Equipment.EquipmentId)
	at org.sqlite.core.DB.newSQLException(DB.java:890)
	at org.sqlite.core.DB.newSQLException(DB.java:901)
	at org.sqlite.core.DB.execute(DB.java:810)
	at org.sqlite.jdbc3.JDBC3PreparedStatement.execute(JDBC3PreparedStatement.java:50)
	at com.genfare.pos.core.data.loader.EquipmentLoader.insert(EquipmentLoader.java:145)
	at com.genfare.pos.applet.POSApplet.registerDevice(POSApplet.java:244)
	at sun.reflect.GeneratedMethodAccessor6.invoke(Unknown Source)
	at sun.reflect.DelegatingMethodAccessorImpl.invoke(DelegatingMethodAccessorImpl.java:43)
	at java.lang.reflect.Method.invoke(Method.java:498)

Feb 11, 2019 6:24:56 PM com.genfare.pos.core.data.loader.EquipmentLoader insert
INFO: insert()
Feb 11, 2019 6:24:56 PM com.genfare.pos.core.device.Terminal initialize
INFO: Initializing terminal
Feb 11, 2019 6:24:56 PM com.genfare.pos.applet.POSApplet registerDevice
WARNING: Exception registering device: [SQLITE_CONSTRAINT]  Abort due to constraint violation (UNIQUE constraint failed: Equipment.EquipmentId)
java.sql.SQLException: [SQLITE_CONSTRAINT]  Abort due to constraint violation (UNIQUE constraint failed: Equipment.EquipmentId)
	at org.sqlite.core.DB.newSQLException(DB.java:890)
	at org.sqlite.core.DB.newSQLException(DB.java:901)
	at org.sqlite.core.DB.execute(DB.java:810)
	at org.sqlite.jdbc3.JDBC3PreparedStatement.execute(JDBC3PreparedStatement.java:50)
	at com.genfare.pos.core.data.loader.EquipmentLoader.insert(EquipmentLoader.java:145)
	at com.genfare.pos.applet.POSApplet.registerDevice(POSApplet.java:244)
	at sun.reflect.GeneratedMethodAccessor6.invoke(Unknown Source)
	at sun.reflect.DelegatingMethodAccessorImpl.invoke(DelegatingMethodAccessorImpl.java:43)
	at java.lang.reflect.Method.invoke(Method.java:498)

Feb 11, 2019 6:25:02 PM com.genfare.pos.core.data.loader.EquipmentLoader insert
INFO: insert()
Feb 11, 2019 6:25:02 PM com.genfare.pos.core.device.Terminal initialize
INFO: Initializing terminal
Feb 11, 2019 6:25:02 PM com.genfare.pos.applet.POSApplet registerDevice
WARNING: Exception registering device: [SQLITE_CONSTRAINT]  Abort due to constraint violation (UNIQUE constraint failed: Equipment.EquipmentId)
java.sql.SQLException: [SQLITE_CONSTRAINT]  Abort due to constraint violation (UNIQUE constraint failed: Equipment.EquipmentId)
	at org.sqlite.core.DB.newSQLException(DB.java:890)
	at org.sqlite.core.DB.newSQLException(DB.java:901)
	at org.sqlite.core.DB.execute(DB.java:810)
	at org.sqlite.jdbc3.JDBC3PreparedStatement.execute(JDBC3PreparedStatement.java:50)
	at com.genfare.pos.core.data.loader.EquipmentLoader.insert(EquipmentLoader.java:145)
	at com.genfare.pos.applet.POSApplet.registerDevice(POSApplet.java:244)
	at sun.reflect.GeneratedMethodAccessor6.invoke(Unknown Source)
	at sun.reflect.DelegatingMethodAccessorImpl.invoke(DelegatingMethodAccessorImpl.java:43)
	at java.lang.reflect.Method.invoke(Method.java:498)

Feb 11, 2019 6:25:02 PM com.genfare.pos.core.data.loader.EquipmentLoader insert
INFO: insert()
Feb 11, 2019 6:25:03 PM com.genfare.pos.core.device.Terminal initialize
INFO: Initializing terminal
Feb 11, 2019 6:25:03 PM com.genfare.pos.applet.POSApplet registerDevice
WARNING: Exception registering device: [SQLITE_CONSTRAINT]  Abort due to constraint violation (UNIQUE constraint failed: Equipment.EquipmentId)
java.sql.SQLException: [SQLITE_CONSTRAINT]  Abort due to constraint violation (UNIQUE constraint failed: Equipment.EquipmentId)
	at org.sqlite.core.DB.newSQLException(DB.java:890)
	at org.sqlite.core.DB.newSQLException(DB.java:901)
	at org.sqlite.core.DB.execute(DB.java:810)
	at org.sqlite.jdbc3.JDBC3PreparedStatement.execute(JDBC3PreparedStatement.java:50)
	at com.genfare.pos.core.data.loader.EquipmentLoader.insert(EquipmentLoader.java:145)
	at com.genfare.pos.applet.POSApplet.registerDevice(POSApplet.java:244)
	at sun.reflect.GeneratedMethodAccessor6.invoke(Unknown Source)
	at sun.reflect.DelegatingMethodAccessorImpl.invoke(DelegatingMethodAccessorImpl.java:43)
	at java.lang.reflect.Method.invoke(Method.java:498)

Feb 11, 2019 6:25:03 PM com.genfare.pos.core.data.loader.EquipmentLoader insert
INFO: insert()
Feb 11, 2019 6:25:03 PM com.genfare.pos.core.device.Terminal initialize
INFO: Initializing terminal
Feb 11, 2019 6:25:03 PM com.genfare.pos.applet.POSApplet registerDevice
WARNING: Exception registering device: [SQLITE_CONSTRAINT]  Abort due to constraint violation (UNIQUE constraint failed: Equipment.EquipmentId)
java.sql.SQLException: [SQLITE_CONSTRAINT]  Abort due to constraint violation (UNIQUE constraint failed: Equipment.EquipmentId)
	at org.sqlite.core.DB.newSQLException(DB.java:890)
	at org.sqlite.core.DB.newSQLException(DB.java:901)
	at org.sqlite.core.DB.execute(DB.java:810)
	at org.sqlite.jdbc3.JDBC3PreparedStatement.execute(JDBC3PreparedStatement.java:50)
	at com.genfare.pos.core.data.loader.EquipmentLoader.insert(EquipmentLoader.java:145)
	at com.genfare.pos.applet.POSApplet.registerDevice(POSApplet.java:244)
	at sun.reflect.GeneratedMethodAccessor6.invoke(Unknown Source)
	at sun.reflect.DelegatingMethodAccessorImpl.invoke(DelegatingMethodAccessorImpl.java:43)
	at java.lang.reflect.Method.invoke(Method.java:498)

Feb 11, 2019 6:25:03 PM com.genfare.pos.core.data.loader.EquipmentLoader insert
INFO: insert()
Feb 11, 2019 6:25:03 PM com.genfare.pos.core.device.Terminal initialize
INFO: Initializing terminal
Feb 11, 2019 6:25:03 PM com.genfare.pos.applet.POSApplet registerDevice
WARNING: Exception registering device: [SQLITE_CONSTRAINT]  Abort due to constraint violation (UNIQUE constraint failed: Equipment.EquipmentId)
java.sql.SQLException: [SQLITE_CONSTRAINT]  Abort due to constraint violation (UNIQUE constraint failed: Equipment.EquipmentId)
	at org.sqlite.core.DB.newSQLException(DB.java:890)
	at org.sqlite.core.DB.newSQLException(DB.java:901)
	at org.sqlite.core.DB.execute(DB.java:810)
	at org.sqlite.jdbc3.JDBC3PreparedStatement.execute(JDBC3PreparedStatement.java:50)
	at com.genfare.pos.core.data.loader.EquipmentLoader.insert(EquipmentLoader.java:145)
	at com.genfare.pos.applet.POSApplet.registerDevice(POSApplet.java:244)
	at sun.reflect.GeneratedMethodAccessor6.invoke(Unknown Source)
	at sun.reflect.DelegatingMethodAccessorImpl.invoke(DelegatingMethodAccessorImpl.java:43)
	at java.lang.reflect.Method.invoke(Method.java:498)

Feb 11, 2019 6:25:03 PM com.genfare.pos.core.data.loader.EquipmentLoader insert
INFO: insert()
Feb 11, 2019 6:25:03 PM com.genfare.pos.core.device.Terminal initialize
INFO: Initializing terminal
Feb 11, 2019 6:25:03 PM com.genfare.pos.applet.POSApplet registerDevice
WARNING: Exception registering device: [SQLITE_CONSTRAINT]  Abort due to constraint violation (UNIQUE constraint failed: Equipment.EquipmentId)
java.sql.SQLException: [SQLITE_CONSTRAINT]  Abort due to constraint violation (UNIQUE constraint failed: Equipment.EquipmentId)
	at org.sqlite.core.DB.newSQLException(DB.java:890)
	at org.sqlite.core.DB.newSQLException(DB.java:901)
	at org.sqlite.core.DB.execute(DB.java:810)
	at org.sqlite.jdbc3.JDBC3PreparedStatement.execute(JDBC3PreparedStatement.java:50)
	at com.genfare.pos.core.data.loader.EquipmentLoader.insert(EquipmentLoader.java:145)
	at com.genfare.pos.applet.POSApplet.registerDevice(POSApplet.java:244)
	at sun.reflect.GeneratedMethodAccessor6.invoke(Unknown Source)
	at sun.reflect.DelegatingMethodAccessorImpl.invoke(DelegatingMethodAccessorImpl.java:43)
	at java.lang.reflect.Method.invoke(Method.java:498)

Feb 11, 2019 6:25:03 PM com.genfare.pos.core.data.loader.EquipmentLoader insert
INFO: insert()
Feb 11, 2019 6:25:03 PM com.genfare.pos.core.device.Terminal initialize
INFO: Initializing terminal
Feb 11, 2019 6:25:03 PM com.genfare.pos.applet.POSApplet registerDevice
WARNING: Exception registering device: [SQLITE_CONSTRAINT]  Abort due to constraint violation (UNIQUE constraint failed: Equipment.EquipmentId)
java.sql.SQLException: [SQLITE_CONSTRAINT]  Abort due to constraint violation (UNIQUE constraint failed: Equipment.EquipmentId)
	at org.sqlite.core.DB.newSQLException(DB.java:890)
	at org.sqlite.core.DB.newSQLException(DB.java:901)
	at org.sqlite.core.DB.execute(DB.java:810)
	at org.sqlite.jdbc3.JDBC3PreparedStatement.execute(JDBC3PreparedStatement.java:50)
	at com.genfare.pos.core.data.loader.EquipmentLoader.insert(EquipmentLoader.java:145)
	at com.genfare.pos.applet.POSApplet.registerDevice(POSApplet.java:244)
	at sun.reflect.GeneratedMethodAccessor6.invoke(Unknown Source)
	at sun.reflect.DelegatingMethodAccessorImpl.invoke(DelegatingMethodAccessorImpl.java:43)
	at java.lang.reflect.Method.invoke(Method.java:498)

Feb 11, 2019 6:25:03 PM com.genfare.pos.core.data.loader.EquipmentLoader insert
INFO: insert()
Feb 11, 2019 6:25:03 PM com.genfare.pos.core.device.Terminal initialize
INFO: Initializing terminal
Feb 11, 2019 6:25:03 PM com.genfare.pos.applet.POSApplet registerDevice
WARNING: Exception registering device: [SQLITE_CONSTRAINT]  Abort due to constraint violation (UNIQUE constraint failed: Equipment.EquipmentId)
java.sql.SQLException: [SQLITE_CONSTRAINT]  Abort due to constraint violation (UNIQUE constraint failed: Equipment.EquipmentId)
	at org.sqlite.core.DB.newSQLException(DB.java:890)
	at org.sqlite.core.DB.newSQLException(DB.java:901)
	at org.sqlite.core.DB.execute(DB.java:810)
	at org.sqlite.jdbc3.JDBC3PreparedStatement.execute(JDBC3PreparedStatement.java:50)
	at com.genfare.pos.core.data.loader.EquipmentLoader.insert(EquipmentLoader.java:145)
	at com.genfare.pos.applet.POSApplet.registerDevice(POSApplet.java:244)
	at sun.reflect.GeneratedMethodAccessor6.invoke(Unknown Source)
	at sun.reflect.DelegatingMethodAccessorImpl.invoke(DelegatingMethodAccessorImpl.java:43)
	at java.lang.reflect.Method.invoke(Method.java:498)

Feb 11, 2019 6:25:04 PM com.genfare.pos.core.data.loader.EquipmentLoader insert
INFO: insert()
Feb 11, 2019 6:25:04 PM com.genfare.pos.core.device.Terminal initialize
INFO: Initializing terminal
Feb 11, 2019 6:25:04 PM com.genfare.pos.applet.POSApplet registerDevice
WARNING: Exception registering device: [SQLITE_CONSTRAINT]  Abort due to constraint violation (UNIQUE constraint failed: Equipment.EquipmentId)
java.sql.SQLException: [SQLITE_CONSTRAINT]  Abort due to constraint violation (UNIQUE constraint failed: Equipment.EquipmentId)
	at org.sqlite.core.DB.newSQLException(DB.java:890)
	at org.sqlite.core.DB.newSQLException(DB.java:901)
	at org.sqlite.core.DB.execute(DB.java:810)
	at org.sqlite.jdbc3.JDBC3PreparedStatement.execute(JDBC3PreparedStatement.java:50)
	at com.genfare.pos.core.data.loader.EquipmentLoader.insert(EquipmentLoader.java:145)
	at com.genfare.pos.applet.POSApplet.registerDevice(POSApplet.java:244)
	at sun.reflect.GeneratedMethodAccessor6.invoke(Unknown Source)
	at sun.reflect.DelegatingMethodAccessorImpl.invoke(DelegatingMethodAccessorImpl.java:43)
	at java.lang.reflect.Method.invoke(Method.java:498)

Feb 11, 2019 6:25:36 PM com.genfare.pos.core.data.loader.EquipmentLoader insert
INFO: insert()
Feb 11, 2019 6:25:36 PM com.genfare.pos.core.device.Terminal initialize
INFO: Initializing terminal
Feb 11, 2019 6:25:36 PM com.genfare.pos.applet.POSApplet registerDevice
WARNING: Exception registering device: [SQLITE_CONSTRAINT]  Abort due to constraint violation (UNIQUE constraint failed: Equipment.EquipmentId)
java.sql.SQLException: [SQLITE_CONSTRAINT]  Abort due to constraint violation (UNIQUE constraint failed: Equipment.EquipmentId)
	at org.sqlite.core.DB.newSQLException(DB.java:890)
	at org.sqlite.core.DB.newSQLException(DB.java:901)
	at org.sqlite.core.DB.execute(DB.java:810)
	at org.sqlite.jdbc3.JDBC3PreparedStatement.execute(JDBC3PreparedStatement.java:50)
	at com.genfare.pos.core.data.loader.EquipmentLoader.insert(EquipmentLoader.java:145)
	at com.genfare.pos.applet.POSApplet.registerDevice(POSApplet.java:244)
	at sun.reflect.GeneratedMethodAccessor6.invoke(Unknown Source)
	at sun.reflect.DelegatingMethodAccessorImpl.invoke(DelegatingMethodAccessorImpl.java:43)
	at java.lang.reflect.Method.invoke(Method.java:498)

