Mar 26, 2019 10:45:16 AM com.genfare.pos.core.service.LogService createAndAddNewFileHandler
INFO: Parent log configured, future logs will go to log file: C:\Users\user\Desktop\APOS_NEW\apos-electron/logs/APOS.1553577316234.%u.%g.log
Mar 26, 2019 10:45:16 AM com.genfare.pos.remote.AWSRemoteSystem uploadLogFile
INFO: Uploading log file: APOS.1553577225452.0.0.log
Mar 26, 2019 10:45:17 AM com.genfare.pos.remote.AWSRemoteSystem uploadLogFile
INFO: Successfully uploaded log file to S3
Mar 26, 2019 10:45:17 AM com.genfare.pos.remote.AWSRemoteSystem uploadLogFile
INFO: Log File deleted
Mar 26, 2019 10:45:17 AM com.genfare.pos.remote.AWSRemoteSystem uploadLogFile
INFO: Uploading log file: APOS.1553577274760.0.0.log
Mar 26, 2019 10:45:19 AM com.genfare.pos.remote.AWSRemoteSystem uploadLogFile
INFO: Successfully uploaded log file to S3
Mar 26, 2019 10:45:19 AM com.genfare.pos.remote.AWSRemoteSystem uploadLogFile
INFO: Log File deleted
Mar 26, 2019 10:45:19 AM com.genfare.pos.remote.sync.SyncService runSync
INFO: Finished running sync service and error state was = false
Mar 26, 2019 10:45:19 AM com.genfare.pos.remote.sync.SyncService runSync
INFO: Sync success!
Mar 26, 2019 10:45:20 AM com.genfare.pos.core.data.loader.ConnectionManager openConnection
INFO: Connection object ------------>org.sqlite.SQLiteConnection@f6450d0
Mar 26, 2019 10:45:20 AM com.genfare.pos.core.data.loader.ConnectionManager <init>
INFO: absolute path for db directory ----------------:C:\Users\user\Desktop\APOS_NEW\apos-electron/data
Mar 26, 2019 10:45:20 AM com.genfare.pos.core.data.loader.ConnectionManager cleanupDatabase
INFO: Cleaning up database
Mar 26, 2019 10:45:20 AM com.genfare.pos.core.data.loader.ConnectionManager <init>
INFO: absolute path for db directory ----------------:C:\Users\user\Desktop\APOS_NEW\apos-electron/data
Mar 26, 2019 10:45:20 AM com.genfare.pos.core.data.loader.AutoloadLoader purge
INFO: Purging processed autoload records earlier than 2019-02-24 10:45:20
Mar 26, 2019 10:45:20 AM com.genfare.pos.core.data.loader.ConnectionManager openConnection
INFO: Connection object ------------>org.sqlite.SQLiteConnection@3e732572
Mar 26, 2019 10:45:20 AM com.genfare.pos.core.data.loader.AutoloadLoader purge
INFO: Purged 0 records
Mar 26, 2019 10:45:20 AM com.genfare.pos.core.data.loader.ConnectionManager <init>
INFO: absolute path for db directory ----------------:C:\Users\user\Desktop\APOS_NEW\apos-electron/data
Mar 26, 2019 10:45:20 AM com.genfare.pos.core.data.loader.DiagnosticLoader purge
INFO: Purging processed diagnostic records earlier than 2019-02-24 10:45:20
Mar 26, 2019 10:45:20 AM com.genfare.pos.core.data.loader.ConnectionManager openConnection
INFO: Connection object ------------>org.sqlite.SQLiteConnection@2cf4a763
Mar 26, 2019 10:45:20 AM com.genfare.pos.core.data.loader.DiagnosticLoader purge
INFO: Purged 0 records
Mar 26, 2019 10:45:20 AM com.genfare.pos.core.data.loader.ConnectionManager <init>
INFO: absolute path for db directory ----------------:C:\Users\user\Desktop\APOS_NEW\apos-electron/data
Mar 26, 2019 10:45:20 AM com.genfare.pos.core.data.loader.EventLoader purge
INFO: Purging processed event records earlier than 2019-02-24 10:45:20
Mar 26, 2019 10:45:20 AM com.genfare.pos.core.data.loader.ConnectionManager openConnection
INFO: Connection object ------------>org.sqlite.SQLiteConnection@5b2e84e9
Mar 26, 2019 10:45:20 AM com.genfare.pos.core.data.loader.EventLoader purge
INFO: Purged 0 records
Mar 26, 2019 10:45:20 AM com.genfare.pos.core.data.loader.ConnectionManager <init>
INFO: absolute path for db directory ----------------:C:\Users\user\Desktop\APOS_NEW\apos-electron/data
Mar 26, 2019 10:45:20 AM com.genfare.pos.core.data.loader.LoginLoader purge
INFO: Purging processed login records earlier than 2019-02-24 10:45:20
Mar 26, 2019 10:45:20 AM com.genfare.pos.core.data.loader.ConnectionManager openConnection
INFO: Connection object ------------>org.sqlite.SQLiteConnection@76e1bd8c
Mar 26, 2019 10:45:20 AM com.genfare.pos.core.data.loader.LoginLoader purge
INFO: Purged 0 records
Mar 26, 2019 10:45:20 AM com.genfare.pos.core.data.loader.ConnectionManager <init>
INFO: absolute path for db directory ----------------:C:\Users\user\Desktop\APOS_NEW\apos-electron/data
Mar 26, 2019 10:45:20 AM com.genfare.pos.core.data.loader.PaymentLoader purge
INFO: Purging processed payment records earlier than 2019-02-24 10:45:20
Mar 26, 2019 10:45:20 AM com.genfare.pos.core.data.loader.ConnectionManager openConnection
INFO: Connection object ------------>org.sqlite.SQLiteConnection@511e5e97
Mar 26, 2019 10:45:20 AM com.genfare.pos.core.data.loader.PaymentLoader purge
INFO: Purged 0 records
Mar 26, 2019 10:45:20 AM com.genfare.pos.core.data.loader.ConnectionManager <init>
INFO: absolute path for db directory ----------------:C:\Users\user\Desktop\APOS_NEW\apos-electron/data
Mar 26, 2019 10:45:20 AM com.genfare.pos.core.data.loader.ProductLineItemLoader purge
INFO: Purging processed product line item records earlier than 2019-02-24 10:45:20
Mar 26, 2019 10:45:20 AM com.genfare.pos.core.data.loader.ConnectionManager openConnection
INFO: Connection object ------------>org.sqlite.SQLiteConnection@58d83468
Mar 26, 2019 10:45:20 AM com.genfare.pos.core.data.loader.ProductLineItemLoader purge
INFO: Purged 0 records
Mar 26, 2019 10:45:20 AM com.genfare.pos.core.data.loader.ConnectionManager <init>
INFO: absolute path for db directory ----------------:C:\Users\user\Desktop\APOS_NEW\apos-electron/data
Mar 26, 2019 10:45:20 AM com.genfare.pos.core.data.loader.WalletContentLoader purge
INFO: Purging processed wallet content records earlier than 2019-02-24 10:45:20
Mar 26, 2019 10:45:20 AM com.genfare.pos.core.data.loader.ConnectionManager openConnection
INFO: Connection object ------------>org.sqlite.SQLiteConnection@77feea56
Mar 26, 2019 10:45:20 AM com.genfare.pos.core.data.loader.WalletContentLoader purge
INFO: Purged 0 records
Mar 26, 2019 10:45:20 AM com.genfare.pos.core.data.loader.ConnectionManager <init>
INFO: absolute path for db directory ----------------:C:\Users\user\Desktop\APOS_NEW\apos-electron/data
Mar 26, 2019 10:45:20 AM com.genfare.pos.core.data.loader.ConnectionManager <init>
INFO: absolute path for db directory ----------------:C:\Users\user\Desktop\APOS_NEW\apos-electron/data
Mar 26, 2019 10:45:20 AM com.genfare.pos.core.data.loader.WalletLineItemLoader purge
INFO: Purging processed wallet line item records earlier than 2019-02-24 10:45:20
Mar 26, 2019 10:45:20 AM com.genfare.pos.core.data.loader.ConnectionManager openConnection
INFO: Connection object ------------>org.sqlite.SQLiteConnection@c8824f8
Mar 26, 2019 10:45:20 AM com.genfare.pos.core.data.loader.WalletLineItemLoader purge
INFO: Purged 0 records
Mar 26, 2019 10:45:20 AM com.genfare.pos.core.data.loader.ConnectionManager <init>
INFO: absolute path for db directory ----------------:C:\Users\user\Desktop\APOS_NEW\apos-electron/data
Mar 26, 2019 10:45:20 AM com.genfare.pos.core.data.loader.ConnectionManager <init>
INFO: absolute path for db directory ----------------:C:\Users\user\Desktop\APOS_NEW\apos-electron/data
Mar 26, 2019 10:45:20 AM com.genfare.pos.core.data.loader.ConnectionManager <init>
INFO: absolute path for db directory ----------------:C:\Users\user\Desktop\APOS_NEW\apos-electron/data
Mar 26, 2019 10:45:20 AM com.genfare.pos.core.data.loader.ConnectionManager <init>
INFO: absolute path for db directory ----------------:C:\Users\user\Desktop\APOS_NEW\apos-electron/data
Mar 26, 2019 10:45:20 AM com.genfare.pos.core.data.loader.ConnectionManager <init>
INFO: absolute path for db directory ----------------:C:\Users\user\Desktop\APOS_NEW\apos-electron/data
Mar 26, 2019 10:45:20 AM com.genfare.pos.core.data.loader.PosTransactionLoader purge
INFO: Purging processed transaction records earlier than 2019-02-24 10:45:20
Mar 26, 2019 10:45:20 AM com.genfare.pos.core.data.loader.ConnectionManager openConnection
INFO: Connection object ------------>org.sqlite.SQLiteConnection@2f413918
Mar 26, 2019 10:45:20 AM com.genfare.pos.core.data.loader.PosTransactionLoader purge
INFO: Purged 0 records
Mar 26, 2019 10:45:20 AM com.genfare.pos.remote.sync.SyncJobListener jobWasExecuted
INFO: Listener for sync reports job finished.
