Feb 18, 2019 1:09:24 AM com.genfare.pos.core.service.LogService createAndAddNewFileHandler
INFO: Parent log configured, future logs will go to log file: C:\Users\vamsi deepak\Desktop\prod_apos_electron\apos-electron/logs/APOS.1550432364097.%u.%g.log
Feb 18, 2019 1:09:24 AM com.genfare.pos.applet.POSApplet runInitialization
INFO: App mode: ${build.mode}
Feb 18, 2019 1:09:24 AM com.genfare.pos.applet.POSApplet runInitialization
INFO: EPX Mode: true
Feb 18, 2019 1:09:24 AM com.genfare.pos.core.data.loader.ConnectionManager createTables
INFO: Creating tables
Feb 18, 2019 1:09:27 AM com.genfare.pos.core.data.loader.SchemaVersionLoader insert
INFO: insert()
Feb 18, 2019 1:09:27 AM com.genfare.pos.core.data.loader.SchemaVersionLoader insert
INFO: insert()
Feb 18, 2019 1:09:27 AM com.genfare.pos.core.data.loader.SchemaVersionLoader insert
INFO: insert()
Feb 18, 2019 1:09:27 AM com.genfare.pos.core.data.loader.SchemaVersionLoader insert
INFO: insert()
Feb 18, 2019 1:09:28 AM com.genfare.pos.core.data.loader.SchemaVersionLoader insert
INFO: insert()
Feb 18, 2019 1:09:28 AM com.genfare.pos.core.data.loader.SchemaVersionLoader insert
INFO: insert()
Feb 18, 2019 1:09:28 AM com.genfare.pos.core.device.Terminal initialize
INFO: Initializing terminal
Feb 18, 2019 1:09:28 AM com.genfare.pos.core.cache.FileCacheService <init>
INFO: Starting FileCacheService.
Feb 18, 2019 1:09:28 AM com.genfare.pos.core.cache.FileCacheService <init>
INFO: Done running FileCacheService.
Feb 18, 2019 1:09:28 AM com.genfare.pos.applet.POSApplet runInitialization
INFO: Done with running initialization script.
Feb 18, 2019 1:09:32 AM com.genfare.pos.core.converters.TerminalFrontEndConverter makeJSON
INFO: Make JSON from Terminal.
Feb 18, 2019 1:09:33 AM com.genfare.pos.core.converters.TerminalFrontEndConverter makeJSON
INFO: Got TerminalConfig FrontEnd JSON.
Feb 18, 2019 1:09:46 AM com.genfare.pos.core.data.loader.EquipmentLoader insert
INFO: insert()
Feb 18, 2019 1:09:46 AM com.genfare.pos.core.data.loader.SchemaVersionLoader insert
INFO: insert()
Feb 18, 2019 1:09:47 AM com.genfare.pos.core.data.loader.SchemaVersionLoader insert
INFO: insert()
Feb 18, 2019 1:09:47 AM com.genfare.pos.core.data.loader.SchemaVersionLoader insert
INFO: insert()
Feb 18, 2019 1:09:47 AM com.genfare.pos.core.data.loader.SchemaVersionLoader insert
INFO: insert()
Feb 18, 2019 1:09:48 AM com.genfare.pos.core.data.loader.SchemaVersionLoader insert
INFO: insert()
Feb 18, 2019 1:09:48 AM com.genfare.pos.core.data.loader.SchemaVersionLoader insert
INFO: insert()
Feb 18, 2019 1:09:48 AM com.genfare.pos.core.data.loader.SchemaVersionLoader insert
INFO: insert()
Feb 18, 2019 1:09:49 AM com.genfare.pos.core.data.loader.SchemaVersionLoader insert
INFO: insert()
Feb 18, 2019 1:09:49 AM com.genfare.pos.core.device.Terminal initialize
INFO: Initializing terminal
Feb 18, 2019 1:09:49 AM com.genfare.pos.core.device.Terminal initialize
INFO: Initializing terminal
Feb 18, 2019 1:09:49 AM com.genfare.pos.applet.POSApplet runInitialization
INFO: Running initialization.
