Feb 18, 2019 1:40:54 AM com.genfare.pos.core.service.LogService createAndAddNewFileHandler
INFO: Parent log configured, future logs will go to log file: C:\Users\vamsi deepak\Desktop\prod_apos_electron\apos-electron/logs/APOS.1550434254356.%u.%g.log
Feb 18, 2019 1:40:54 AM com.genfare.pos.applet.POSApplet runInitialization
INFO: App mode: ${build.mode}
Feb 18, 2019 1:40:54 AM com.genfare.pos.applet.POSApplet runInitialization
INFO: EPX Mode: true
Feb 18, 2019 1:40:54 AM com.genfare.pos.core.device.Terminal initialize
INFO: Initializing terminal
Feb 18, 2019 1:40:54 AM com.genfare.pos.core.cache.FileCacheService <init>
INFO: Starting FileCacheService.
Feb 18, 2019 1:40:54 AM com.genfare.pos.core.cache.FileCacheService <init>
INFO: Done running FileCacheService.
Feb 18, 2019 1:40:54 AM com.genfare.pos.applet.POSApplet runInitialization
INFO: Connection manager reported it is set up.
Feb 18, 2019 1:40:54 AM com.genfare.pos.core.service.EnvironmentServiceImpl getByEnv
INFO: ****************************************
Feb 18, 2019 1:40:54 AM com.genfare.pos.core.service.EnvironmentServiceImpl getByEnv
INFO: Tenant: TARC, Env: qe, Schema: TARC
Feb 18, 2019 1:40:54 AM com.genfare.pos.core.service.EnvironmentServiceImpl getByEnv
INFO: ****************************************
Feb 18, 2019 1:40:54 AM com.genfare.pos.core.device.Terminal initialize
INFO: Initializing terminal
Feb 18, 2019 1:40:54 AM com.genfare.pos.core.cache.FileCacheService initFromCache
INFO: initFromCache()
Feb 18, 2019 1:40:54 AM com.genfare.pos.core.cache.FileCacheService loadTerminalConfig
INFO: loadTerminalConfig()
Feb 18, 2019 1:40:54 AM com.genfare.pos.core.cache.FileCacheService loadStoredData
INFO: loadStoredData
Feb 18, 2019 1:40:54 AM com.genfare.pos.core.cache.FileCacheService loadStoredData
INFO: File does not exist: C:\Users\vamsi deepak\Desktop\prod_apos_electron\apos-electron/data/cache/TERMINAL_CONFIG_DATA
Feb 18, 2019 1:40:54 AM com.genfare.pos.core.cache.FileCacheService loadTerminalConfig
INFO: Cached Terminal Config file is null
Feb 18, 2019 1:40:54 AM com.genfare.pos.core.cache.FileCacheService loadFareTable
INFO: loadFareTable()
Feb 18, 2019 1:40:54 AM com.genfare.pos.core.cache.FileCacheService loadStoredData
INFO: loadStoredData
Feb 18, 2019 1:40:54 AM com.genfare.pos.core.cache.FileCacheService loadStoredData
INFO: File does not exist: C:\Users\vamsi deepak\Desktop\prod_apos_electron\apos-electron/data/cache/FARE_TABLE_DATA
Feb 18, 2019 1:40:54 AM com.genfare.pos.core.cache.FileCacheService loadFareTable
INFO: Cached Fare Table file is null
Feb 18, 2019 1:40:54 AM com.genfare.pos.core.cache.FileCacheService loadProductCatalog
INFO: loadProductCatalog()
Feb 18, 2019 1:40:54 AM com.genfare.pos.core.cache.FileCacheService loadStoredData
INFO: loadStoredData
Feb 18, 2019 1:40:54 AM com.genfare.pos.core.cache.FileCacheService loadStoredData
INFO: File does not exist: C:\Users\vamsi deepak\Desktop\prod_apos_electron\apos-electron/data/cache/PRODUCT_CATALOG_DATA
Feb 18, 2019 1:40:54 AM com.genfare.pos.core.cache.FileCacheService loadProductCatalog
INFO: Cached Product Catalog file is null
Feb 18, 2019 1:40:54 AM com.genfare.pos.core.cache.FileCacheService loadAutoload
INFO: loadAutoload()
Feb 18, 2019 1:40:54 AM com.genfare.pos.core.cache.FileCacheService loadStoredData
INFO: loadStoredData
Feb 18, 2019 1:40:54 AM com.genfare.pos.core.cache.FileCacheService loadStoredData
INFO: File does not exist: C:\Users\vamsi deepak\Desktop\prod_apos_electron\apos-electron/data/cache/AUTOLOAD_DATA
Feb 18, 2019 1:40:54 AM com.genfare.pos.core.cache.FileCacheService loadAutoload
INFO: Cached Autoload file is null
Feb 18, 2019 1:40:54 AM com.genfare.pos.core.cache.FileCacheService loadPeople
INFO: loadPeople()
Feb 18, 2019 1:40:54 AM com.genfare.pos.core.cache.FileCacheService loadStoredData
INFO: loadStoredData
Feb 18, 2019 1:40:54 AM com.genfare.pos.core.cache.FileCacheService loadStoredData
INFO: File does not exist: C:\Users\vamsi deepak\Desktop\prod_apos_electron\apos-electron/data/cache/PEOPLE_DATA
Feb 18, 2019 1:40:54 AM com.genfare.pos.core.cache.FileCacheService loadPeople
INFO: Cached People file is null
Feb 18, 2019 1:40:54 AM com.genfare.pos.core.cache.FileCacheService initFromCache
INFO: User list IS null
Feb 18, 2019 1:40:54 AM com.genfare.pos.core.device.pinpad.PinpadManager init
INFO: PindpadManager.init()!!
Feb 18, 2019 1:40:54 AM com.genfare.pos.core.device.pinpad.PinpadManager init
INFO: Pinpad not initialized, initializing...
Feb 18, 2019 1:40:54 AM com.genfare.pos.applet.POSApplet runInitialization
WARNING: Error initializing pinpad: Unable to load library 'EdgeLiteWrapperC': Native library (win32-x86-64/EdgeLiteWrapperC.dll) not found in resource path ([file:/C:/Users/vamsi%20deepak/Desktop/prod_apos_electron/apos-electron/node_modules/java/commons-lang3-node-java.jar, file:/C:/Users/vamsi%20deepak/Desktop/prod_apos_electron/apos-electron/node_modules/java/src-java/, file:/C:/Users/vamsi%20deepak/Desktop/prod_apos_electron/apos-electron/javajars/activation-1.1.jar, file:/C:/Users/vamsi%20deepak/Desktop/prod_apos_electron/apos-electron/javajars/aspectjweaver-1.6.12.jar, file:/C:/Users/vamsi%20deepak/Desktop/prod_apos_electron/apos-electron/javajars/aws-java-sdk-core-1.10.14.jar, file:/C:/Users/vamsi%20deepak/Desktop/prod_apos_electron/apos-electron/javajars/aws-java-sdk-kms-1.10.14.jar, file:/C:/Users/vamsi%20deepak/Desktop/prod_apos_electron/apos-electron/javajars/aws-java-sdk-s3-1.10.14.jar, file:/C:/Users/vamsi%20deepak/Desktop/prod_apos_electron/apos-electron/javajars/c3p0-0.9.1.1.jar, file:/C:/Users/vamsi%20deepak/Desktop/prod_apos_electron/apos-electron/javajars/commons-codec-1.6.jar, file:/C:/Users/vamsi%20deepak/Desktop/prod_apos_electron/apos-electron/javajars/commons-collections-3.2.1.jar, file:/C:/Users/vamsi%20deepak/Desktop/prod_apos_electron/apos-electron/javajars/commons-logging-1.1.3.jar, file:/C:/Users/vamsi%20deepak/Desktop/prod_apos_electron/apos-electron/javajars/GenfareSmartCard-4.0.0.jar, file:/C:/Users/vamsi%20deepak/Desktop/prod_apos_electron/apos-electron/javajars/GenfareSmartCard-4.0.1.jar, file:/C:/Users/vamsi%20deepak/Desktop/prod_apos_electron/apos-electron/javajars/gson-2.2.4.jar, file:/C:/Users/vamsi%20deepak/Desktop/prod_apos_electron/apos-electron/javajars/httpclient-4.3.6.jar, file:/C:/Users/vamsi%20deepak/Desktop/prod_apos_electron/apos-electron/javajars/httpcore-4.3.3.jar, file:/C:/Users/vamsi%20deepak/Desktop/prod_apos_electron/apos-electron/javajars/jackson-annotations-2.4.0.jar, file:/C:/Users/vamsi%20deepak/Desktop/prod_apos_electron/apos-electron/javajars/jackson-core-2.4.0.jar, file:/C:/Users/vamsi%20deepak/Desktop/prod_apos_electron/apos-electron/javajars/jackson-databind-2.4.0.jar, file:/C:/Users/vamsi%20deepak/Desktop/prod_apos_electron/apos-electron/javajars/jackson-module-jaxb-annotations-2.4.0.jar, file:/C:/Users/vamsi%20deepak/Desktop/prod_apos_electron/apos-electron/javajars/jna-4.0.0.jar, file:/C:/Users/vamsi%20deepak/Desktop/prod_apos_electron/apos-electron/javajars/joda-time-2.8.1.jar, file:/C:/Users/vamsi%20deepak/Desktop/prod_apos_electron/apos-electron/javajars/json-20090211.jar, file:/C:/Users/vamsi%20deepak/Desktop/prod_apos_electron/apos-electron/javajars/log4j-1.2.17.jar, file:/C:/Users/vamsi%20deepak/Desktop/prod_apos_electron/apos-electron/javajars/mail-1.4.3.jar, file:/C:/Users/vamsi%20deepak/Desktop/prod_apos_electron/apos-electron/javajars/pos-applet-1.0.0.WEBVIEW.jar, file:/C:/Users/vamsi%20deepak/Desktop/prod_apos_electron/apos-electron/javajars/pos-core-1.0.0.WEBVIEW.jar, file:/C:/Users/vamsi%20deepak/Desktop/prod_apos_electron/apos-electron/javajars/pos-remote-1.0.0.WEBVIEW.jar, file:/C:/Users/vamsi%20deepak/Desktop/prod_apos_electron/apos-electron/javajars/quartz-2.2.3.jar, file:/C:/Users/vamsi%20deepak/Desktop/prod_apos_electron/apos-electron/javajars/slf4j-api-1.6.6.jar, file:/C:/Users/vamsi%20deepak/Desktop/prod_apos_electron/apos-electron/javajars/slf4j-log4j12-1.6.6.jar, file:/C:/Users/vamsi%20deepak/Desktop/prod_apos_electron/apos-electron/javajars/spring-core-3.2.6.RELEASE.jar, file:/C:/Users/vamsi%20deepak/Desktop/prod_apos_electron/apos-electron/javajars/spring-security-crypto-3.2.0.RELEASE.jar, file:/C:/Users/vamsi%20deepak/Desktop/prod_apos_electron/apos-electron/javajars/sqlite-jdbc-3.8.7.jar, file:/C:/Users/vamsi%20deepak/Desktop/prod_apos_electron/apos-electron/javajars/stax-1.2.0.jar, file:/C:/Users/vamsi%20deepak/Desktop/prod_apos_electron/apos-electron/javajars/stax-api-1.0.1.jar, file:/C:/Users/vamsi%20deepak/Desktop/prod_apos_electron/apos-electron/])
Feb 18, 2019 1:40:54 AM com.genfare.pos.diagnostics.DiagnosticJobListener getName
INFO: Got listener name
Feb 18, 2019 1:40:54 AM com.genfare.pos.diagnostics.DiagnosticJobListener getName
INFO: Got listener name
Feb 18, 2019 1:40:54 AM com.genfare.pos.diagnostics.DiagnosticJobListener getName
INFO: Got listener name
Feb 18, 2019 1:40:54 AM com.genfare.pos.diagnostics.DiagnosticJobListener getName
INFO: Got listener name
Feb 18, 2019 1:40:54 AM com.genfare.pos.diagnostics.DiagnosticJobListener getName
INFO: Got listener name
Feb 18, 2019 1:40:54 AM com.genfare.pos.diagnostics.DiagnosticJobScheduler scheduleStandardProcess
INFO: DiagnosticScheduler has scheduled standard process
Feb 18, 2019 1:40:54 AM com.genfare.pos.remote.sync.SyncScheduler scheduleStandardSyncProcess
INFO: SyncScheduler has scheduled standard sync
Feb 18, 2019 1:40:54 AM com.genfare.pos.applet.POSApplet runInitialization
INFO: Done with running initialization script.
Feb 18, 2019 1:40:54 AM com.genfare.pos.applet.POSApplet registerDevice
INFO: Registered device.
Feb 18, 2019 1:40:54 AM com.genfare.pos.remote.sync.SyncService <init>
INFO: SyncService constructor
Feb 18, 2019 1:40:54 AM com.genfare.pos.core.cache.FileCacheService <init>
INFO: Starting FileCacheService.
Feb 18, 2019 1:40:54 AM com.genfare.pos.core.cache.FileCacheService <init>
INFO: Done running FileCacheService.
Feb 18, 2019 1:40:54 AM com.genfare.pos.remote.sync.SyncJobListener jobToBeExecuted
INFO: Listener for sync reports job scheduled.
Feb 18, 2019 1:40:54 AM com.genfare.pos.remote.sync.SyncJob execute
INFO: SyncJob executing...
Feb 18, 2019 1:40:54 AM com.genfare.pos.remote.sync.SyncService runSync
INFO: Running sync!
Feb 18, 2019 1:40:54 AM com.genfare.pos.core.device.Terminal initialize
INFO: Initializing terminal
Feb 18, 2019 1:40:55 AM com.genfare.pos.core.service.EventServiceImpl logEvent
INFO: Logging event 4 with data APOS Heartbeat
Feb 18, 2019 1:40:55 AM com.genfare.pos.core.data.loader.EventLoader insert
INFO: insert()
Feb 18, 2019 1:40:55 AM com.genfare.pos.remote.AWSRemoteSystem authenticate
INFO: Authenticating...
Feb 18, 2019 1:40:55 AM com.genfare.pos.remote.security.Client postTrySsl
INFO: Trying SSL URL
Feb 18, 2019 1:40:56 AM com.genfare.pos.remote.security.Client post
INFO: Outputstream written
Feb 18, 2019 1:40:56 AM com.genfare.pos.remote.security.Client post
INFO: Response Code: 401, Message: Unauthorized
Feb 18, 2019 1:40:56 AM com.genfare.pos.remote.security.Client post
WARNING: Error posting - Response Code: 401
Feb 18, 2019 1:40:56 AM com.genfare.pos.remote.security.Client postTrySsl
WARNING: SSL connection failed
com.genfare.pos.remote.RemoteSystemException: Error posting - Response Code: 401
	at com.genfare.pos.remote.security.Client.post(Client.java:304)
	at com.genfare.pos.remote.security.Client.postTrySsl(Client.java:163)
	at com.genfare.pos.remote.security.Client.auth(Client.java:138)
	at com.genfare.pos.remote.AWSRemoteSystem.authenticate(AWSRemoteSystem.java:223)
	at com.genfare.pos.remote.AWSRemoteSystem.authenticate(AWSRemoteSystem.java:180)
	at com.genfare.pos.remote.sync.SyncService.runSync(SyncService.java:103)
	at com.genfare.pos.remote.sync.SyncJob.execute(SyncJob.java:23)
	at org.quartz.core.JobRunShell.run(JobRunShell.java:202)
	at org.quartz.simpl.SimpleThreadPool$WorkerThread.run(SimpleThreadPool.java:573)

Feb 18, 2019 1:40:56 AM com.genfare.pos.remote.AWSRemoteSystem authenticate
WARNING: Error communicating with authentication server
com.genfare.pos.remote.RemoteSystemException: Error posting - Response Code: 401
	at com.genfare.pos.remote.security.Client.post(Client.java:304)
	at com.genfare.pos.remote.security.Client.postTrySsl(Client.java:163)
	at com.genfare.pos.remote.security.Client.auth(Client.java:138)
	at com.genfare.pos.remote.AWSRemoteSystem.authenticate(AWSRemoteSystem.java:223)
	at com.genfare.pos.remote.AWSRemoteSystem.authenticate(AWSRemoteSystem.java:180)
	at com.genfare.pos.remote.sync.SyncService.runSync(SyncService.java:103)
	at com.genfare.pos.remote.sync.SyncJob.execute(SyncJob.java:23)
	at org.quartz.core.JobRunShell.run(JobRunShell.java:202)
	at org.quartz.simpl.SimpleThreadPool$WorkerThread.run(SimpleThreadPool.java:573)

Feb 18, 2019 1:40:56 AM com.genfare.pos.remote.sync.SyncScheduler pauseSyncProcess
INFO: Sync Process paused
Feb 18, 2019 1:40:56 AM com.genfare.pos.core.cache.FileCacheService clearCache
INFO: Clear cache.
Feb 18, 2019 1:40:56 AM com.genfare.pos.core.cache.FileCacheService deleteStoredData
INFO: deleteStoredData
Feb 18, 2019 1:40:56 AM com.genfare.pos.core.cache.FileCacheService deleteStoredData
INFO: filePath: C:\Users\vamsi deepak\Desktop\prod_apos_electron\apos-electron/data/cache/AUTOLOAD_DATA
Feb 18, 2019 1:40:56 AM com.genfare.pos.core.cache.FileCacheService deleteStoredData
INFO: deleteStoredData
Feb 18, 2019 1:40:56 AM com.genfare.pos.core.cache.FileCacheService deleteStoredData
INFO: filePath: C:\Users\vamsi deepak\Desktop\prod_apos_electron\apos-electron/data/cache/FARE_TABLE_DATA
Feb 18, 2019 1:40:56 AM com.genfare.pos.core.cache.FileCacheService deleteStoredData
INFO: deleteStoredData
Feb 18, 2019 1:40:56 AM com.genfare.pos.core.cache.FileCacheService deleteStoredData
INFO: filePath: C:\Users\vamsi deepak\Desktop\prod_apos_electron\apos-electron/data/cache/PRODUCT_CATALOG_DATA
Feb 18, 2019 1:40:56 AM com.genfare.pos.core.cache.FileCacheService deleteStoredData
INFO: deleteStoredData
Feb 18, 2019 1:40:56 AM com.genfare.pos.core.cache.FileCacheService deleteStoredData
INFO: filePath: C:\Users\vamsi deepak\Desktop\prod_apos_electron\apos-electron/data/cache/TERMINAL_CONFIG_DATA
Feb 18, 2019 1:40:56 AM com.genfare.pos.core.cache.FileCacheService deleteStoredData
INFO: deleteStoredData
Feb 18, 2019 1:40:56 AM com.genfare.pos.core.cache.FileCacheService deleteStoredData
INFO: filePath: C:\Users\vamsi deepak\Desktop\prod_apos_electron\apos-electron/data/cache/PEOPLE_DATA
Feb 18, 2019 1:40:56 AM com.genfare.pos.core.device.Terminal initialize
INFO: Initializing terminal
Feb 18, 2019 1:40:56 AM com.genfare.pos.core.data.loader.ConnectionManager warningDeleteDatabase
WARNING: DELETING DATABASE!
Feb 18, 2019 1:40:56 AM com.genfare.pos.core.data.loader.ConnectionManager warningDeleteDatabase
INFO: Terminal was successfully deleted.
Feb 18, 2019 1:40:56 AM com.genfare.pos.remote.sync.SyncJobListener jobWasExecuted
INFO: Listener for sync reports job finished.
Feb 18, 2019 1:41:04 AM com.genfare.pos.diagnostics.DiagnosticJobService <init>
INFO: DiagnosticJobService constructor
Feb 18, 2019 1:41:04 AM com.genfare.pos.diagnostics.DiagnosticJobListener getName
INFO: Got listener name
Feb 18, 2019 1:41:04 AM com.genfare.pos.diagnostics.DiagnosticJobListener jobToBeExecuted
INFO: Listener for diagnostic reports job scheduled.
Feb 18, 2019 1:41:04 AM com.genfare.pos.diagnostics.DiagnosticJob execute
INFO: DiagnosticJob executing...
Feb 18, 2019 1:41:04 AM com.genfare.pos.diagnostics.DiagnosticJobService runDiagnostics
INFO: Running diagnostics!
Feb 18, 2019 1:41:05 AM com.genfare.smartcard.PrintServiceMatcher findPrinter
INFO: Found 7 attached printers.
Feb 18, 2019 1:41:05 AM com.genfare.smartcard.PrintServiceMatcher findPrinter
INFO: Printer specified: EPSON BA-T500II
Feb 18, 2019 1:41:05 AM com.genfare.smartcard.PrintServiceMatcher findPrinter
WARNING: Printer not found: EPSON BA-T500II
Feb 18, 2019 1:41:05 AM com.genfare.smartcard.PrintServiceMatcher findPrinter
INFO: Found 7 attached printers.
Feb 18, 2019 1:41:05 AM com.genfare.smartcard.PrintServiceMatcher findPrinter
INFO: Printer specified: EPSON TM-T20II
Feb 18, 2019 1:41:05 AM com.genfare.smartcard.PrintServiceMatcher findPrinter
WARNING: Printer not found: EPSON TM-T20II
Feb 18, 2019 1:41:05 AM com.genfare.smartcard.PrintServiceMatcher findPrinter
INFO: Found 7 attached printers.
Feb 18, 2019 1:41:05 AM com.genfare.smartcard.PrintServiceMatcher findPrinter
INFO: Printer specified: EPSON_TM_T20II
Feb 18, 2019 1:41:05 AM com.genfare.smartcard.PrintServiceMatcher findPrinter
WARNING: Printer not found: EPSON_TM_T20II
Feb 18, 2019 1:41:05 AM com.genfare.pos.core.service.DiagnosticServiceImpl logDiagnostic
INFO: Logging diagnostic event code 5 with reason Receipt Printer Installed: false
Feb 18, 2019 1:41:05 AM com.genfare.pos.core.data.loader.DiagnosticLoader insert
INFO: insert()
Feb 18, 2019 1:41:05 AM com.genfare.pos.core.service.DiagnosticServiceImpl logDiagnostic
WARNING: Error logging event!
java.sql.SQLException: [SQLITE_ERROR] SQL error or missing database (no such table: Diagnostic)
	at org.sqlite.core.DB.newSQLException(DB.java:890)
	at org.sqlite.core.DB.newSQLException(DB.java:901)
	at org.sqlite.core.DB.throwex(DB.java:868)
	at org.sqlite.core.NativeDB.prepare(Native Method)
	at org.sqlite.core.DB.prepare(DB.java:211)
	at org.sqlite.core.CorePreparedStatement.<init>(CorePreparedStatement.java:40)
	at org.sqlite.jdbc3.JDBC3PreparedStatement.<init>(JDBC3PreparedStatement.java:29)
	at org.sqlite.jdbc4.JDBC4PreparedStatement.<init>(JDBC4PreparedStatement.java:18)
	at org.sqlite.jdbc4.JDBC4Connection.prepareStatement(JDBC4Connection.java:47)
	at org.sqlite.jdbc3.JDBC3Connection.prepareStatement(JDBC3Connection.java:251)
	at org.sqlite.jdbc3.JDBC3Connection.prepareStatement(JDBC3Connection.java:223)
	at com.genfare.pos.core.data.loader.DiagnosticLoader.insert(DiagnosticLoader.java:144)
	at com.genfare.pos.core.service.DiagnosticServiceImpl.logDiagnostic(DiagnosticServiceImpl.java:40)
	at com.genfare.pos.diagnostics.DiagnosticJobService.checkReceiptPrinter(DiagnosticJobService.java:115)
	at com.genfare.pos.diagnostics.DiagnosticJobService.runDiagnostics(DiagnosticJobService.java:50)
	at com.genfare.pos.diagnostics.DiagnosticJob.execute(DiagnosticJob.java:23)
	at org.quartz.core.JobRunShell.run(JobRunShell.java:202)
	at org.quartz.simpl.SimpleThreadPool$WorkerThread.run(SimpleThreadPool.java:573)

Feb 18, 2019 1:41:05 AM com.genfare.smartcard.PrintServiceMatcher findPrinter
INFO: Found 7 attached printers.
Feb 18, 2019 1:41:05 AM com.genfare.smartcard.PrintServiceMatcher findPrinter
INFO: Printer specified: XP8200
Feb 18, 2019 1:41:05 AM com.genfare.smartcard.PrintServiceMatcher findPrinter
WARNING: Printer not found: XP8200
Feb 18, 2019 1:41:05 AM com.genfare.pos.core.service.DiagnosticServiceImpl logDiagnostic
INFO: Logging diagnostic event code 8 with reason Patron Display Available: false
Feb 18, 2019 1:41:05 AM com.genfare.pos.core.data.loader.DiagnosticLoader insert
INFO: insert()
Feb 18, 2019 1:41:05 AM com.genfare.pos.core.service.DiagnosticServiceImpl logDiagnostic
WARNING: Error logging event!
java.sql.SQLException: [SQLITE_ERROR] SQL error or missing database (no such table: Diagnostic)
	at org.sqlite.core.DB.newSQLException(DB.java:890)
	at org.sqlite.core.DB.newSQLException(DB.java:901)
	at org.sqlite.core.DB.throwex(DB.java:868)
	at org.sqlite.core.NativeDB.prepare(Native Method)
	at org.sqlite.core.DB.prepare(DB.java:211)
	at org.sqlite.core.CorePreparedStatement.<init>(CorePreparedStatement.java:40)
	at org.sqlite.jdbc3.JDBC3PreparedStatement.<init>(JDBC3PreparedStatement.java:29)
	at org.sqlite.jdbc4.JDBC4PreparedStatement.<init>(JDBC4PreparedStatement.java:18)
	at org.sqlite.jdbc4.JDBC4Connection.prepareStatement(JDBC4Connection.java:47)
	at org.sqlite.jdbc3.JDBC3Connection.prepareStatement(JDBC3Connection.java:251)
	at org.sqlite.jdbc3.JDBC3Connection.prepareStatement(JDBC3Connection.java:223)
	at com.genfare.pos.core.data.loader.DiagnosticLoader.insert(DiagnosticLoader.java:144)
	at com.genfare.pos.core.service.DiagnosticServiceImpl.logDiagnostic(DiagnosticServiceImpl.java:40)
	at com.genfare.pos.diagnostics.DiagnosticJobService.checkLineDisplay(DiagnosticJobService.java:123)
	at com.genfare.pos.diagnostics.DiagnosticJobService.runDiagnostics(DiagnosticJobService.java:67)
	at com.genfare.pos.diagnostics.DiagnosticJob.execute(DiagnosticJob.java:23)
	at org.quartz.core.JobRunShell.run(JobRunShell.java:202)
	at org.quartz.simpl.SimpleThreadPool$WorkerThread.run(SimpleThreadPool.java:573)

Feb 18, 2019 1:41:05 AM com.genfare.pos.core.service.DiagnosticServiceImpl logDiagnostic
INFO: Logging diagnostic event code 6 with reason Encoder Available: true
Feb 18, 2019 1:41:05 AM com.genfare.pos.core.data.loader.DiagnosticLoader insert
INFO: insert()
Feb 18, 2019 1:41:05 AM com.genfare.pos.core.service.DiagnosticServiceImpl logDiagnostic
WARNING: Error logging event!
java.sql.SQLException: [SQLITE_ERROR] SQL error or missing database (no such table: Diagnostic)
	at org.sqlite.core.DB.newSQLException(DB.java:890)
	at org.sqlite.core.DB.newSQLException(DB.java:901)
	at org.sqlite.core.DB.throwex(DB.java:868)
	at org.sqlite.core.NativeDB.prepare(Native Method)
	at org.sqlite.core.DB.prepare(DB.java:211)
	at org.sqlite.core.CorePreparedStatement.<init>(CorePreparedStatement.java:40)
	at org.sqlite.jdbc3.JDBC3PreparedStatement.<init>(JDBC3PreparedStatement.java:29)
	at org.sqlite.jdbc4.JDBC4PreparedStatement.<init>(JDBC4PreparedStatement.java:18)
	at org.sqlite.jdbc4.JDBC4Connection.prepareStatement(JDBC4Connection.java:47)
	at org.sqlite.jdbc3.JDBC3Connection.prepareStatement(JDBC3Connection.java:251)
	at org.sqlite.jdbc3.JDBC3Connection.prepareStatement(JDBC3Connection.java:223)
	at com.genfare.pos.core.data.loader.DiagnosticLoader.insert(DiagnosticLoader.java:144)
	at com.genfare.pos.core.service.DiagnosticServiceImpl.logDiagnostic(DiagnosticServiceImpl.java:40)
	at com.genfare.pos.diagnostics.DiagnosticJobService.checkEncoder(DiagnosticJobService.java:134)
	at com.genfare.pos.diagnostics.DiagnosticJobService.runDiagnostics(DiagnosticJobService.java:77)
	at com.genfare.pos.diagnostics.DiagnosticJob.execute(DiagnosticJob.java:23)
	at org.quartz.core.JobRunShell.run(JobRunShell.java:202)
	at org.quartz.simpl.SimpleThreadPool$WorkerThread.run(SimpleThreadPool.java:573)

Feb 18, 2019 1:41:05 AM com.genfare.pos.remote.AWSRemoteSystem isAvailable
INFO: Web Portal Url: http://tarc-qe.gfcp.io
Feb 18, 2019 1:41:05 AM com.genfare.pos.remote.AWSRemoteSystem isAvailable
INFO: Successfully connected. Response code is 301
Feb 18, 2019 1:41:05 AM com.genfare.pos.core.service.DiagnosticServiceImpl logDiagnostic
INFO: Logging diagnostic event code 7 with reason Network Available: true
Feb 18, 2019 1:41:05 AM com.genfare.pos.core.data.loader.DiagnosticLoader insert
INFO: insert()
Feb 18, 2019 1:41:05 AM com.genfare.pos.core.service.DiagnosticServiceImpl logDiagnostic
WARNING: Error logging event!
java.sql.SQLException: [SQLITE_ERROR] SQL error or missing database (no such table: Diagnostic)
	at org.sqlite.core.DB.newSQLException(DB.java:890)
	at org.sqlite.core.DB.newSQLException(DB.java:901)
	at org.sqlite.core.DB.throwex(DB.java:868)
	at org.sqlite.core.NativeDB.prepare(Native Method)
	at org.sqlite.core.DB.prepare(DB.java:211)
	at org.sqlite.core.CorePreparedStatement.<init>(CorePreparedStatement.java:40)
	at org.sqlite.jdbc3.JDBC3PreparedStatement.<init>(JDBC3PreparedStatement.java:29)
	at org.sqlite.jdbc4.JDBC4PreparedStatement.<init>(JDBC4PreparedStatement.java:18)
	at org.sqlite.jdbc4.JDBC4Connection.prepareStatement(JDBC4Connection.java:47)
	at org.sqlite.jdbc3.JDBC3Connection.prepareStatement(JDBC3Connection.java:251)
	at org.sqlite.jdbc3.JDBC3Connection.prepareStatement(JDBC3Connection.java:223)
	at com.genfare.pos.core.data.loader.DiagnosticLoader.insert(DiagnosticLoader.java:144)
	at com.genfare.pos.core.service.DiagnosticServiceImpl.logDiagnostic(DiagnosticServiceImpl.java:40)
	at com.genfare.pos.diagnostics.DiagnosticJobService.checkNetwork(DiagnosticJobService.java:146)
	at com.genfare.pos.diagnostics.DiagnosticJobService.runDiagnostics(DiagnosticJobService.java:87)
	at com.genfare.pos.diagnostics.DiagnosticJob.execute(DiagnosticJob.java:23)
	at org.quartz.core.JobRunShell.run(JobRunShell.java:202)
	at org.quartz.simpl.SimpleThreadPool$WorkerThread.run(SimpleThreadPool.java:573)

Feb 18, 2019 1:41:05 AM com.genfare.pos.core.device.pinpad.PinpadService getStatus
WARNING: Error getting status
java.lang.NullPointerException
	at com.genfare.pos.core.device.pinpad.PinpadManager.getStatus(PinpadManager.java:312)
	at com.genfare.pos.core.device.pinpad.PinpadService.getStatus(PinpadService.java:65)
	at com.genfare.pos.diagnostics.DiagnosticJobService.checkCreditCardProcessor(DiagnosticJobService.java:159)
	at com.genfare.pos.diagnostics.DiagnosticJobService.runDiagnostics(DiagnosticJobService.java:97)
	at com.genfare.pos.diagnostics.DiagnosticJob.execute(DiagnosticJob.java:23)
	at org.quartz.core.JobRunShell.run(JobRunShell.java:202)
	at org.quartz.simpl.SimpleThreadPool$WorkerThread.run(SimpleThreadPool.java:573)

Feb 18, 2019 1:41:05 AM com.genfare.pos.core.service.DiagnosticServiceImpl logDiagnostic
INFO: Logging diagnostic event code 10 with reason Credit Card Processor Available: false
Feb 18, 2019 1:41:05 AM com.genfare.pos.core.data.loader.DiagnosticLoader insert
INFO: insert()
Feb 18, 2019 1:41:05 AM com.genfare.pos.core.service.DiagnosticServiceImpl logDiagnostic
WARNING: Error logging event!
java.sql.SQLException: [SQLITE_ERROR] SQL error or missing database (no such table: Diagnostic)
	at org.sqlite.core.DB.newSQLException(DB.java:890)
	at org.sqlite.core.DB.newSQLException(DB.java:901)
	at org.sqlite.core.DB.throwex(DB.java:868)
	at org.sqlite.core.NativeDB.prepare(Native Method)
	at org.sqlite.core.DB.prepare(DB.java:211)
	at org.sqlite.core.CorePreparedStatement.<init>(CorePreparedStatement.java:40)
	at org.sqlite.jdbc3.JDBC3PreparedStatement.<init>(JDBC3PreparedStatement.java:29)
	at org.sqlite.jdbc4.JDBC4PreparedStatement.<init>(JDBC4PreparedStatement.java:18)
	at org.sqlite.jdbc4.JDBC4Connection.prepareStatement(JDBC4Connection.java:47)
	at org.sqlite.jdbc3.JDBC3Connection.prepareStatement(JDBC3Connection.java:251)
	at org.sqlite.jdbc3.JDBC3Connection.prepareStatement(JDBC3Connection.java:223)
	at com.genfare.pos.core.data.loader.DiagnosticLoader.insert(DiagnosticLoader.java:144)
	at com.genfare.pos.core.service.DiagnosticServiceImpl.logDiagnostic(DiagnosticServiceImpl.java:40)
	at com.genfare.pos.diagnostics.DiagnosticJobService.checkCreditCardProcessor(DiagnosticJobService.java:171)
	at com.genfare.pos.diagnostics.DiagnosticJobService.runDiagnostics(DiagnosticJobService.java:97)
	at com.genfare.pos.diagnostics.DiagnosticJob.execute(DiagnosticJob.java:23)
	at org.quartz.core.JobRunShell.run(JobRunShell.java:202)
	at org.quartz.simpl.SimpleThreadPool$WorkerThread.run(SimpleThreadPool.java:573)

Feb 18, 2019 1:41:06 AM com.genfare.pos.diagnostics.DiagnosticJobService runDiagnostics
INFO: ******************************************
Feb 18, 2019 1:41:06 AM com.genfare.pos.diagnostics.DiagnosticJobService runDiagnostics
INFO: DIAGNOSTIC STATUS
Feb 18, 2019 1:41:06 AM com.genfare.pos.diagnostics.DiagnosticJobService runDiagnostics
INFO: Receipt Printer Available: false
Feb 18, 2019 1:41:06 AM com.genfare.pos.diagnostics.DiagnosticJobService runDiagnostics
INFO: Cash Drawer Availabler: null
Feb 18, 2019 1:41:06 AM com.genfare.pos.diagnostics.DiagnosticJobService runDiagnostics
INFO: Patron Display Available: false
Feb 18, 2019 1:41:06 AM com.genfare.pos.diagnostics.DiagnosticJobService runDiagnostics
INFO: Encoder Available: true
Feb 18, 2019 1:41:06 AM com.genfare.pos.diagnostics.DiagnosticJobService runDiagnostics
INFO: Network Available: true
Feb 18, 2019 1:41:06 AM com.genfare.pos.diagnostics.DiagnosticJobService runDiagnostics
INFO: Credit Card Processor Available: false
Feb 18, 2019 1:41:06 AM com.genfare.pos.diagnostics.DiagnosticJobService runDiagnostics
INFO: ******************************************
Feb 18, 2019 1:41:06 AM com.genfare.pos.diagnostics.DiagnosticJobListener getName
INFO: Got listener name
Feb 18, 2019 1:41:06 AM com.genfare.pos.diagnostics.DiagnosticJobListener jobWasExecuted
INFO: Listener for diagnostic reports job finished.
Feb 18, 2019 1:41:06 AM com.genfare.pos.applet.POSApplet authenticate
INFO: Authenticating.
Feb 18, 2019 1:41:06 AM com.genfare.pos.core.security.UserAuthentication authenticate
INFO: User not found: admin@ta.com
Feb 18, 2019 1:41:06 AM com.genfare.pos.core.data.loader.LoginLoader insert
INFO: insert()
Feb 18, 2019 1:41:06 AM com.genfare.pos.core.security.UserAuthentication authenticate
WARNING: Error saving login record
java.sql.SQLException: [SQLITE_ERROR] SQL error or missing database (no such table: Login)
	at org.sqlite.core.DB.newSQLException(DB.java:890)
	at org.sqlite.core.DB.newSQLException(DB.java:901)
	at org.sqlite.core.DB.throwex(DB.java:868)
	at org.sqlite.core.NativeDB.prepare(Native Method)
	at org.sqlite.core.DB.prepare(DB.java:211)
	at org.sqlite.core.CorePreparedStatement.<init>(CorePreparedStatement.java:40)
	at org.sqlite.jdbc3.JDBC3PreparedStatement.<init>(JDBC3PreparedStatement.java:29)
	at org.sqlite.jdbc4.JDBC4PreparedStatement.<init>(JDBC4PreparedStatement.java:18)
	at org.sqlite.jdbc4.JDBC4Connection.prepareStatement(JDBC4Connection.java:47)
	at org.sqlite.jdbc3.JDBC3Connection.prepareStatement(JDBC3Connection.java:251)
	at org.sqlite.jdbc3.JDBC3Connection.prepareStatement(JDBC3Connection.java:223)
	at com.genfare.pos.core.data.loader.LoginLoader.insert(LoginLoader.java:140)
	at com.genfare.pos.core.security.UserAuthentication.authenticate(UserAuthentication.java:145)
	at com.genfare.pos.applet.POSApplet.authenticate(POSApplet.java:2200)
	at sun.reflect.NativeMethodAccessorImpl.invoke0(Native Method)
	at sun.reflect.NativeMethodAccessorImpl.invoke(NativeMethodAccessorImpl.java:62)
	at sun.reflect.DelegatingMethodAccessorImpl.invoke(DelegatingMethodAccessorImpl.java:43)
	at java.lang.reflect.Method.invoke(Method.java:498)

Feb 18, 2019 1:41:06 AM com.genfare.pos.applet.POSApplet authenticate
INFO: Done authenticating
Feb 18, 2019 1:42:02 AM com.genfare.pos.applet.POSApplet authenticate
INFO: Authenticating.
Feb 18, 2019 1:42:02 AM com.genfare.pos.core.security.UserAuthentication authenticate
INFO: User not found: admin@ta.com
Feb 18, 2019 1:42:02 AM com.genfare.pos.core.data.loader.LoginLoader insert
INFO: insert()
Feb 18, 2019 1:42:02 AM com.genfare.pos.core.security.UserAuthentication authenticate
WARNING: Error saving login record
java.sql.SQLException: [SQLITE_ERROR] SQL error or missing database (no such table: Login)
	at org.sqlite.core.DB.newSQLException(DB.java:890)
	at org.sqlite.core.DB.newSQLException(DB.java:901)
	at org.sqlite.core.DB.throwex(DB.java:868)
	at org.sqlite.core.NativeDB.prepare(Native Method)
	at org.sqlite.core.DB.prepare(DB.java:211)
	at org.sqlite.core.CorePreparedStatement.<init>(CorePreparedStatement.java:40)
	at org.sqlite.jdbc3.JDBC3PreparedStatement.<init>(JDBC3PreparedStatement.java:29)
	at org.sqlite.jdbc4.JDBC4PreparedStatement.<init>(JDBC4PreparedStatement.java:18)
	at org.sqlite.jdbc4.JDBC4Connection.prepareStatement(JDBC4Connection.java:47)
	at org.sqlite.jdbc3.JDBC3Connection.prepareStatement(JDBC3Connection.java:251)
	at org.sqlite.jdbc3.JDBC3Connection.prepareStatement(JDBC3Connection.java:223)
	at com.genfare.pos.core.data.loader.LoginLoader.insert(LoginLoader.java:140)
	at com.genfare.pos.core.security.UserAuthentication.authenticate(UserAuthentication.java:145)
	at com.genfare.pos.applet.POSApplet.authenticate(POSApplet.java:2200)
	at sun.reflect.NativeMethodAccessorImpl.invoke0(Native Method)
	at sun.reflect.NativeMethodAccessorImpl.invoke(NativeMethodAccessorImpl.java:62)
	at sun.reflect.DelegatingMethodAccessorImpl.invoke(DelegatingMethodAccessorImpl.java:43)
	at java.lang.reflect.Method.invoke(Method.java:498)

Feb 18, 2019 1:42:02 AM com.genfare.pos.applet.POSApplet authenticate
INFO: Done authenticating
