Feb 18, 2019 1:14:58 AM com.genfare.pos.core.service.LogService createAndAddNewFileHandler
INFO: Parent log configured, future logs will go to log file: C:\Users\vamsi deepak\Desktop\prod_apos_electron\apos-electron/logs/APOS.1550432698743.%u.%g.log
Feb 18, 2019 1:14:58 AM com.genfare.pos.applet.POSApplet runInitialization
INFO: App mode: ${build.mode}
Feb 18, 2019 1:14:58 AM com.genfare.pos.applet.POSApplet runInitialization
INFO: EPX Mode: true
Feb 18, 2019 1:14:59 AM com.genfare.pos.core.data.loader.ConnectionManager createTables
INFO: Creating tables
Feb 18, 2019 1:15:01 AM com.genfare.pos.core.data.loader.SchemaVersionLoader insert
INFO: insert()
Feb 18, 2019 1:15:01 AM com.genfare.pos.core.data.loader.SchemaVersionLoader insert
INFO: insert()
Feb 18, 2019 1:15:01 AM com.genfare.pos.core.data.loader.SchemaVersionLoader insert
INFO: insert()
Feb 18, 2019 1:15:01 AM com.genfare.pos.core.data.loader.SchemaVersionLoader insert
INFO: insert()
Feb 18, 2019 1:15:02 AM com.genfare.pos.core.data.loader.SchemaVersionLoader insert
INFO: insert()
Feb 18, 2019 1:15:02 AM com.genfare.pos.core.data.loader.SchemaVersionLoader insert
INFO: insert()
Feb 18, 2019 1:15:02 AM com.genfare.pos.core.device.Terminal initialize
INFO: Initializing terminal
Feb 18, 2019 1:15:02 AM com.genfare.pos.core.cache.FileCacheService <init>
INFO: Starting FileCacheService.
Feb 18, 2019 1:15:02 AM com.genfare.pos.core.cache.FileCacheService <init>
INFO: Done running FileCacheService.
Feb 18, 2019 1:15:02 AM com.genfare.pos.applet.POSApplet runInitialization
INFO: Done with running initialization script.
Feb 18, 2019 1:15:07 AM com.genfare.pos.core.converters.TerminalFrontEndConverter makeJSON
INFO: Make JSON from Terminal.
Feb 18, 2019 1:15:07 AM com.genfare.pos.core.converters.TerminalFrontEndConverter makeJSON
INFO: Got TerminalConfig FrontEnd JSON.
Feb 18, 2019 1:15:13 AM com.genfare.pos.core.data.loader.EquipmentLoader insert
INFO: insert()
Feb 18, 2019 1:15:13 AM com.genfare.pos.core.data.loader.SchemaVersionLoader insert
INFO: insert()
Feb 18, 2019 1:15:14 AM com.genfare.pos.core.data.loader.SchemaVersionLoader insert
INFO: insert()
Feb 18, 2019 1:15:14 AM com.genfare.pos.core.data.loader.SchemaVersionLoader insert
INFO: insert()
Feb 18, 2019 1:15:15 AM com.genfare.pos.core.data.loader.SchemaVersionLoader insert
INFO: insert()
Feb 18, 2019 1:15:15 AM com.genfare.pos.core.data.loader.SchemaVersionLoader insert
INFO: insert()
Feb 18, 2019 1:15:15 AM com.genfare.pos.core.data.loader.SchemaVersionLoader insert
INFO: insert()
Feb 18, 2019 1:15:16 AM com.genfare.pos.core.data.loader.SchemaVersionLoader insert
INFO: insert()
Feb 18, 2019 1:15:16 AM com.genfare.pos.core.data.loader.SchemaVersionLoader insert
INFO: insert()
Feb 18, 2019 1:15:16 AM com.genfare.pos.core.device.Terminal initialize
INFO: Initializing terminal
Feb 18, 2019 1:15:16 AM com.genfare.pos.core.device.Terminal initialize
INFO: Initializing terminal
Feb 18, 2019 1:15:16 AM com.genfare.pos.applet.POSApplet runInitialization
INFO: Running initialization.
