Mar 05, 2019 4:48:16 PM com.genfare.pos.core.service.LogService createAndAddNewFileHandler
INFO: Parent log configured, future logs will go to log file: C:\Users\user\Desktop\APOS\apos-electron/logs/APOS.1551784696823.%u.%g.log
Mar 05, 2019 4:48:16 PM com.genfare.pos.remote.AWSRemoteSystem uploadLogFile
INFO: Uploading log file: APOS.1551784391588.0.0.log
Mar 05, 2019 4:48:18 PM com.genfare.pos.remote.AWSRemoteSystem uploadLogFile
INFO: Successfully uploaded log file to S3
Mar 05, 2019 4:48:18 PM com.genfare.pos.remote.AWSRemoteSystem uploadLogFile
INFO: Log File deleted
Mar 05, 2019 4:48:18 PM com.genfare.pos.remote.sync.SyncService runSync
INFO: Finished running sync service and error state was = false
Mar 05, 2019 4:48:18 PM com.genfare.pos.remote.sync.SyncService runSync
INFO: Sync success!
Mar 05, 2019 4:48:18 PM com.genfare.pos.core.data.loader.ConnectionManager cleanupDatabase
INFO: Cleaning up database
Mar 05, 2019 4:48:18 PM com.genfare.pos.core.data.loader.AutoloadLoader purge
INFO: Purging processed autoload records earlier than 2019-02-03 16:48:18
Mar 05, 2019 4:48:18 PM com.genfare.pos.core.data.loader.AutoloadLoader purge
INFO: Purged 0 records
Mar 05, 2019 4:48:18 PM com.genfare.pos.core.data.loader.DiagnosticLoader purge
INFO: Purging processed diagnostic records earlier than 2019-02-03 16:48:18
Mar 05, 2019 4:48:18 PM com.genfare.pos.core.data.loader.DiagnosticLoader purge
INFO: Purged 0 records
Mar 05, 2019 4:48:18 PM com.genfare.pos.core.data.loader.EventLoader purge
INFO: Purging processed event records earlier than 2019-02-03 16:48:18
Mar 05, 2019 4:48:18 PM com.genfare.pos.core.data.loader.EventLoader purge
INFO: Purged 0 records
Mar 05, 2019 4:48:18 PM com.genfare.pos.core.data.loader.LoginLoader purge
INFO: Purging processed login records earlier than 2019-02-03 16:48:18
Mar 05, 2019 4:48:18 PM com.genfare.pos.core.data.loader.LoginLoader purge
INFO: Purged 0 records
Mar 05, 2019 4:48:18 PM com.genfare.pos.core.data.loader.PaymentLoader purge
INFO: Purging processed payment records earlier than 2019-02-03 16:48:18
Mar 05, 2019 4:48:18 PM com.genfare.pos.core.data.loader.PaymentLoader purge
INFO: Purged 0 records
Mar 05, 2019 4:48:18 PM com.genfare.pos.core.data.loader.ProductLineItemLoader purge
INFO: Purging processed product line item records earlier than 2019-02-03 16:48:18
Mar 05, 2019 4:48:18 PM com.genfare.pos.core.data.loader.ProductLineItemLoader purge
INFO: Purged 0 records
Mar 05, 2019 4:48:18 PM com.genfare.pos.core.data.loader.WalletContentLoader purge
INFO: Purging processed wallet content records earlier than 2019-02-03 16:48:18
Mar 05, 2019 4:48:18 PM com.genfare.pos.core.data.loader.WalletContentLoader purge
INFO: Purged 0 records
Mar 05, 2019 4:48:18 PM com.genfare.pos.core.data.loader.WalletLineItemLoader purge
INFO: Purging processed wallet line item records earlier than 2019-02-03 16:48:18
Mar 05, 2019 4:48:18 PM com.genfare.pos.core.data.loader.WalletLineItemLoader purge
INFO: Purged 0 records
Mar 05, 2019 4:48:18 PM com.genfare.pos.core.data.loader.PosTransactionLoader purge
INFO: Purging processed transaction records earlier than 2019-02-03 16:48:18
Mar 05, 2019 4:48:18 PM com.genfare.pos.core.data.loader.PosTransactionLoader purge
INFO: Purged 0 records
Mar 05, 2019 4:48:18 PM com.genfare.pos.remote.sync.SyncJobListener jobWasExecuted
INFO: Listener for sync reports job finished.
