Feb 19, 2019 9:26:10 AM com.genfare.pos.core.service.LogService createAndAddNewFileHandler
INFO: Parent log configured, future logs will go to log file: C:\Users\user\Desktop\apos-electron/logs/APOS.1550548570476.%u.%g.log
Feb 19, 2019 9:26:10 AM com.genfare.pos.remote.AWSRemoteSystem uploadLogFile
INFO: Uploading log file: APOS.1550495145192.0.0.log
Feb 19, 2019 9:26:12 AM com.genfare.pos.remote.AWSRemoteSystem uploadLogFile
INFO: Successfully uploaded log file to S3
Feb 19, 2019 9:26:12 AM com.genfare.pos.remote.AWSRemoteSystem uploadLogFile
INFO: Log File deleted
Feb 19, 2019 9:26:12 AM com.genfare.pos.remote.AWSRemoteSystem uploadLogFile
INFO: Uploading log file: APOS.1550548370000.0.0.log
Feb 19, 2019 9:26:14 AM com.genfare.pos.remote.AWSRemoteSystem uploadLogFile
INFO: Successfully uploaded log file to S3
Feb 19, 2019 9:26:14 AM com.genfare.pos.remote.AWSRemoteSystem uploadLogFile
INFO: Log File deleted
Feb 19, 2019 9:26:14 AM com.genfare.pos.remote.AWSRemoteSystem uploadLogFile
INFO: Uploading log file: APOS.1550548443070.0.0.log
Feb 19, 2019 9:26:16 AM com.genfare.pos.remote.AWSRemoteSystem uploadLogFile
INFO: Successfully uploaded log file to S3
Feb 19, 2019 9:26:16 AM com.genfare.pos.remote.AWSRemoteSystem uploadLogFile
INFO: Log File deleted
Feb 19, 2019 9:26:16 AM com.genfare.pos.remote.AWSRemoteSystem uploadLogFile
INFO: Uploading log file: APOS.1550548551245.0.0.log
Feb 19, 2019 9:26:18 AM com.genfare.pos.remote.AWSRemoteSystem uploadLogFile
INFO: Successfully uploaded log file to S3
Feb 19, 2019 9:26:18 AM com.genfare.pos.remote.AWSRemoteSystem uploadLogFile
INFO: Log File deleted
Feb 19, 2019 9:26:18 AM com.genfare.pos.remote.sync.SyncService runSync
INFO: Finished running sync service and error state was = false
Feb 19, 2019 9:26:18 AM com.genfare.pos.remote.sync.SyncService runSync
INFO: Sync success!
Feb 19, 2019 9:26:18 AM com.genfare.pos.core.data.loader.ConnectionManager cleanupDatabase
INFO: Cleaning up database
Feb 19, 2019 9:26:18 AM com.genfare.pos.core.data.loader.AutoloadLoader purge
INFO: Purging processed autoload records earlier than 2019-01-20 09:26:18
Feb 19, 2019 9:26:18 AM com.genfare.pos.core.data.loader.AutoloadLoader purge
INFO: Purged 0 records
Feb 19, 2019 9:26:18 AM com.genfare.pos.core.data.loader.DiagnosticLoader purge
INFO: Purging processed diagnostic records earlier than 2019-01-20 09:26:18
Feb 19, 2019 9:26:18 AM com.genfare.pos.core.data.loader.DiagnosticLoader purge
INFO: Purged 0 records
Feb 19, 2019 9:26:18 AM com.genfare.pos.core.data.loader.EventLoader purge
INFO: Purging processed event records earlier than 2019-01-20 09:26:18
Feb 19, 2019 9:26:18 AM com.genfare.pos.core.data.loader.EventLoader purge
INFO: Purged 0 records
Feb 19, 2019 9:26:18 AM com.genfare.pos.core.data.loader.LoginLoader purge
INFO: Purging processed login records earlier than 2019-01-20 09:26:18
Feb 19, 2019 9:26:18 AM com.genfare.pos.core.data.loader.LoginLoader purge
INFO: Purged 0 records
Feb 19, 2019 9:26:18 AM com.genfare.pos.core.data.loader.PaymentLoader purge
INFO: Purging processed payment records earlier than 2019-01-20 09:26:18
Feb 19, 2019 9:26:18 AM com.genfare.pos.core.data.loader.PaymentLoader purge
INFO: Purged 0 records
Feb 19, 2019 9:26:18 AM com.genfare.pos.core.data.loader.ProductLineItemLoader purge
INFO: Purging processed product line item records earlier than 2019-01-20 09:26:18
Feb 19, 2019 9:26:18 AM com.genfare.pos.core.data.loader.ProductLineItemLoader purge
INFO: Purged 0 records
Feb 19, 2019 9:26:18 AM com.genfare.pos.core.data.loader.WalletContentLoader purge
INFO: Purging processed wallet content records earlier than 2019-01-20 09:26:18
Feb 19, 2019 9:26:18 AM com.genfare.pos.core.data.loader.WalletContentLoader purge
INFO: Purged 0 records
Feb 19, 2019 9:26:18 AM com.genfare.pos.core.data.loader.WalletLineItemLoader purge
INFO: Purging processed wallet line item records earlier than 2019-01-20 09:26:18
Feb 19, 2019 9:26:18 AM com.genfare.pos.core.data.loader.WalletLineItemLoader purge
INFO: Purged 0 records
Feb 19, 2019 9:26:18 AM com.genfare.pos.core.data.loader.PosTransactionLoader purge
INFO: Purging processed transaction records earlier than 2019-01-20 09:26:18
Feb 19, 2019 9:26:18 AM com.genfare.pos.core.data.loader.PosTransactionLoader purge
INFO: Purged 0 records
Feb 19, 2019 9:26:18 AM com.genfare.pos.remote.sync.SyncJobListener jobWasExecuted
INFO: Listener for sync reports job finished.
Feb 19, 2019 9:26:29 AM com.genfare.pos.applet.POSApplet setEncoder
INFO: Setting up encoder: ACS ACR1252 1S CL Reader PICC 0
Feb 19, 2019 9:26:29 AM com.genfare.smartcard.CardTerminalFacade getEncoder
INFO: Here is the terminalList sun.security.smartcardio.PCSCTerminals@6283d8b8
Feb 19, 2019 9:26:29 AM com.genfare.smartcard.CardTerminalFacade getEncoder
INFO: terminalList.list().size(): 2
Feb 19, 2019 9:26:29 AM com.genfare.smartcard.CardTerminalFacade getEncoder
INFO: Got CurrentReader
Feb 19, 2019 9:26:29 AM com.genfare.smartcard.CardEncoderUltralightC <init>
INFO: Encoder name in Constructor: ACS ACR1252 1S CL Reader PICC 0
Feb 19, 2019 9:26:29 AM com.genfare.smartcard.CardTerminalFacade getEncoder
INFO: Here is the terminalList sun.security.smartcardio.PCSCTerminals@5ba3f27a
Feb 19, 2019 9:26:29 AM com.genfare.smartcard.CardTerminalFacade getEncoder
INFO: terminalList.list().size(): 2
Feb 19, 2019 9:26:29 AM com.genfare.smartcard.CardTerminalFacade getEncoder
INFO: Got CurrentReader
Feb 19, 2019 9:26:29 AM com.genfare.pos.applet.POSApplet setEncoder
INFO: Completing encoder setup.
Feb 19, 2019 9:26:29 AM com.genfare.pos.applet.POSApplet readCard
INFO: readCard called
Feb 19, 2019 9:26:29 AM com.genfare.pos.applet.POSApplet readCard
INFO: Reading DESFire
Feb 19, 2019 9:26:29 AM com.genfare.pos.applet.POSApplet readCard
INFO: APOS Account based falg: false
Feb 19, 2019 9:26:29 AM com.genfare.smartcard.CardEncoder quickReadCard
INFO: Reading DESFire card
Feb 19, 2019 9:26:29 AM com.genfare.smartcard.CardEncoder getCard
INFO: Connecting card...
Feb 19, 2019 9:26:29 AM com.genfare.smartcard.CardEncoder getCard
INFO: Got Card!
Feb 19, 2019 9:26:29 AM com.genfare.smartcard.CardEncoder printATR
INFO: <-- ATR[3B 81 80 01 80 80]
Feb 19, 2019 9:26:29 AM com.genfare.smartcard.CardEncoder selectApplication
INFO: Select Application f21201
Feb 19, 2019 9:26:29 AM com.genfare.smartcard.CardEncoder printCommand
INFO: --> CLA[90] INS[5a] P1[0] P2[0] NC[3] NE[100] Data[01 12 F2]
Feb 19, 2019 9:26:29 AM com.genfare.smartcard.CardEncoder printCommand
INFO: --> CLA[90] INS[aa] P1[0] P2[0] NC[1] NE[100] Data[09]
Feb 19, 2019 9:26:29 AM com.genfare.smartcard.CardEncoder printResponse
INFO: <-- SW1[91] SW2[af] Body Byte Count[16] Data[A1 5C F5 80 8A 51 61 AB 2C 62 B5 72 F5 A3 DC 11]
Feb 19, 2019 9:26:29 AM com.genfare.smartcard.CardEncoder authenticate
INFO: This is the key: 9
Feb 19, 2019 9:26:29 AM com.genfare.smartcard.CardEncoder authenticate
INFO: This is the key: [102, -51, 83, -46, -113, -77, 96, -20, 51, -49, 119, -119, 91, 28, 106, 100]
Feb 19, 2019 9:26:29 AM com.genfare.smartcard.CardEncoder printCommand
INFO: --> CLA[90] INS[af] P1[0] P2[0] NC[20] NE[100] Data[B0 D6 4C 23 6F EF CC A3 96 1B B8 4B 4E C0 31 4F 80 64 AC 35 76 14 23 AE 9F 30 91 43 C4 E9 73 C6]
Feb 19, 2019 9:26:29 AM com.genfare.smartcard.CardEncoder printResponse
INFO: <-- SW1[91] SW2[ae] Body Byte Count[0] Data[]
Feb 19, 2019 9:26:29 AM com.genfare.smartcard.CardEncoder authenticate
WARNING: SW2 ERROR! 9 NOT AUTHENTICATED!
Feb 19, 2019 9:26:29 AM com.genfare.smartcard.CardEncoder printCommand
INFO: --> CLA[90] INS[bd] P1[0] P2[0] NC[7] NE[100] Data[01 00 00 00 20 00 00]
Feb 19, 2019 9:26:29 AM com.genfare.smartcard.CardEncoder printResponse
INFO: <-- SW1[91] SW2[ae] Body Byte Count[0] Data[]
Feb 19, 2019 9:26:29 AM com.genfare.smartcard.CardEncoder readFile
SEVERE: Error reading file
Feb 19, 2019 9:26:29 AM com.genfare.smartcard.CardEncoder quickReadCard
INFO: finally...disconnecting card
Feb 19, 2019 9:26:29 AM com.genfare.smartcard.CardEncoder disconnectCard
INFO: CARD DISCONNECTED and RESET
Feb 19, 2019 9:26:29 AM com.genfare.pos.applet.POSApplet readCard
INFO: Couldn't read DESFIRE com.genfare.smartcard.exception.CardEncoderException: Error reading file
Feb 19, 2019 9:26:29 AM com.genfare.pos.applet.POSApplet readCard
INFO: Done reading DESFire
Feb 19, 2019 9:26:44 AM com.genfare.pos.applet.POSApplet setEncoder
INFO: Setting up encoder: ACS ACR1252 1S CL Reader PICC 0
Feb 19, 2019 9:26:44 AM com.genfare.smartcard.CardTerminalFacade getEncoder
INFO: Here is the terminalList sun.security.smartcardio.PCSCTerminals@729d991e
Feb 19, 2019 9:26:44 AM com.genfare.smartcard.CardTerminalFacade getEncoder
INFO: terminalList.list().size(): 2
Feb 19, 2019 9:26:44 AM com.genfare.smartcard.CardTerminalFacade getEncoder
INFO: Got CurrentReader
Feb 19, 2019 9:26:44 AM com.genfare.smartcard.CardEncoderUltralightC <init>
INFO: Encoder name in Constructor: ACS ACR1252 1S CL Reader PICC 0
Feb 19, 2019 9:26:44 AM com.genfare.smartcard.CardTerminalFacade getEncoder
INFO: Here is the terminalList sun.security.smartcardio.PCSCTerminals@31fa1761
Feb 19, 2019 9:26:44 AM com.genfare.smartcard.CardTerminalFacade getEncoder
INFO: terminalList.list().size(): 2
Feb 19, 2019 9:26:44 AM com.genfare.smartcard.CardTerminalFacade getEncoder
INFO: Got CurrentReader
Feb 19, 2019 9:26:44 AM com.genfare.pos.applet.POSApplet setEncoder
INFO: Completing encoder setup.
Feb 19, 2019 9:26:44 AM com.genfare.pos.applet.POSApplet readCard
INFO: readCard called
Feb 19, 2019 9:26:44 AM com.genfare.pos.applet.POSApplet readCard
INFO: Reading DESFire
Feb 19, 2019 9:26:44 AM com.genfare.pos.applet.POSApplet readCard
INFO: APOS Account based falg: false
Feb 19, 2019 9:26:44 AM com.genfare.smartcard.CardEncoder quickReadCard
INFO: Reading DESFire card
Feb 19, 2019 9:26:44 AM com.genfare.smartcard.CardEncoder getCard
INFO: Connecting card...
Feb 19, 2019 9:26:44 AM com.genfare.smartcard.CardEncoder getCard
INFO: Got Card!
Feb 19, 2019 9:26:44 AM com.genfare.smartcard.CardEncoder printATR
INFO: <-- ATR[3B 81 80 01 80 80]
Feb 19, 2019 9:26:44 AM com.genfare.smartcard.CardEncoder selectApplication
INFO: Select Application f21201
Feb 19, 2019 9:26:44 AM com.genfare.smartcard.CardEncoder printCommand
INFO: --> CLA[90] INS[5a] P1[0] P2[0] NC[3] NE[100] Data[01 12 F2]
Feb 19, 2019 9:26:44 AM com.genfare.smartcard.CardEncoder printCommand
INFO: --> CLA[90] INS[aa] P1[0] P2[0] NC[1] NE[100] Data[09]
Feb 19, 2019 9:26:44 AM com.genfare.smartcard.CardEncoder printResponse
INFO: <-- SW1[91] SW2[af] Body Byte Count[16] Data[37 85 D1 32 F2 58 B8 C8 66 D6 FA D7 BA 63 EC 49]
Feb 19, 2019 9:26:44 AM com.genfare.smartcard.CardEncoder authenticate
INFO: This is the key: 9
Feb 19, 2019 9:26:44 AM com.genfare.smartcard.CardEncoder authenticate
INFO: This is the key: [102, -51, 83, -46, -113, -77, 96, -20, 51, -49, 119, -119, 91, 28, 106, 100]
Feb 19, 2019 9:26:44 AM com.genfare.smartcard.CardEncoder printCommand
INFO: --> CLA[90] INS[af] P1[0] P2[0] NC[20] NE[100] Data[41 F5 53 42 1D 3F F2 3E BD 8D E1 57 92 A2 2B E7 B7 62 FE 8F AE 96 CA 78 DE 77 D2 AA DF 27 BE C9]
Feb 19, 2019 9:26:44 AM com.genfare.smartcard.CardEncoder printResponse
INFO: <-- SW1[91] SW2[ae] Body Byte Count[0] Data[]
Feb 19, 2019 9:26:44 AM com.genfare.smartcard.CardEncoder authenticate
WARNING: SW2 ERROR! 9 NOT AUTHENTICATED!
Feb 19, 2019 9:26:44 AM com.genfare.smartcard.CardEncoder printCommand
INFO: --> CLA[90] INS[bd] P1[0] P2[0] NC[7] NE[100] Data[01 00 00 00 20 00 00]
Feb 19, 2019 9:26:44 AM com.genfare.smartcard.CardEncoder printResponse
INFO: <-- SW1[91] SW2[ae] Body Byte Count[0] Data[]
Feb 19, 2019 9:26:44 AM com.genfare.smartcard.CardEncoder readFile
SEVERE: Error reading file
Feb 19, 2019 9:26:44 AM com.genfare.smartcard.CardEncoder quickReadCard
INFO: finally...disconnecting card
Feb 19, 2019 9:26:44 AM com.genfare.smartcard.CardEncoder disconnectCard
INFO: CARD DISCONNECTED and RESET
Feb 19, 2019 9:26:44 AM com.genfare.pos.applet.POSApplet readCard
INFO: Couldn't read DESFIRE com.genfare.smartcard.exception.CardEncoderException: Error reading file
Feb 19, 2019 9:26:44 AM com.genfare.pos.applet.POSApplet readCard
INFO: Done reading DESFire
