Feb 17, 2019 11:11:12 PM com.genfare.pos.core.service.LogService createAndAddNewFileHandler
INFO: Parent log configured, future logs will go to log file: C:\Users\vamsi deepak\Desktop\prod_apos_electron\apos-electron/logs/APOS.1550425272199.%u.%g.log
Feb 17, 2019 11:11:12 PM com.genfare.pos.applet.POSApplet runInitialization
INFO: App mode: ${build.mode}
Feb 17, 2019 11:11:12 PM com.genfare.pos.applet.POSApplet runInitialization
INFO: EPX Mode: true
Feb 17, 2019 11:11:12 PM com.genfare.pos.core.data.loader.ConnectionManager createTables
INFO: Creating tables
Feb 17, 2019 11:11:14 PM com.genfare.pos.core.data.loader.SchemaVersionLoader insert
INFO: insert()
Feb 17, 2019 11:11:15 PM com.genfare.pos.core.data.loader.SchemaVersionLoader insert
INFO: insert()
Feb 17, 2019 11:11:15 PM com.genfare.pos.core.data.loader.SchemaVersionLoader insert
INFO: insert()
Feb 17, 2019 11:11:15 PM com.genfare.pos.core.data.loader.SchemaVersionLoader insert
INFO: insert()
Feb 17, 2019 11:11:15 PM com.genfare.pos.core.data.loader.SchemaVersionLoader insert
INFO: insert()
Feb 17, 2019 11:11:15 PM com.genfare.pos.core.data.loader.SchemaVersionLoader insert
INFO: insert()
Feb 17, 2019 11:11:15 PM com.genfare.pos.core.device.Terminal initialize
INFO: Initializing terminal
Feb 17, 2019 11:11:15 PM com.genfare.pos.core.cache.FileCacheService <init>
INFO: Starting FileCacheService.
Feb 17, 2019 11:11:16 PM com.genfare.pos.core.cache.FileCacheService <init>
INFO: Done running FileCacheService.
Feb 17, 2019 11:11:16 PM com.genfare.pos.applet.POSApplet runInitialization
INFO: Done with running initialization script.
Feb 17, 2019 11:11:20 PM com.genfare.pos.core.converters.TerminalFrontEndConverter makeJSON
INFO: Make JSON from Terminal.
Feb 17, 2019 11:11:20 PM com.genfare.pos.core.converters.TerminalFrontEndConverter makeJSON
INFO: Got TerminalConfig FrontEnd JSON.
Feb 17, 2019 11:11:29 PM com.genfare.pos.core.data.loader.EquipmentLoader insert
INFO: insert()
Feb 17, 2019 11:11:29 PM com.genfare.pos.core.data.loader.SchemaVersionLoader insert
INFO: insert()
Feb 17, 2019 11:11:30 PM com.genfare.pos.core.data.loader.SchemaVersionLoader insert
INFO: insert()
Feb 17, 2019 11:11:30 PM com.genfare.pos.core.data.loader.SchemaVersionLoader insert
INFO: insert()
Feb 17, 2019 11:11:30 PM com.genfare.pos.core.data.loader.SchemaVersionLoader insert
INFO: insert()
Feb 17, 2019 11:11:31 PM com.genfare.pos.core.data.loader.SchemaVersionLoader insert
INFO: insert()
Feb 17, 2019 11:11:31 PM com.genfare.pos.core.data.loader.SchemaVersionLoader insert
INFO: insert()
Feb 17, 2019 11:11:31 PM com.genfare.pos.core.data.loader.SchemaVersionLoader insert
INFO: insert()
Feb 17, 2019 11:11:31 PM com.genfare.pos.core.data.loader.SchemaVersionLoader insert
INFO: insert()
Feb 17, 2019 11:11:32 PM com.genfare.pos.core.device.Terminal initialize
INFO: Initializing terminal
Feb 17, 2019 11:11:32 PM com.genfare.pos.core.device.Terminal initialize
INFO: Initializing terminal
Feb 17, 2019 11:11:32 PM com.genfare.pos.applet.POSApplet runInitialization
INFO: Running initialization.
