Feb 17, 2019 11:00:29 PM com.genfare.pos.core.service.LogService createAndAddNewFileHandler
INFO: Parent log configured, future logs will go to log file: C:\Users\vamsi deepak\Desktop\prod_apos_electron\apos-electron/logs/APOS.1550424629787.%u.%g.log
Feb 17, 2019 11:00:29 PM com.genfare.pos.applet.POSApplet runInitialization
INFO: App mode: ${build.mode}
Feb 17, 2019 11:00:29 PM com.genfare.pos.applet.POSApplet runInitialization
INFO: EPX Mode: true
Feb 17, 2019 11:00:31 PM com.genfare.pos.core.data.loader.SchemaVersionLoader insert
INFO: insert()
Feb 17, 2019 11:00:31 PM com.genfare.pos.core.data.loader.SchemaVersionLoader insert
INFO: insert()
Feb 17, 2019 11:00:31 PM com.genfare.pos.core.data.loader.SchemaVersionLoader insert
INFO: insert()
Feb 17, 2019 11:00:32 PM com.genfare.pos.core.data.loader.SchemaVersionLoader insert
INFO: insert()
Feb 17, 2019 11:00:32 PM com.genfare.pos.core.data.loader.SchemaVersionLoader insert
INFO: insert()
Feb 17, 2019 11:00:33 PM com.genfare.pos.core.data.loader.SchemaVersionLoader insert
INFO: insert()
Feb 17, 2019 11:00:33 PM com.genfare.pos.core.data.loader.SchemaVersionLoader insert
INFO: insert()
Feb 17, 2019 11:00:34 PM com.genfare.pos.core.data.loader.SchemaVersionLoader insert
INFO: insert()
Feb 17, 2019 11:00:34 PM com.genfare.pos.core.device.Terminal initialize
INFO: Initializing terminal
Feb 17, 2019 11:00:34 PM com.genfare.pos.core.cache.FileCacheService <init>
INFO: Starting FileCacheService.
Feb 17, 2019 11:00:34 PM com.genfare.pos.core.cache.FileCacheService <init>
INFO: Done running FileCacheService.
Feb 17, 2019 11:00:34 PM com.genfare.pos.applet.POSApplet runInitialization
INFO: Done with running initialization script.
Feb 17, 2019 11:00:38 PM com.genfare.pos.core.converters.TerminalFrontEndConverter makeJSON
INFO: Make JSON from Terminal.
Feb 17, 2019 11:00:39 PM com.genfare.pos.core.converters.TerminalFrontEndConverter makeJSON
INFO: Got TerminalConfig FrontEnd JSON.
Feb 17, 2019 11:00:50 PM com.genfare.pos.core.data.loader.EquipmentLoader insert
INFO: insert()
Feb 17, 2019 11:00:50 PM com.genfare.pos.core.device.Terminal initialize
INFO: Initializing terminal
Feb 17, 2019 11:00:50 PM com.genfare.pos.core.device.Terminal initialize
INFO: Initializing terminal
Feb 17, 2019 11:00:50 PM com.genfare.pos.applet.POSApplet runInitialization
INFO: Running initialization.
