Feb 16, 2019 3:13:14 PM com.genfare.pos.core.service.LogService createAndAddNewFileHandler
INFO: Parent log configured, future logs will go to log file: C:\Users\vamsi deepak\Desktop\prod_apos_electron\apos-electron/logs/APOS.1550310194525.%u.%g.log
Feb 16, 2019 3:13:14 PM com.genfare.pos.remote.AWSRemoteSystem uploadLogFile
INFO: Uploading log file: APOS.1550309646111.0.0.log
Feb 16, 2019 3:13:15 PM com.genfare.pos.remote.AWSRemoteSystem uploadLogFile
INFO: Successfully uploaded log file to S3
Feb 16, 2019 3:13:15 PM com.genfare.pos.remote.AWSRemoteSystem uploadLogFile
INFO: Log File deleted
Feb 16, 2019 3:13:16 PM com.genfare.pos.remote.AWSRemoteSystem uploadLogFile
INFO: Uploading log file: APOS.1550310171929.0.0.log
Feb 16, 2019 3:13:17 PM com.genfare.pos.remote.AWSRemoteSystem uploadLogFile
INFO: Successfully uploaded log file to S3
Feb 16, 2019 3:13:17 PM com.genfare.pos.remote.AWSRemoteSystem uploadLogFile
INFO: Log File deleted
Feb 16, 2019 3:13:17 PM com.genfare.pos.remote.sync.SyncService runSync
INFO: Finished running sync service and error state was = false
Feb 16, 2019 3:13:17 PM com.genfare.pos.remote.sync.SyncService runSync
INFO: Sync success!
Feb 16, 2019 3:13:18 PM com.genfare.pos.core.data.loader.ConnectionManager cleanupDatabase
INFO: Cleaning up database
Feb 16, 2019 3:13:18 PM com.genfare.pos.core.data.loader.AutoloadLoader purge
INFO: Purging processed autoload records earlier than 2019-01-17 15:13:18
Feb 16, 2019 3:13:18 PM com.genfare.pos.core.data.loader.AutoloadLoader purge
INFO: Purged 0 records
Feb 16, 2019 3:13:18 PM com.genfare.pos.core.data.loader.DiagnosticLoader purge
INFO: Purging processed diagnostic records earlier than 2019-01-17 15:13:18
Feb 16, 2019 3:13:18 PM com.genfare.pos.core.data.loader.DiagnosticLoader purge
INFO: Purged 0 records
Feb 16, 2019 3:13:18 PM com.genfare.pos.core.data.loader.EventLoader purge
INFO: Purging processed event records earlier than 2019-01-17 15:13:18
Feb 16, 2019 3:13:18 PM com.genfare.pos.core.data.loader.EventLoader purge
INFO: Purged 0 records
Feb 16, 2019 3:13:18 PM com.genfare.pos.core.data.loader.LoginLoader purge
INFO: Purging processed login records earlier than 2019-01-17 15:13:18
Feb 16, 2019 3:13:18 PM com.genfare.pos.core.data.loader.LoginLoader purge
INFO: Purged 0 records
Feb 16, 2019 3:13:18 PM com.genfare.pos.core.data.loader.PaymentLoader purge
INFO: Purging processed payment records earlier than 2019-01-17 15:13:18
Feb 16, 2019 3:13:18 PM com.genfare.pos.core.data.loader.PaymentLoader purge
INFO: Purged 0 records
Feb 16, 2019 3:13:18 PM com.genfare.pos.core.data.loader.ProductLineItemLoader purge
INFO: Purging processed product line item records earlier than 2019-01-17 15:13:18
Feb 16, 2019 3:13:18 PM com.genfare.pos.core.data.loader.ProductLineItemLoader purge
INFO: Purged 0 records
Feb 16, 2019 3:13:18 PM com.genfare.pos.core.data.loader.WalletContentLoader purge
INFO: Purging processed wallet content records earlier than 2019-01-17 15:13:18
Feb 16, 2019 3:13:18 PM com.genfare.pos.core.data.loader.WalletContentLoader purge
INFO: Purged 0 records
Feb 16, 2019 3:13:18 PM com.genfare.pos.core.data.loader.WalletLineItemLoader purge
INFO: Purging processed wallet line item records earlier than 2019-01-17 15:13:18
Feb 16, 2019 3:13:18 PM com.genfare.pos.core.data.loader.WalletLineItemLoader purge
INFO: Purged 0 records
Feb 16, 2019 3:13:18 PM com.genfare.pos.core.data.loader.PosTransactionLoader purge
INFO: Purging processed transaction records earlier than 2019-01-17 15:13:18
Feb 16, 2019 3:13:18 PM com.genfare.pos.core.data.loader.PosTransactionLoader purge
INFO: Purged 0 records
Feb 16, 2019 3:13:18 PM com.genfare.pos.remote.sync.SyncJobListener jobWasExecuted
INFO: Listener for sync reports job finished.
Feb 16, 2019 3:14:00 PM com.genfare.pos.applet.POSApplet authenticate
INFO: Authenticating.
Feb 16, 2019 3:14:00 PM com.genfare.pos.core.security.UserAuthentication authenticate
INFO: Found user!
Feb 16, 2019 3:14:00 PM com.genfare.pos.core.data.loader.LoginLoader insert
INFO: insert()
Feb 16, 2019 3:14:00 PM com.genfare.pos.core.converters.PersonConverter makeJSON
INFO: Make JSON from Person.
Feb 16, 2019 3:14:00 PM com.genfare.pos.core.converters.PersonConverter makeJSON
INFO: Got Person JSON.
Feb 16, 2019 3:14:00 PM com.genfare.pos.applet.POSApplet authenticate
INFO: Done authenticating
