Feb 22, 2019 12:16:05 PM com.genfare.pos.core.service.LogService createAndAddNewFileHandler
INFO: Parent log configured, future logs will go to log file: C:\Users\user\Desktop\apos-electron/logs/APOS.1550817965259.%u.%g.log
Feb 22, 2019 12:16:05 PM com.genfare.pos.remote.AWSRemoteSystem uploadLogFile
INFO: Uploading log file: APOS.1550817666009.0.0.log
Feb 22, 2019 12:16:06 PM com.genfare.pos.remote.AWSRemoteSystem uploadLogFile
INFO: Successfully uploaded log file to S3
Feb 22, 2019 12:16:06 PM com.genfare.pos.remote.AWSRemoteSystem uploadLogFile
INFO: Log File deleted
Feb 22, 2019 12:16:06 PM com.genfare.pos.remote.sync.SyncService runSync
INFO: Finished running sync service and error state was = false
Feb 22, 2019 12:16:06 PM com.genfare.pos.remote.sync.SyncService runSync
INFO: Sync success!
Feb 22, 2019 12:16:06 PM com.genfare.pos.core.data.loader.ConnectionManager cleanupDatabase
INFO: Cleaning up database
Feb 22, 2019 12:16:06 PM com.genfare.pos.core.data.loader.AutoloadLoader purge
INFO: Purging processed autoload records earlier than 2019-01-23 12:16:06
Feb 22, 2019 12:16:06 PM com.genfare.pos.core.data.loader.AutoloadLoader purge
INFO: Purged 0 records
Feb 22, 2019 12:16:06 PM com.genfare.pos.core.data.loader.DiagnosticLoader purge
INFO: Purging processed diagnostic records earlier than 2019-01-23 12:16:06
Feb 22, 2019 12:16:06 PM com.genfare.pos.core.data.loader.DiagnosticLoader purge
INFO: Purged 0 records
Feb 22, 2019 12:16:06 PM com.genfare.pos.core.data.loader.EventLoader purge
INFO: Purging processed event records earlier than 2019-01-23 12:16:06
Feb 22, 2019 12:16:06 PM com.genfare.pos.core.data.loader.EventLoader purge
INFO: Purged 0 records
Feb 22, 2019 12:16:06 PM com.genfare.pos.core.data.loader.LoginLoader purge
INFO: Purging processed login records earlier than 2019-01-23 12:16:06
Feb 22, 2019 12:16:06 PM com.genfare.pos.core.data.loader.LoginLoader purge
INFO: Purged 0 records
Feb 22, 2019 12:16:06 PM com.genfare.pos.core.data.loader.PaymentLoader purge
INFO: Purging processed payment records earlier than 2019-01-23 12:16:06
Feb 22, 2019 12:16:06 PM com.genfare.pos.core.data.loader.PaymentLoader purge
INFO: Purged 0 records
Feb 22, 2019 12:16:06 PM com.genfare.pos.core.data.loader.ProductLineItemLoader purge
INFO: Purging processed product line item records earlier than 2019-01-23 12:16:06
Feb 22, 2019 12:16:06 PM com.genfare.pos.core.data.loader.ProductLineItemLoader purge
INFO: Purged 0 records
Feb 22, 2019 12:16:06 PM com.genfare.pos.core.data.loader.WalletContentLoader purge
INFO: Purging processed wallet content records earlier than 2019-01-23 12:16:06
Feb 22, 2019 12:16:06 PM com.genfare.pos.core.data.loader.WalletContentLoader purge
INFO: Purged 0 records
Feb 22, 2019 12:16:06 PM com.genfare.pos.core.data.loader.WalletLineItemLoader purge
INFO: Purging processed wallet line item records earlier than 2019-01-23 12:16:06
Feb 22, 2019 12:16:06 PM com.genfare.pos.core.data.loader.WalletLineItemLoader purge
INFO: Purged 0 records
Feb 22, 2019 12:16:06 PM com.genfare.pos.core.data.loader.PosTransactionLoader purge
INFO: Purging processed transaction records earlier than 2019-01-23 12:16:06
Feb 22, 2019 12:16:06 PM com.genfare.pos.core.data.loader.PosTransactionLoader purge
INFO: Purged 0 records
Feb 22, 2019 12:16:06 PM com.genfare.pos.remote.sync.SyncJobListener jobWasExecuted
INFO: Listener for sync reports job finished.
Feb 22, 2019 12:20:51 PM com.genfare.pos.remote.sync.SyncJobListener jobToBeExecuted
INFO: Listener for sync reports job scheduled.
Feb 22, 2019 12:20:51 PM com.genfare.pos.remote.sync.SyncJob execute
INFO: SyncJob executing...
Feb 22, 2019 12:20:51 PM com.genfare.pos.remote.sync.SyncService runSync
INFO: Running sync!
Feb 22, 2019 12:20:51 PM com.genfare.pos.core.service.EventServiceImpl logEvent
INFO: Logging event 4 with data APOS Heartbeat
Feb 22, 2019 12:20:51 PM com.genfare.pos.core.data.loader.EventLoader insert
INFO: insert()
Feb 22, 2019 12:20:51 PM com.genfare.pos.remote.AWSRemoteSystem authenticate
INFO: Authenticating...
Feb 22, 2019 12:20:51 PM com.genfare.pos.remote.security.Client postTrySsl
INFO: Trying SSL URL
Feb 22, 2019 12:20:51 PM com.genfare.pos.remote.security.Client post
INFO: POST body: null
Feb 22, 2019 12:20:51 PM com.genfare.pos.remote.security.Client post
INFO: Outputstream written
Feb 22, 2019 12:20:51 PM com.genfare.pos.remote.security.Client post
INFO: Response Code: 401, Message: Unauthorized
Feb 22, 2019 12:20:51 PM com.genfare.pos.remote.security.Client post
WARNING: Error posting - Response Code: 401
Feb 22, 2019 12:20:51 PM com.genfare.pos.remote.security.Client postTrySsl
WARNING: SSL connection failed
com.genfare.pos.remote.RemoteSystemException: Error posting - Response Code: 401
	at com.genfare.pos.remote.security.Client.post(Client.java:306)
	at com.genfare.pos.remote.security.Client.postTrySsl(Client.java:163)
	at com.genfare.pos.remote.security.Client.auth(Client.java:138)
	at com.genfare.pos.remote.AWSRemoteSystem.authenticate(AWSRemoteSystem.java:223)
	at com.genfare.pos.remote.AWSRemoteSystem.authenticate(AWSRemoteSystem.java:180)
	at com.genfare.pos.remote.sync.SyncService.runSync(SyncService.java:103)
	at com.genfare.pos.remote.sync.SyncJob.execute(SyncJob.java:23)
	at org.quartz.core.JobRunShell.run(JobRunShell.java:202)
	at org.quartz.simpl.SimpleThreadPool$WorkerThread.run(SimpleThreadPool.java:573)

Feb 22, 2019 12:20:51 PM com.genfare.pos.remote.AWSRemoteSystem authenticate
WARNING: Error communicating with authentication server
com.genfare.pos.remote.RemoteSystemException: Error posting - Response Code: 401
	at com.genfare.pos.remote.security.Client.post(Client.java:306)
	at com.genfare.pos.remote.security.Client.postTrySsl(Client.java:163)
	at com.genfare.pos.remote.security.Client.auth(Client.java:138)
	at com.genfare.pos.remote.AWSRemoteSystem.authenticate(AWSRemoteSystem.java:223)
	at com.genfare.pos.remote.AWSRemoteSystem.authenticate(AWSRemoteSystem.java:180)
	at com.genfare.pos.remote.sync.SyncService.runSync(SyncService.java:103)
	at com.genfare.pos.remote.sync.SyncJob.execute(SyncJob.java:23)
	at org.quartz.core.JobRunShell.run(JobRunShell.java:202)
	at org.quartz.simpl.SimpleThreadPool$WorkerThread.run(SimpleThreadPool.java:573)

Feb 22, 2019 12:20:51 PM com.genfare.pos.remote.sync.SyncScheduler pauseSyncProcess
INFO: Sync Process paused
Feb 22, 2019 12:20:51 PM com.genfare.pos.core.cache.FileCacheService clearCache
INFO: Clear cache.
Feb 22, 2019 12:20:51 PM com.genfare.pos.core.cache.FileCacheService deleteStoredData
INFO: deleteStoredData
Feb 22, 2019 12:20:51 PM com.genfare.pos.core.cache.FileCacheService deleteStoredData
INFO: filePath: C:\Users\user\Desktop\apos-electron/data/cache/AUTOLOAD_DATA
Feb 22, 2019 12:20:51 PM com.genfare.pos.core.cache.FileCacheService deleteStoredData
INFO: deleteStoredData
Feb 22, 2019 12:20:51 PM com.genfare.pos.core.cache.FileCacheService deleteStoredData
INFO: filePath: C:\Users\user\Desktop\apos-electron/data/cache/FARE_TABLE_DATA
Feb 22, 2019 12:20:51 PM com.genfare.pos.core.cache.FileCacheService deleteStoredData
INFO: deleteStoredData
Feb 22, 2019 12:20:51 PM com.genfare.pos.core.cache.FileCacheService deleteStoredData
INFO: filePath: C:\Users\user\Desktop\apos-electron/data/cache/PRODUCT_CATALOG_DATA
Feb 22, 2019 12:20:51 PM com.genfare.pos.core.cache.FileCacheService deleteStoredData
INFO: deleteStoredData
Feb 22, 2019 12:20:51 PM com.genfare.pos.core.cache.FileCacheService deleteStoredData
INFO: filePath: C:\Users\user\Desktop\apos-electron/data/cache/TERMINAL_CONFIG_DATA
Feb 22, 2019 12:20:51 PM com.genfare.pos.core.cache.FileCacheService deleteStoredData
INFO: deleteStoredData
Feb 22, 2019 12:20:51 PM com.genfare.pos.core.cache.FileCacheService deleteStoredData
INFO: filePath: C:\Users\user\Desktop\apos-electron/data/cache/PEOPLE_DATA
Feb 22, 2019 12:20:51 PM com.genfare.pos.core.device.Terminal initialize
INFO: Initializing terminal
Feb 22, 2019 12:20:51 PM com.genfare.pos.core.data.loader.ConnectionManager warningDeleteDatabase
WARNING: DELETING DATABASE!
Feb 22, 2019 12:20:51 PM com.genfare.pos.core.data.loader.ConnectionManager warningDeleteDatabase
INFO: Terminal was successfully deleted.
Feb 22, 2019 12:20:51 PM com.genfare.pos.remote.sync.SyncJobListener jobWasExecuted
INFO: Listener for sync reports job finished.
Feb 22, 2019 12:21:01 PM com.genfare.pos.diagnostics.DiagnosticJobListener getName
INFO: Got listener name
Feb 22, 2019 12:21:01 PM com.genfare.pos.diagnostics.DiagnosticJobListener jobToBeExecuted
INFO: Listener for diagnostic reports job scheduled.
Feb 22, 2019 12:21:01 PM com.genfare.pos.diagnostics.DiagnosticJob execute
INFO: DiagnosticJob executing...
Feb 22, 2019 12:21:01 PM com.genfare.pos.diagnostics.DiagnosticJobService runDiagnostics
INFO: Running diagnostics!
Feb 22, 2019 12:21:01 PM com.genfare.smartcard.PrintServiceMatcher findPrinter
INFO: Found 3 attached printers.
Feb 22, 2019 12:21:01 PM com.genfare.smartcard.PrintServiceMatcher findPrinter
INFO: Printer specified: EPSON BA-T500II
Feb 22, 2019 12:21:01 PM com.genfare.smartcard.PrintServiceMatcher findPrinter
WARNING: Printer not found: EPSON BA-T500II
Feb 22, 2019 12:21:01 PM com.genfare.smartcard.PrintServiceMatcher findPrinter
INFO: Found 3 attached printers.
Feb 22, 2019 12:21:01 PM com.genfare.smartcard.PrintServiceMatcher findPrinter
INFO: Printer specified: EPSON TM-T20II
Feb 22, 2019 12:21:01 PM com.genfare.smartcard.PrintServiceMatcher findPrinter
WARNING: Printer not found: EPSON TM-T20II
Feb 22, 2019 12:21:01 PM com.genfare.smartcard.PrintServiceMatcher findPrinter
INFO: Found 3 attached printers.
Feb 22, 2019 12:21:01 PM com.genfare.smartcard.PrintServiceMatcher findPrinter
INFO: Printer specified: EPSON_TM_T20II
Feb 22, 2019 12:21:01 PM com.genfare.smartcard.PrintServiceMatcher findPrinter
WARNING: Printer not found: EPSON_TM_T20II
Feb 22, 2019 12:21:01 PM com.genfare.smartcard.PrintServiceMatcher findPrinter
INFO: Found 3 attached printers.
Feb 22, 2019 12:21:01 PM com.genfare.smartcard.PrintServiceMatcher findPrinter
INFO: Printer specified: XP8200
Feb 22, 2019 12:21:01 PM com.genfare.smartcard.PrintServiceMatcher findPrinter
WARNING: Printer not found: XP8200
Feb 22, 2019 12:21:01 PM com.genfare.pos.remote.AWSRemoteSystem isAvailable
INFO: Web Portal Url: http://tarc-qe.gfcp.io
Feb 22, 2019 12:21:01 PM com.genfare.pos.remote.AWSRemoteSystem isAvailable
INFO: Successfully connected. Response code is 301
Feb 22, 2019 12:21:01 PM com.genfare.pos.core.device.pinpad.PinpadService getStatus
WARNING: Error getting status
java.lang.NullPointerException
	at com.genfare.pos.core.device.pinpad.PinpadManager.getStatus(PinpadManager.java:312)
	at com.genfare.pos.core.device.pinpad.PinpadService.getStatus(PinpadService.java:65)
	at com.genfare.pos.diagnostics.DiagnosticJobService.checkCreditCardProcessor(DiagnosticJobService.java:159)
	at com.genfare.pos.diagnostics.DiagnosticJobService.runDiagnostics(DiagnosticJobService.java:97)
	at com.genfare.pos.diagnostics.DiagnosticJob.execute(DiagnosticJob.java:23)
	at org.quartz.core.JobRunShell.run(JobRunShell.java:202)
	at org.quartz.simpl.SimpleThreadPool$WorkerThread.run(SimpleThreadPool.java:573)

Feb 22, 2019 12:21:01 PM com.genfare.pos.diagnostics.DiagnosticJobService runDiagnostics
INFO: ******************************************
Feb 22, 2019 12:21:01 PM com.genfare.pos.diagnostics.DiagnosticJobService runDiagnostics
INFO: DIAGNOSTIC STATUS
Feb 22, 2019 12:21:01 PM com.genfare.pos.diagnostics.DiagnosticJobService runDiagnostics
INFO: Receipt Printer Available: false
Feb 22, 2019 12:21:01 PM com.genfare.pos.diagnostics.DiagnosticJobService runDiagnostics
INFO: Cash Drawer Availabler: null
Feb 22, 2019 12:21:01 PM com.genfare.pos.diagnostics.DiagnosticJobService runDiagnostics
INFO: Patron Display Available: false
Feb 22, 2019 12:21:01 PM com.genfare.pos.diagnostics.DiagnosticJobService runDiagnostics
INFO: Encoder Available: true
Feb 22, 2019 12:21:01 PM com.genfare.pos.diagnostics.DiagnosticJobService runDiagnostics
INFO: Network Available: true
Feb 22, 2019 12:21:01 PM com.genfare.pos.diagnostics.DiagnosticJobService runDiagnostics
INFO: Credit Card Processor Available: false
Feb 22, 2019 12:21:01 PM com.genfare.pos.diagnostics.DiagnosticJobService runDiagnostics
INFO: ******************************************
Feb 22, 2019 12:21:01 PM com.genfare.pos.diagnostics.DiagnosticJobListener getName
INFO: Got listener name
Feb 22, 2019 12:21:01 PM com.genfare.pos.diagnostics.DiagnosticJobListener jobWasExecuted
INFO: Listener for diagnostic reports job finished.
Feb 22, 2019 12:23:26 PM com.genfare.pos.core.converters.TerminalFrontEndConverter makeJSON
INFO: Make JSON from Terminal.
Feb 22, 2019 12:23:26 PM com.genfare.pos.core.converters.TerminalFrontEndConverter makeJSON
INFO: Got TerminalConfig FrontEnd JSON.
Feb 22, 2019 12:23:31 PM com.genfare.pos.applet.POSApplet readCard
INFO: readCard called
Feb 22, 2019 12:23:31 PM com.genfare.pos.applet.POSApplet readCard
INFO: Reading DESFire
Feb 22, 2019 12:23:31 PM com.genfare.pos.applet.POSApplet readCard
INFO: APOS Account based falg: true
Feb 22, 2019 12:23:31 PM com.genfare.smartcard.CardEncoder quickAccountReadCard
INFO: quickAccountReadCard DESFire card
Feb 22, 2019 12:23:31 PM com.genfare.smartcard.CardEncoder getAccountCard
INFO: Connecting card...
Feb 22, 2019 12:23:31 PM com.genfare.smartcard.CardEncoder getAccountCard
INFO: Got Card!
Feb 22, 2019 12:23:31 PM com.genfare.smartcard.CardEncoder printATR
INFO: <-- ATR[3B 81 80 01 80 80]
Feb 22, 2019 12:23:31 PM com.genfare.smartcard.CardEncoder selectApplication
INFO: Select Application f21202
Feb 22, 2019 12:23:31 PM com.genfare.smartcard.CardEncoder printCommand
INFO: --> CLA[90] INS[5a] P1[0] P2[0] NC[3] NE[100] Data[02 12 F2]
Feb 22, 2019 12:23:31 PM com.genfare.smartcard.CardEncoder quickAccountReadCard
INFO: finally...disconnecting card
Feb 22, 2019 12:23:31 PM com.genfare.smartcard.CardEncoder disconnectCard
INFO: CARD DISCONNECTED and RESET
Feb 22, 2019 12:23:31 PM com.genfare.pos.applet.POSApplet readCard
INFO: Unable to read account based card Error selecting card application
Feb 22, 2019 12:23:31 PM com.genfare.smartcard.CardEncoder quickReadCard
INFO: Reading DESFire card
Feb 22, 2019 12:23:31 PM com.genfare.smartcard.CardEncoder getCard
INFO: Connecting card...
Feb 22, 2019 12:23:31 PM com.genfare.smartcard.CardEncoder getCard
INFO: Got Card!
Feb 22, 2019 12:23:31 PM com.genfare.smartcard.CardEncoder printATR
INFO: <-- ATR[3B 81 80 01 80 80]
Feb 22, 2019 12:23:31 PM com.genfare.smartcard.CardEncoder selectApplication
INFO: Select Application f21201
Feb 22, 2019 12:23:31 PM com.genfare.smartcard.CardEncoder printCommand
INFO: --> CLA[90] INS[5a] P1[0] P2[0] NC[3] NE[100] Data[01 12 F2]
Feb 22, 2019 12:23:31 PM com.genfare.smartcard.CardEncoder printCommand
INFO: --> CLA[90] INS[aa] P1[0] P2[0] NC[1] NE[100] Data[09]
Feb 22, 2019 12:23:31 PM com.genfare.smartcard.CardEncoder printResponse
INFO: <-- SW1[91] SW2[af] Body Byte Count[16] Data[A0 BD 2C 2F 12 FD 41 1B 05 EF F7 EF 59 F8 05 64]
Feb 22, 2019 12:23:31 PM com.genfare.smartcard.CardEncoder authenticate
INFO: This is the key: 9
Feb 22, 2019 12:23:31 PM com.genfare.smartcard.CardEncoder authenticate
INFO: This is the key: [102, -51, 83, -46, -113, -77, 96, -20, 51, -49, 119, -119, 91, 28, 106, 100]
Feb 22, 2019 12:23:31 PM com.genfare.smartcard.CardEncoder printCommand
INFO: --> CLA[90] INS[af] P1[0] P2[0] NC[20] NE[100] Data[F9 5A 96 30 C5 B4 AB 3A F7 9B D6 BC 2F 24 93 E6 01 24 D2 BB 19 81 18 37 52 8E EB 94 C1 1D 39 30]
Feb 22, 2019 12:23:31 PM com.genfare.smartcard.CardEncoder printResponse
INFO: <-- SW1[91] SW2[0] Body Byte Count[16] Data[E3 30 6E A7 EC 7B E8 0C 9C 75 90 70 F1 DD 21 0F]
Feb 22, 2019 12:23:31 PM com.genfare.smartcard.CardEncoder authenticate
INFO: 9 AUTHENTICATED ENOUGH!
Feb 22, 2019 12:23:31 PM com.genfare.smartcard.CardEncoder authenticate
INFO: Final authentication step failed, but we don't care!
Feb 22, 2019 12:23:31 PM com.genfare.smartcard.CardEncoder printCommand
INFO: --> CLA[90] INS[bd] P1[0] P2[0] NC[7] NE[100] Data[01 00 00 00 20 00 00]
Feb 22, 2019 12:23:31 PM com.genfare.smartcard.CardEncoder printResponse
INFO: <-- SW1[91] SW2[0] Body Byte Count[40] Data[04 01 FF FF FF FF 01 84 01 00 00 05 00 00 03 00 00 00 00 00 03 04 00 01 01 00 00 00 00 00 7B 6D C8 D6 5E 09 DB 2D 43 17]
Feb 22, 2019 12:23:31 PM com.genfare.smartcard.CardEncoder getCardUID
INFO: Getting UID (authenticated)
Feb 22, 2019 12:23:31 PM com.genfare.smartcard.CardEncoder printCommand
INFO: --> CLA[90] INS[aa] P1[0] P2[0] NC[1] NE[100] Data[04]
Feb 22, 2019 12:23:31 PM com.genfare.smartcard.CardEncoder printResponse
INFO: <-- SW1[91] SW2[af] Body Byte Count[16] Data[4C 19 D2 8A 78 DA C5 18 6B 6B AC 82 C8 EB 02 66]
Feb 22, 2019 12:23:31 PM com.genfare.smartcard.CardEncoder authenticate
INFO: This is the key: 4
Feb 22, 2019 12:23:31 PM com.genfare.smartcard.CardEncoder authenticate
INFO: This is the key: [82, 2, -85, 34, -49, -67, -128, -115, -100, 39, 123, -12, -79, 57, -94, 16]
Feb 22, 2019 12:23:31 PM com.genfare.smartcard.CardEncoder printCommand
INFO: --> CLA[90] INS[af] P1[0] P2[0] NC[20] NE[100] Data[07 1D 0C 09 07 B2 1E C4 B2 72 DE 20 A0 31 E2 69 0C 9C 2D C2 73 00 89 28 6C 66 98 2C 0E 4C 22 AC]
Feb 22, 2019 12:23:31 PM com.genfare.smartcard.CardEncoder printResponse
INFO: <-- SW1[91] SW2[0] Body Byte Count[16] Data[EF 2D 88 4B 6B 5B 41 DB 3B F8 34 A6 57 0B 64 9D]
Feb 22, 2019 12:23:31 PM com.genfare.smartcard.CardEncoder authenticate
INFO: 4 AUTHENTICATED ENOUGH!
Feb 22, 2019 12:23:31 PM com.genfare.smartcard.CardEncoder authenticate
INFO: Final authentication step failed, but we don't care!
Feb 22, 2019 12:23:31 PM com.genfare.smartcard.CardEncoder printCommand
INFO: --> CLA[ff] INS[ca] P1[0] P2[0] NC[0] NE[100] Data[]
Feb 22, 2019 12:23:31 PM com.genfare.smartcard.CardEncoder printResponse
INFO: <-- SW1[90] SW2[0] Body Byte Count[7] Data[04 73 56 8A E5 48 80]
Feb 22, 2019 12:23:31 PM com.genfare.smartcard.CardEncoder convertBytesToLong
INFO: UID long: 1252715441506432
Feb 22, 2019 12:23:31 PM com.genfare.smartcard.CardEncoder printCommand
INFO: --> CLA[90] INS[aa] P1[0] P2[0] NC[1] NE[100] Data[09]
Feb 22, 2019 12:23:32 PM com.genfare.smartcard.CardEncoder printResponse
INFO: <-- SW1[91] SW2[af] Body Byte Count[16] Data[BD 97 08 95 79 13 0F 98 B3 57 44 8F AF 35 B2 96]
Feb 22, 2019 12:23:32 PM com.genfare.smartcard.CardEncoder authenticate
INFO: This is the key: 9
Feb 22, 2019 12:23:32 PM com.genfare.smartcard.CardEncoder authenticate
INFO: This is the key: [102, -51, 83, -46, -113, -77, 96, -20, 51, -49, 119, -119, 91, 28, 106, 100]
Feb 22, 2019 12:23:32 PM com.genfare.smartcard.CardEncoder printCommand
INFO: --> CLA[90] INS[af] P1[0] P2[0] NC[20] NE[100] Data[6A C2 91 1D 9E 6F AE B5 67 06 F0 FA 53 56 85 4D 2C 00 4C 75 03 F5 F1 6D 91 58 84 DE 04 4D 62 14]
Feb 22, 2019 12:23:32 PM com.genfare.smartcard.CardEncoder printResponse
INFO: <-- SW1[91] SW2[0] Body Byte Count[16] Data[49 B6 A3 F9 2A 5B 77 61 C2 23 77 07 55 E3 04 AC]
Feb 22, 2019 12:23:32 PM com.genfare.smartcard.CardEncoder authenticate
INFO: 9 AUTHENTICATED ENOUGH!
Feb 22, 2019 12:23:32 PM com.genfare.smartcard.CardEncoder authenticate
INFO: Final authentication step failed, but we don't care!
Feb 22, 2019 12:23:32 PM com.genfare.smartcard.CardEncoder printCommand
INFO: --> CLA[90] INS[bd] P1[0] P2[0] NC[7] NE[100] Data[00 00 00 00 20 00 00]
Feb 22, 2019 12:23:32 PM com.genfare.smartcard.CardEncoder printResponse
INFO: <-- SW1[91] SW2[0] Body Byte Count[40] Data[02 30 30 30 30 30 30 34 36 38 36 00 00 00 00 00 00 00 00 00 00 00 00 00 00 00 00 00 01 84 58 FB D6 E4 F3 34 D9 63 0F FB]
Feb 22, 2019 12:23:32 PM com.genfare.smartcard.CardEncoder quickReadCard
INFO: Card PID: [0000004686]
Feb 22, 2019 12:23:32 PM com.genfare.smartcard.CardEncoder printCommand
INFO: --> CLA[90] INS[aa] P1[0] P2[0] NC[1] NE[100] Data[04]
Feb 22, 2019 12:23:32 PM com.genfare.smartcard.CardEncoder printResponse
INFO: <-- SW1[91] SW2[af] Body Byte Count[16] Data[45 45 41 05 48 BC 65 AA B0 BE 56 B2 7D BB FE DD]
Feb 22, 2019 12:23:32 PM com.genfare.smartcard.CardEncoder authenticate
INFO: This is the key: 4
Feb 22, 2019 12:23:32 PM com.genfare.smartcard.CardEncoder authenticate
INFO: This is the key: [82, 2, -85, 34, -49, -67, -128, -115, -100, 39, 123, -12, -79, 57, -94, 16]
Feb 22, 2019 12:23:32 PM com.genfare.smartcard.CardEncoder printCommand
INFO: --> CLA[90] INS[af] P1[0] P2[0] NC[20] NE[100] Data[9E 30 32 F0 B4 2B 2E C3 64 5F FD A1 41 A7 55 53 9A A0 F9 27 0D B9 54 D3 1F C4 62 EE DA 29 2E 74]
Feb 22, 2019 12:23:32 PM com.genfare.smartcard.CardEncoder printResponse
INFO: <-- SW1[91] SW2[0] Body Byte Count[16] Data[D5 AE CB CE 27 8A E2 C6 B5 7F 78 BF DB 28 D7 59]
Feb 22, 2019 12:23:32 PM com.genfare.smartcard.CardEncoder authenticate
INFO: 4 AUTHENTICATED ENOUGH!
Feb 22, 2019 12:23:32 PM com.genfare.smartcard.CardEncoder authenticate
INFO: Final authentication step failed, but we don't care!
Feb 22, 2019 12:23:32 PM com.genfare.smartcard.CardEncoder printCommand
INFO: --> CLA[90] INS[f5] P1[0] P2[0] NC[1] NE[100] Data[04]
Feb 22, 2019 12:23:32 PM com.genfare.smartcard.CardEncoder printResponse
INFO: <-- SW1[91] SW2[0] Body Byte Count[15] Data[01 00 48 23 20 00 00 E0 C0 67 6A 7F 40 7E 5B]
Feb 22, 2019 12:23:32 PM com.genfare.smartcard.CardEncoder printCommand
INFO: --> CLA[90] INS[bd] P1[0] P2[0] NC[7] NE[100] Data[04 00 00 00 20 00 00]
Feb 22, 2019 12:23:32 PM com.genfare.smartcard.CardEncoder printResponse
INFO: <-- SW1[91] SW2[0] Body Byte Count[40] Data[00 00 00 00 00 00 00 00 00 00 00 00 00 00 00 00 00 00 00 00 00 00 00 00 00 00 00 00 00 00 FE 4F F5 86 92 8B 78 48 11 20]
Feb 22, 2019 12:23:32 PM com.genfare.smartcard.CardEncoder printCommand
INFO: --> CLA[90] INS[f5] P1[0] P2[0] NC[1] NE[100] Data[05]
Feb 22, 2019 12:23:32 PM com.genfare.smartcard.CardEncoder printResponse
INFO: <-- SW1[91] SW2[0] Body Byte Count[15] Data[01 00 48 23 20 00 00 5A 27 17 48 1E 82 8D 30]
Feb 22, 2019 12:23:32 PM com.genfare.smartcard.CardEncoder printCommand
INFO: --> CLA[90] INS[bd] P1[0] P2[0] NC[7] NE[100] Data[05 00 00 00 20 00 00]
Feb 22, 2019 12:23:32 PM com.genfare.smartcard.CardEncoder printResponse
INFO: <-- SW1[91] SW2[0] Body Byte Count[40] Data[00 00 00 00 00 00 00 00 00 00 00 00 00 00 00 00 00 00 00 00 00 00 00 00 00 00 00 00 00 00 FE 4F 8F 29 5F F6 33 82 2E 4B]
Feb 22, 2019 12:23:32 PM com.genfare.smartcard.CardEncoder printCommand
INFO: --> CLA[90] INS[bd] P1[0] P2[0] NC[7] NE[100] Data[02 00 00 00 20 00 00]
Feb 22, 2019 12:23:32 PM com.genfare.smartcard.CardEncoder printResponse
INFO: <-- SW1[91] SW2[0] Body Byte Count[40] Data[03 00 1A 03 00 00 00 00 00 00 00 00 00 00 00 00 00 00 00 00 00 00 00 00 00 00 00 00 00 00 C0 F8 1D 89 2A 60 9A C8 29 6D]
Feb 22, 2019 12:23:32 PM com.genfare.smartcard.CardEncoder quickReadCard
INFO: Product Type: 3
Feb 22, 2019 12:23:32 PM com.genfare.smartcard.CardEncoder printCommand
INFO: --> CLA[90] INS[bd] P1[0] P2[0] NC[7] NE[100] Data[06 00 00 00 20 00 00]
Feb 22, 2019 12:23:32 PM com.genfare.smartcard.CardEncoder printResponse
INFO: <-- SW1[91] SW2[0] Body Byte Count[40] Data[03 03 01 00 FF FF 00 00 00 00 00 00 00 00 00 00 00 00 00 00 00 00 00 00 00 00 00 00 00 00 DC DB CC E4 62 49 66 C2 50 09]
Feb 22, 2019 12:23:32 PM com.genfare.smartcard.CardEncoder quickReadCard
INFO: finally...disconnecting card
Feb 22, 2019 12:23:32 PM com.genfare.smartcard.CardEncoder disconnectCard
INFO: CARD DISCONNECTED and RESET
Feb 22, 2019 12:23:32 PM com.genfare.smartcard.CardEncoder quickReadCard
INFO: Transit Card: {"uid":1252715441506432,"printed_id":"0000004686","user_profile":1,"card_expiration_date":65535,"user_profile_expiration_date":65535,"card_expiration_date_str":"Jun 06, 2149","user_profile_expiration_date_str":"Jun 06, 2149","is_card_bad_listed":false,"is_card_registered":false,"preferred_language":0,"accessibility_flags":0,"products":[{"remaining_value":0,"replenish_amount":0,"is_negative":false,"threshold":0,"priority_and_condition":26,"status":"ACTIVE","is_prod_bad_listed":false,"product_type":3,"ticket_id":0,"designator":1,"designator_details":0,"start_date_epoch_days":65535,"exp_date_epoch_days":0,"is_linked_to_user_profile":false,"sourceZone":0,"destinationZone":0,"mfgId":0,"equipmentType":0,"equipmentId":0,"individualLoadSeqNo":0,"tpbCode":0,"rangeLoadSeqNo":0,"fileSize":32,"accessRights":18467,"fileVersion":3,"slotNumber":1,"balance":0,"pay_as_you_go_period_end_day":0,"bonus_ride_count":0,"pay_as_you_go_ride_count":0,"isAutoRechargeBackend":false,"isAutoRechargePurse1":false,"isAutoRechargePurse2":false,"isAccountBased":false,"isCardBased":false,"isTpbLock":false,"exp_date_str":"01/01/1970","start_date_str":"06/06/2149","isRegistered":false,"start_date":5662204200000,"exp_date":-19800000}],"journals":null,"is_tpb_locked":false,"tpb_code":0,"manufacturer_id":3,"equipment_type":0,"equipment_id":0,"num_products":4,"cardPropertiesFileVersion":4,"printedIDFileVersion":2,"productListFileVersion":3,"prioritiesAndConfigurationType":1,"individualLoadSeqNo":0,"rangeLoadSeqNo":0,"agency":388,"security_code":5,"account_flag":false,"account_load_sequence":0,"group":0,"designator":0,"account_fulfillment":false,"num_transfers":3,"num_bonus_passes":1,"num_pay_as_you_go_passes":1,"transfer":null,"bonus_pass":{"designator":0,"source_zone":0,"destination_zone":0,"expiration_time":0,"expiration_time_str":"Thu, Jan 01, 1970 12:00:00 AM","originating_route":0,"originating_direction":0,"originating_fare_paid":0,"latest_fare_paid":0,"latest_route":0,"latest_direction":0,"ride_count":0,"start_time":0,"start_time_str":"Thu, Jan 01, 1970 12:00:00 AM","balance":0},"pay_as_you_go_pass":null}
Feb 22, 2019 12:23:32 PM com.genfare.smartcard.CardEncoder quickReadCard
INFO: Cardexp 65535
Feb 22, 2019 12:23:32 PM com.genfare.smartcard.CardEncoder quickReadCard
INFO: Transit Card Product Count: 1
Feb 22, 2019 12:23:32 PM com.genfare.pos.applet.POSApplet readCard
INFO: Done reading DESFire
Feb 22, 2019 12:26:01 PM com.genfare.pos.diagnostics.DiagnosticJobListener getName
INFO: Got listener name
Feb 22, 2019 12:26:01 PM com.genfare.pos.diagnostics.DiagnosticJobListener jobToBeExecuted
INFO: Listener for diagnostic reports job scheduled.
Feb 22, 2019 12:26:01 PM com.genfare.pos.diagnostics.DiagnosticJob execute
INFO: DiagnosticJob executing...
Feb 22, 2019 12:26:01 PM com.genfare.pos.diagnostics.DiagnosticJobService runDiagnostics
INFO: Running diagnostics!
Feb 22, 2019 12:26:01 PM com.genfare.smartcard.PrintServiceMatcher findPrinter
INFO: Found 3 attached printers.
Feb 22, 2019 12:26:01 PM com.genfare.smartcard.PrintServiceMatcher findPrinter
INFO: Printer specified: EPSON BA-T500II
Feb 22, 2019 12:26:01 PM com.genfare.smartcard.PrintServiceMatcher findPrinter
WARNING: Printer not found: EPSON BA-T500II
Feb 22, 2019 12:26:01 PM com.genfare.smartcard.PrintServiceMatcher findPrinter
INFO: Found 3 attached printers.
Feb 22, 2019 12:26:01 PM com.genfare.smartcard.PrintServiceMatcher findPrinter
INFO: Printer specified: EPSON TM-T20II
Feb 22, 2019 12:26:01 PM com.genfare.smartcard.PrintServiceMatcher findPrinter
WARNING: Printer not found: EPSON TM-T20II
Feb 22, 2019 12:26:01 PM com.genfare.smartcard.PrintServiceMatcher findPrinter
INFO: Found 3 attached printers.
Feb 22, 2019 12:26:01 PM com.genfare.smartcard.PrintServiceMatcher findPrinter
INFO: Printer specified: EPSON_TM_T20II
Feb 22, 2019 12:26:01 PM com.genfare.smartcard.PrintServiceMatcher findPrinter
WARNING: Printer not found: EPSON_TM_T20II
Feb 22, 2019 12:26:01 PM com.genfare.smartcard.PrintServiceMatcher findPrinter
INFO: Found 3 attached printers.
Feb 22, 2019 12:26:01 PM com.genfare.smartcard.PrintServiceMatcher findPrinter
INFO: Printer specified: XP8200
Feb 22, 2019 12:26:01 PM com.genfare.smartcard.PrintServiceMatcher findPrinter
WARNING: Printer not found: XP8200
Feb 22, 2019 12:26:01 PM com.genfare.pos.remote.AWSRemoteSystem isAvailable
INFO: Web Portal Url: http://tarc-qe.gfcp.io
Feb 22, 2019 12:26:01 PM com.genfare.pos.remote.AWSRemoteSystem isAvailable
INFO: Successfully connected. Response code is 301
Feb 22, 2019 12:26:01 PM com.genfare.pos.core.device.pinpad.PinpadService getStatus
WARNING: Error getting status
java.lang.NullPointerException
	at com.genfare.pos.core.device.pinpad.PinpadManager.getStatus(PinpadManager.java:312)
	at com.genfare.pos.core.device.pinpad.PinpadService.getStatus(PinpadService.java:65)
	at com.genfare.pos.diagnostics.DiagnosticJobService.checkCreditCardProcessor(DiagnosticJobService.java:159)
	at com.genfare.pos.diagnostics.DiagnosticJobService.runDiagnostics(DiagnosticJobService.java:97)
	at com.genfare.pos.diagnostics.DiagnosticJob.execute(DiagnosticJob.java:23)
	at org.quartz.core.JobRunShell.run(JobRunShell.java:202)
	at org.quartz.simpl.SimpleThreadPool$WorkerThread.run(SimpleThreadPool.java:573)

Feb 22, 2019 12:26:01 PM com.genfare.pos.diagnostics.DiagnosticJobService runDiagnostics
INFO: ******************************************
Feb 22, 2019 12:26:01 PM com.genfare.pos.diagnostics.DiagnosticJobService runDiagnostics
INFO: DIAGNOSTIC STATUS
Feb 22, 2019 12:26:01 PM com.genfare.pos.diagnostics.DiagnosticJobService runDiagnostics
INFO: Receipt Printer Available: false
Feb 22, 2019 12:26:01 PM com.genfare.pos.diagnostics.DiagnosticJobService runDiagnostics
INFO: Cash Drawer Availabler: null
Feb 22, 2019 12:26:01 PM com.genfare.pos.diagnostics.DiagnosticJobService runDiagnostics
INFO: Patron Display Available: false
Feb 22, 2019 12:26:01 PM com.genfare.pos.diagnostics.DiagnosticJobService runDiagnostics
INFO: Encoder Available: true
Feb 22, 2019 12:26:01 PM com.genfare.pos.diagnostics.DiagnosticJobService runDiagnostics
INFO: Network Available: true
Feb 22, 2019 12:26:01 PM com.genfare.pos.diagnostics.DiagnosticJobService runDiagnostics
INFO: Credit Card Processor Available: false
Feb 22, 2019 12:26:01 PM com.genfare.pos.diagnostics.DiagnosticJobService runDiagnostics
INFO: ******************************************
Feb 22, 2019 12:26:01 PM com.genfare.pos.diagnostics.DiagnosticJobListener getName
INFO: Got listener name
Feb 22, 2019 12:26:01 PM com.genfare.pos.diagnostics.DiagnosticJobListener jobWasExecuted
INFO: Listener for diagnostic reports job finished.
Feb 22, 2019 12:31:01 PM com.genfare.pos.diagnostics.DiagnosticJobListener getName
INFO: Got listener name
Feb 22, 2019 12:31:01 PM com.genfare.pos.diagnostics.DiagnosticJobListener jobToBeExecuted
INFO: Listener for diagnostic reports job scheduled.
Feb 22, 2019 12:31:01 PM com.genfare.pos.diagnostics.DiagnosticJob execute
INFO: DiagnosticJob executing...
Feb 22, 2019 12:31:01 PM com.genfare.pos.diagnostics.DiagnosticJobService runDiagnostics
INFO: Running diagnostics!
Feb 22, 2019 12:31:01 PM com.genfare.smartcard.PrintServiceMatcher findPrinter
INFO: Found 3 attached printers.
Feb 22, 2019 12:31:01 PM com.genfare.smartcard.PrintServiceMatcher findPrinter
INFO: Printer specified: EPSON BA-T500II
Feb 22, 2019 12:31:01 PM com.genfare.smartcard.PrintServiceMatcher findPrinter
WARNING: Printer not found: EPSON BA-T500II
Feb 22, 2019 12:31:01 PM com.genfare.smartcard.PrintServiceMatcher findPrinter
INFO: Found 3 attached printers.
Feb 22, 2019 12:31:01 PM com.genfare.smartcard.PrintServiceMatcher findPrinter
INFO: Printer specified: EPSON TM-T20II
Feb 22, 2019 12:31:01 PM com.genfare.smartcard.PrintServiceMatcher findPrinter
WARNING: Printer not found: EPSON TM-T20II
Feb 22, 2019 12:31:01 PM com.genfare.smartcard.PrintServiceMatcher findPrinter
INFO: Found 3 attached printers.
Feb 22, 2019 12:31:01 PM com.genfare.smartcard.PrintServiceMatcher findPrinter
INFO: Printer specified: EPSON_TM_T20II
Feb 22, 2019 12:31:01 PM com.genfare.smartcard.PrintServiceMatcher findPrinter
WARNING: Printer not found: EPSON_TM_T20II
Feb 22, 2019 12:31:01 PM com.genfare.smartcard.PrintServiceMatcher findPrinter
INFO: Found 3 attached printers.
Feb 22, 2019 12:31:01 PM com.genfare.smartcard.PrintServiceMatcher findPrinter
INFO: Printer specified: XP8200
Feb 22, 2019 12:31:01 PM com.genfare.smartcard.PrintServiceMatcher findPrinter
WARNING: Printer not found: XP8200
Feb 22, 2019 12:31:01 PM com.genfare.pos.remote.AWSRemoteSystem isAvailable
INFO: Web Portal Url: http://tarc-qe.gfcp.io
Feb 22, 2019 12:31:01 PM com.genfare.pos.remote.AWSRemoteSystem isAvailable
INFO: Successfully connected. Response code is 301
Feb 22, 2019 12:31:01 PM com.genfare.pos.core.device.pinpad.PinpadService getStatus
WARNING: Error getting status
java.lang.NullPointerException
	at com.genfare.pos.core.device.pinpad.PinpadManager.getStatus(PinpadManager.java:312)
	at com.genfare.pos.core.device.pinpad.PinpadService.getStatus(PinpadService.java:65)
	at com.genfare.pos.diagnostics.DiagnosticJobService.checkCreditCardProcessor(DiagnosticJobService.java:159)
	at com.genfare.pos.diagnostics.DiagnosticJobService.runDiagnostics(DiagnosticJobService.java:97)
	at com.genfare.pos.diagnostics.DiagnosticJob.execute(DiagnosticJob.java:23)
	at org.quartz.core.JobRunShell.run(JobRunShell.java:202)
	at org.quartz.simpl.SimpleThreadPool$WorkerThread.run(SimpleThreadPool.java:573)

Feb 22, 2019 12:31:01 PM com.genfare.pos.diagnostics.DiagnosticJobService runDiagnostics
INFO: ******************************************
Feb 22, 2019 12:31:01 PM com.genfare.pos.diagnostics.DiagnosticJobService runDiagnostics
INFO: DIAGNOSTIC STATUS
Feb 22, 2019 12:31:01 PM com.genfare.pos.diagnostics.DiagnosticJobService runDiagnostics
INFO: Receipt Printer Available: false
Feb 22, 2019 12:31:01 PM com.genfare.pos.diagnostics.DiagnosticJobService runDiagnostics
INFO: Cash Drawer Availabler: null
Feb 22, 2019 12:31:01 PM com.genfare.pos.diagnostics.DiagnosticJobService runDiagnostics
INFO: Patron Display Available: false
Feb 22, 2019 12:31:01 PM com.genfare.pos.diagnostics.DiagnosticJobService runDiagnostics
INFO: Encoder Available: true
Feb 22, 2019 12:31:01 PM com.genfare.pos.diagnostics.DiagnosticJobService runDiagnostics
INFO: Network Available: true
Feb 22, 2019 12:31:01 PM com.genfare.pos.diagnostics.DiagnosticJobService runDiagnostics
INFO: Credit Card Processor Available: false
Feb 22, 2019 12:31:01 PM com.genfare.pos.diagnostics.DiagnosticJobService runDiagnostics
INFO: ******************************************
Feb 22, 2019 12:31:01 PM com.genfare.pos.diagnostics.DiagnosticJobListener getName
INFO: Got listener name
Feb 22, 2019 12:31:01 PM com.genfare.pos.diagnostics.DiagnosticJobListener jobWasExecuted
INFO: Listener for diagnostic reports job finished.
Feb 22, 2019 12:36:01 PM com.genfare.pos.diagnostics.DiagnosticJobListener getName
INFO: Got listener name
Feb 22, 2019 12:36:01 PM com.genfare.pos.diagnostics.DiagnosticJobListener jobToBeExecuted
INFO: Listener for diagnostic reports job scheduled.
Feb 22, 2019 12:36:01 PM com.genfare.pos.diagnostics.DiagnosticJob execute
INFO: DiagnosticJob executing...
Feb 22, 2019 12:36:01 PM com.genfare.pos.diagnostics.DiagnosticJobService runDiagnostics
INFO: Running diagnostics!
Feb 22, 2019 12:36:01 PM com.genfare.smartcard.PrintServiceMatcher findPrinter
INFO: Found 3 attached printers.
Feb 22, 2019 12:36:01 PM com.genfare.smartcard.PrintServiceMatcher findPrinter
INFO: Printer specified: EPSON BA-T500II
Feb 22, 2019 12:36:01 PM com.genfare.smartcard.PrintServiceMatcher findPrinter
WARNING: Printer not found: EPSON BA-T500II
Feb 22, 2019 12:36:01 PM com.genfare.smartcard.PrintServiceMatcher findPrinter
INFO: Found 3 attached printers.
Feb 22, 2019 12:36:01 PM com.genfare.smartcard.PrintServiceMatcher findPrinter
INFO: Printer specified: EPSON TM-T20II
Feb 22, 2019 12:36:01 PM com.genfare.smartcard.PrintServiceMatcher findPrinter
WARNING: Printer not found: EPSON TM-T20II
Feb 22, 2019 12:36:01 PM com.genfare.smartcard.PrintServiceMatcher findPrinter
INFO: Found 3 attached printers.
Feb 22, 2019 12:36:01 PM com.genfare.smartcard.PrintServiceMatcher findPrinter
INFO: Printer specified: EPSON_TM_T20II
Feb 22, 2019 12:36:01 PM com.genfare.smartcard.PrintServiceMatcher findPrinter
WARNING: Printer not found: EPSON_TM_T20II
Feb 22, 2019 12:36:01 PM com.genfare.smartcard.PrintServiceMatcher findPrinter
INFO: Found 3 attached printers.
Feb 22, 2019 12:36:01 PM com.genfare.smartcard.PrintServiceMatcher findPrinter
INFO: Printer specified: XP8200
Feb 22, 2019 12:36:01 PM com.genfare.smartcard.PrintServiceMatcher findPrinter
WARNING: Printer not found: XP8200
Feb 22, 2019 12:36:01 PM com.genfare.pos.remote.AWSRemoteSystem isAvailable
INFO: Web Portal Url: http://tarc-qe.gfcp.io
Feb 22, 2019 12:36:01 PM com.genfare.pos.remote.AWSRemoteSystem isAvailable
INFO: Successfully connected. Response code is 301
Feb 22, 2019 12:36:01 PM com.genfare.pos.core.device.pinpad.PinpadService getStatus
WARNING: Error getting status
java.lang.NullPointerException
	at com.genfare.pos.core.device.pinpad.PinpadManager.getStatus(PinpadManager.java:312)
	at com.genfare.pos.core.device.pinpad.PinpadService.getStatus(PinpadService.java:65)
	at com.genfare.pos.diagnostics.DiagnosticJobService.checkCreditCardProcessor(DiagnosticJobService.java:159)
	at com.genfare.pos.diagnostics.DiagnosticJobService.runDiagnostics(DiagnosticJobService.java:97)
	at com.genfare.pos.diagnostics.DiagnosticJob.execute(DiagnosticJob.java:23)
	at org.quartz.core.JobRunShell.run(JobRunShell.java:202)
	at org.quartz.simpl.SimpleThreadPool$WorkerThread.run(SimpleThreadPool.java:573)

Feb 22, 2019 12:36:01 PM com.genfare.pos.diagnostics.DiagnosticJobService runDiagnostics
INFO: ******************************************
Feb 22, 2019 12:36:01 PM com.genfare.pos.diagnostics.DiagnosticJobService runDiagnostics
INFO: DIAGNOSTIC STATUS
Feb 22, 2019 12:36:01 PM com.genfare.pos.diagnostics.DiagnosticJobService runDiagnostics
INFO: Receipt Printer Available: false
Feb 22, 2019 12:36:01 PM com.genfare.pos.diagnostics.DiagnosticJobService runDiagnostics
INFO: Cash Drawer Availabler: null
Feb 22, 2019 12:36:01 PM com.genfare.pos.diagnostics.DiagnosticJobService runDiagnostics
INFO: Patron Display Available: false
Feb 22, 2019 12:36:01 PM com.genfare.pos.diagnostics.DiagnosticJobService runDiagnostics
INFO: Encoder Available: true
Feb 22, 2019 12:36:01 PM com.genfare.pos.diagnostics.DiagnosticJobService runDiagnostics
INFO: Network Available: true
Feb 22, 2019 12:36:01 PM com.genfare.pos.diagnostics.DiagnosticJobService runDiagnostics
INFO: Credit Card Processor Available: false
Feb 22, 2019 12:36:01 PM com.genfare.pos.diagnostics.DiagnosticJobService runDiagnostics
INFO: ******************************************
Feb 22, 2019 12:36:01 PM com.genfare.pos.diagnostics.DiagnosticJobListener getName
INFO: Got listener name
Feb 22, 2019 12:36:01 PM com.genfare.pos.diagnostics.DiagnosticJobListener jobWasExecuted
INFO: Listener for diagnostic reports job finished.
Feb 22, 2019 12:41:01 PM com.genfare.pos.diagnostics.DiagnosticJobListener getName
INFO: Got listener name
Feb 22, 2019 12:41:01 PM com.genfare.pos.diagnostics.DiagnosticJobListener jobToBeExecuted
INFO: Listener for diagnostic reports job scheduled.
Feb 22, 2019 12:41:01 PM com.genfare.pos.diagnostics.DiagnosticJob execute
INFO: DiagnosticJob executing...
Feb 22, 2019 12:41:01 PM com.genfare.pos.diagnostics.DiagnosticJobService runDiagnostics
INFO: Running diagnostics!
Feb 22, 2019 12:41:01 PM com.genfare.smartcard.PrintServiceMatcher findPrinter
INFO: Found 3 attached printers.
Feb 22, 2019 12:41:01 PM com.genfare.smartcard.PrintServiceMatcher findPrinter
INFO: Printer specified: EPSON BA-T500II
Feb 22, 2019 12:41:01 PM com.genfare.smartcard.PrintServiceMatcher findPrinter
WARNING: Printer not found: EPSON BA-T500II
Feb 22, 2019 12:41:01 PM com.genfare.smartcard.PrintServiceMatcher findPrinter
INFO: Found 3 attached printers.
Feb 22, 2019 12:41:01 PM com.genfare.smartcard.PrintServiceMatcher findPrinter
INFO: Printer specified: EPSON TM-T20II
Feb 22, 2019 12:41:01 PM com.genfare.smartcard.PrintServiceMatcher findPrinter
WARNING: Printer not found: EPSON TM-T20II
Feb 22, 2019 12:41:01 PM com.genfare.smartcard.PrintServiceMatcher findPrinter
INFO: Found 3 attached printers.
Feb 22, 2019 12:41:01 PM com.genfare.smartcard.PrintServiceMatcher findPrinter
INFO: Printer specified: EPSON_TM_T20II
Feb 22, 2019 12:41:01 PM com.genfare.smartcard.PrintServiceMatcher findPrinter
WARNING: Printer not found: EPSON_TM_T20II
Feb 22, 2019 12:41:01 PM com.genfare.smartcard.PrintServiceMatcher findPrinter
INFO: Found 3 attached printers.
Feb 22, 2019 12:41:01 PM com.genfare.smartcard.PrintServiceMatcher findPrinter
INFO: Printer specified: XP8200
Feb 22, 2019 12:41:01 PM com.genfare.smartcard.PrintServiceMatcher findPrinter
WARNING: Printer not found: XP8200
Feb 22, 2019 12:41:01 PM com.genfare.pos.remote.AWSRemoteSystem isAvailable
INFO: Web Portal Url: http://tarc-qe.gfcp.io
Feb 22, 2019 12:41:01 PM com.genfare.pos.remote.AWSRemoteSystem isAvailable
INFO: Successfully connected. Response code is 301
Feb 22, 2019 12:41:01 PM com.genfare.pos.core.device.pinpad.PinpadService getStatus
WARNING: Error getting status
java.lang.NullPointerException
	at com.genfare.pos.core.device.pinpad.PinpadManager.getStatus(PinpadManager.java:312)
	at com.genfare.pos.core.device.pinpad.PinpadService.getStatus(PinpadService.java:65)
	at com.genfare.pos.diagnostics.DiagnosticJobService.checkCreditCardProcessor(DiagnosticJobService.java:159)
	at com.genfare.pos.diagnostics.DiagnosticJobService.runDiagnostics(DiagnosticJobService.java:97)
	at com.genfare.pos.diagnostics.DiagnosticJob.execute(DiagnosticJob.java:23)
	at org.quartz.core.JobRunShell.run(JobRunShell.java:202)
	at org.quartz.simpl.SimpleThreadPool$WorkerThread.run(SimpleThreadPool.java:573)

Feb 22, 2019 12:41:01 PM com.genfare.pos.diagnostics.DiagnosticJobService runDiagnostics
INFO: ******************************************
Feb 22, 2019 12:41:01 PM com.genfare.pos.diagnostics.DiagnosticJobService runDiagnostics
INFO: DIAGNOSTIC STATUS
Feb 22, 2019 12:41:01 PM com.genfare.pos.diagnostics.DiagnosticJobService runDiagnostics
INFO: Receipt Printer Available: false
Feb 22, 2019 12:41:01 PM com.genfare.pos.diagnostics.DiagnosticJobService runDiagnostics
INFO: Cash Drawer Availabler: null
Feb 22, 2019 12:41:01 PM com.genfare.pos.diagnostics.DiagnosticJobService runDiagnostics
INFO: Patron Display Available: false
Feb 22, 2019 12:41:01 PM com.genfare.pos.diagnostics.DiagnosticJobService runDiagnostics
INFO: Encoder Available: true
Feb 22, 2019 12:41:01 PM com.genfare.pos.diagnostics.DiagnosticJobService runDiagnostics
INFO: Network Available: true
Feb 22, 2019 12:41:01 PM com.genfare.pos.diagnostics.DiagnosticJobService runDiagnostics
INFO: Credit Card Processor Available: false
Feb 22, 2019 12:41:01 PM com.genfare.pos.diagnostics.DiagnosticJobService runDiagnostics
INFO: ******************************************
Feb 22, 2019 12:41:01 PM com.genfare.pos.diagnostics.DiagnosticJobListener getName
INFO: Got listener name
Feb 22, 2019 12:41:01 PM com.genfare.pos.diagnostics.DiagnosticJobListener jobWasExecuted
INFO: Listener for diagnostic reports job finished.
Feb 22, 2019 12:46:01 PM com.genfare.pos.diagnostics.DiagnosticJobListener getName
INFO: Got listener name
Feb 22, 2019 12:46:01 PM com.genfare.pos.diagnostics.DiagnosticJobListener jobToBeExecuted
INFO: Listener for diagnostic reports job scheduled.
Feb 22, 2019 12:46:01 PM com.genfare.pos.diagnostics.DiagnosticJob execute
INFO: DiagnosticJob executing...
Feb 22, 2019 12:46:01 PM com.genfare.pos.diagnostics.DiagnosticJobService runDiagnostics
INFO: Running diagnostics!
Feb 22, 2019 12:46:01 PM com.genfare.smartcard.PrintServiceMatcher findPrinter
INFO: Found 3 attached printers.
Feb 22, 2019 12:46:01 PM com.genfare.smartcard.PrintServiceMatcher findPrinter
INFO: Printer specified: EPSON BA-T500II
Feb 22, 2019 12:46:01 PM com.genfare.smartcard.PrintServiceMatcher findPrinter
WARNING: Printer not found: EPSON BA-T500II
Feb 22, 2019 12:46:01 PM com.genfare.smartcard.PrintServiceMatcher findPrinter
INFO: Found 3 attached printers.
Feb 22, 2019 12:46:01 PM com.genfare.smartcard.PrintServiceMatcher findPrinter
INFO: Printer specified: EPSON TM-T20II
Feb 22, 2019 12:46:01 PM com.genfare.smartcard.PrintServiceMatcher findPrinter
WARNING: Printer not found: EPSON TM-T20II
Feb 22, 2019 12:46:01 PM com.genfare.smartcard.PrintServiceMatcher findPrinter
INFO: Found 3 attached printers.
Feb 22, 2019 12:46:01 PM com.genfare.smartcard.PrintServiceMatcher findPrinter
INFO: Printer specified: EPSON_TM_T20II
Feb 22, 2019 12:46:01 PM com.genfare.smartcard.PrintServiceMatcher findPrinter
WARNING: Printer not found: EPSON_TM_T20II
Feb 22, 2019 12:46:01 PM com.genfare.smartcard.PrintServiceMatcher findPrinter
INFO: Found 3 attached printers.
Feb 22, 2019 12:46:01 PM com.genfare.smartcard.PrintServiceMatcher findPrinter
INFO: Printer specified: XP8200
Feb 22, 2019 12:46:01 PM com.genfare.smartcard.PrintServiceMatcher findPrinter
WARNING: Printer not found: XP8200
Feb 22, 2019 12:46:01 PM com.genfare.pos.remote.AWSRemoteSystem isAvailable
INFO: Web Portal Url: http://tarc-qe.gfcp.io
Feb 22, 2019 12:46:01 PM com.genfare.pos.remote.AWSRemoteSystem isAvailable
INFO: Successfully connected. Response code is 301
Feb 22, 2019 12:46:01 PM com.genfare.pos.core.device.pinpad.PinpadService getStatus
WARNING: Error getting status
java.lang.NullPointerException
	at com.genfare.pos.core.device.pinpad.PinpadManager.getStatus(PinpadManager.java:312)
	at com.genfare.pos.core.device.pinpad.PinpadService.getStatus(PinpadService.java:65)
	at com.genfare.pos.diagnostics.DiagnosticJobService.checkCreditCardProcessor(DiagnosticJobService.java:159)
	at com.genfare.pos.diagnostics.DiagnosticJobService.runDiagnostics(DiagnosticJobService.java:97)
	at com.genfare.pos.diagnostics.DiagnosticJob.execute(DiagnosticJob.java:23)
	at org.quartz.core.JobRunShell.run(JobRunShell.java:202)
	at org.quartz.simpl.SimpleThreadPool$WorkerThread.run(SimpleThreadPool.java:573)

Feb 22, 2019 12:46:01 PM com.genfare.pos.diagnostics.DiagnosticJobService runDiagnostics
INFO: ******************************************
Feb 22, 2019 12:46:01 PM com.genfare.pos.diagnostics.DiagnosticJobService runDiagnostics
INFO: DIAGNOSTIC STATUS
Feb 22, 2019 12:46:01 PM com.genfare.pos.diagnostics.DiagnosticJobService runDiagnostics
INFO: Receipt Printer Available: false
Feb 22, 2019 12:46:01 PM com.genfare.pos.diagnostics.DiagnosticJobService runDiagnostics
INFO: Cash Drawer Availabler: null
Feb 22, 2019 12:46:01 PM com.genfare.pos.diagnostics.DiagnosticJobService runDiagnostics
INFO: Patron Display Available: false
Feb 22, 2019 12:46:01 PM com.genfare.pos.diagnostics.DiagnosticJobService runDiagnostics
INFO: Encoder Available: true
Feb 22, 2019 12:46:01 PM com.genfare.pos.diagnostics.DiagnosticJobService runDiagnostics
INFO: Network Available: true
Feb 22, 2019 12:46:01 PM com.genfare.pos.diagnostics.DiagnosticJobService runDiagnostics
INFO: Credit Card Processor Available: false
Feb 22, 2019 12:46:01 PM com.genfare.pos.diagnostics.DiagnosticJobService runDiagnostics
INFO: ******************************************
Feb 22, 2019 12:46:01 PM com.genfare.pos.diagnostics.DiagnosticJobListener getName
INFO: Got listener name
Feb 22, 2019 12:46:01 PM com.genfare.pos.diagnostics.DiagnosticJobListener jobWasExecuted
INFO: Listener for diagnostic reports job finished.
Feb 22, 2019 12:51:01 PM com.genfare.pos.diagnostics.DiagnosticJobListener getName
INFO: Got listener name
Feb 22, 2019 12:51:01 PM com.genfare.pos.diagnostics.DiagnosticJobListener jobToBeExecuted
INFO: Listener for diagnostic reports job scheduled.
Feb 22, 2019 12:51:01 PM com.genfare.pos.diagnostics.DiagnosticJob execute
INFO: DiagnosticJob executing...
Feb 22, 2019 12:51:01 PM com.genfare.pos.diagnostics.DiagnosticJobService runDiagnostics
INFO: Running diagnostics!
Feb 22, 2019 12:51:01 PM com.genfare.smartcard.PrintServiceMatcher findPrinter
INFO: Found 3 attached printers.
Feb 22, 2019 12:51:01 PM com.genfare.smartcard.PrintServiceMatcher findPrinter
INFO: Printer specified: EPSON BA-T500II
Feb 22, 2019 12:51:01 PM com.genfare.smartcard.PrintServiceMatcher findPrinter
WARNING: Printer not found: EPSON BA-T500II
Feb 22, 2019 12:51:01 PM com.genfare.smartcard.PrintServiceMatcher findPrinter
INFO: Found 3 attached printers.
Feb 22, 2019 12:51:01 PM com.genfare.smartcard.PrintServiceMatcher findPrinter
INFO: Printer specified: EPSON TM-T20II
Feb 22, 2019 12:51:01 PM com.genfare.smartcard.PrintServiceMatcher findPrinter
WARNING: Printer not found: EPSON TM-T20II
Feb 22, 2019 12:51:01 PM com.genfare.smartcard.PrintServiceMatcher findPrinter
INFO: Found 3 attached printers.
Feb 22, 2019 12:51:01 PM com.genfare.smartcard.PrintServiceMatcher findPrinter
INFO: Printer specified: EPSON_TM_T20II
Feb 22, 2019 12:51:01 PM com.genfare.smartcard.PrintServiceMatcher findPrinter
WARNING: Printer not found: EPSON_TM_T20II
Feb 22, 2019 12:51:01 PM com.genfare.smartcard.PrintServiceMatcher findPrinter
INFO: Found 3 attached printers.
Feb 22, 2019 12:51:01 PM com.genfare.smartcard.PrintServiceMatcher findPrinter
INFO: Printer specified: XP8200
Feb 22, 2019 12:51:01 PM com.genfare.smartcard.PrintServiceMatcher findPrinter
WARNING: Printer not found: XP8200
Feb 22, 2019 12:51:01 PM com.genfare.pos.remote.AWSRemoteSystem isAvailable
INFO: Web Portal Url: http://tarc-qe.gfcp.io
Feb 22, 2019 12:51:01 PM com.genfare.pos.remote.AWSRemoteSystem isAvailable
INFO: Successfully connected. Response code is 301
Feb 22, 2019 12:51:01 PM com.genfare.pos.core.device.pinpad.PinpadService getStatus
WARNING: Error getting status
java.lang.NullPointerException
	at com.genfare.pos.core.device.pinpad.PinpadManager.getStatus(PinpadManager.java:312)
	at com.genfare.pos.core.device.pinpad.PinpadService.getStatus(PinpadService.java:65)
	at com.genfare.pos.diagnostics.DiagnosticJobService.checkCreditCardProcessor(DiagnosticJobService.java:159)
	at com.genfare.pos.diagnostics.DiagnosticJobService.runDiagnostics(DiagnosticJobService.java:97)
	at com.genfare.pos.diagnostics.DiagnosticJob.execute(DiagnosticJob.java:23)
	at org.quartz.core.JobRunShell.run(JobRunShell.java:202)
	at org.quartz.simpl.SimpleThreadPool$WorkerThread.run(SimpleThreadPool.java:573)

Feb 22, 2019 12:51:01 PM com.genfare.pos.diagnostics.DiagnosticJobService runDiagnostics
INFO: ******************************************
Feb 22, 2019 12:51:01 PM com.genfare.pos.diagnostics.DiagnosticJobService runDiagnostics
INFO: DIAGNOSTIC STATUS
Feb 22, 2019 12:51:01 PM com.genfare.pos.diagnostics.DiagnosticJobService runDiagnostics
INFO: Receipt Printer Available: false
Feb 22, 2019 12:51:01 PM com.genfare.pos.diagnostics.DiagnosticJobService runDiagnostics
INFO: Cash Drawer Availabler: null
Feb 22, 2019 12:51:01 PM com.genfare.pos.diagnostics.DiagnosticJobService runDiagnostics
INFO: Patron Display Available: false
Feb 22, 2019 12:51:01 PM com.genfare.pos.diagnostics.DiagnosticJobService runDiagnostics
INFO: Encoder Available: true
Feb 22, 2019 12:51:01 PM com.genfare.pos.diagnostics.DiagnosticJobService runDiagnostics
INFO: Network Available: true
Feb 22, 2019 12:51:01 PM com.genfare.pos.diagnostics.DiagnosticJobService runDiagnostics
INFO: Credit Card Processor Available: false
Feb 22, 2019 12:51:01 PM com.genfare.pos.diagnostics.DiagnosticJobService runDiagnostics
INFO: ******************************************
Feb 22, 2019 12:51:01 PM com.genfare.pos.diagnostics.DiagnosticJobListener getName
INFO: Got listener name
Feb 22, 2019 12:51:01 PM com.genfare.pos.diagnostics.DiagnosticJobListener jobWasExecuted
INFO: Listener for diagnostic reports job finished.
Feb 22, 2019 12:56:01 PM com.genfare.pos.diagnostics.DiagnosticJobListener getName
INFO: Got listener name
Feb 22, 2019 12:56:01 PM com.genfare.pos.diagnostics.DiagnosticJobListener jobToBeExecuted
INFO: Listener for diagnostic reports job scheduled.
Feb 22, 2019 12:56:01 PM com.genfare.pos.diagnostics.DiagnosticJob execute
INFO: DiagnosticJob executing...
Feb 22, 2019 12:56:01 PM com.genfare.pos.diagnostics.DiagnosticJobService runDiagnostics
INFO: Running diagnostics!
Feb 22, 2019 12:56:01 PM com.genfare.smartcard.PrintServiceMatcher findPrinter
INFO: Found 3 attached printers.
Feb 22, 2019 12:56:01 PM com.genfare.smartcard.PrintServiceMatcher findPrinter
INFO: Printer specified: EPSON BA-T500II
Feb 22, 2019 12:56:01 PM com.genfare.smartcard.PrintServiceMatcher findPrinter
WARNING: Printer not found: EPSON BA-T500II
Feb 22, 2019 12:56:01 PM com.genfare.smartcard.PrintServiceMatcher findPrinter
INFO: Found 3 attached printers.
Feb 22, 2019 12:56:01 PM com.genfare.smartcard.PrintServiceMatcher findPrinter
INFO: Printer specified: EPSON TM-T20II
Feb 22, 2019 12:56:01 PM com.genfare.smartcard.PrintServiceMatcher findPrinter
WARNING: Printer not found: EPSON TM-T20II
Feb 22, 2019 12:56:01 PM com.genfare.smartcard.PrintServiceMatcher findPrinter
INFO: Found 3 attached printers.
Feb 22, 2019 12:56:01 PM com.genfare.smartcard.PrintServiceMatcher findPrinter
INFO: Printer specified: EPSON_TM_T20II
Feb 22, 2019 12:56:01 PM com.genfare.smartcard.PrintServiceMatcher findPrinter
WARNING: Printer not found: EPSON_TM_T20II
Feb 22, 2019 12:56:01 PM com.genfare.smartcard.PrintServiceMatcher findPrinter
INFO: Found 3 attached printers.
Feb 22, 2019 12:56:01 PM com.genfare.smartcard.PrintServiceMatcher findPrinter
INFO: Printer specified: XP8200
Feb 22, 2019 12:56:01 PM com.genfare.smartcard.PrintServiceMatcher findPrinter
WARNING: Printer not found: XP8200
Feb 22, 2019 12:56:01 PM com.genfare.pos.remote.AWSRemoteSystem isAvailable
INFO: Web Portal Url: http://tarc-qe.gfcp.io
Feb 22, 2019 12:56:01 PM com.genfare.pos.remote.AWSRemoteSystem isAvailable
INFO: Successfully connected. Response code is 301
Feb 22, 2019 12:56:01 PM com.genfare.pos.core.device.pinpad.PinpadService getStatus
WARNING: Error getting status
java.lang.NullPointerException
	at com.genfare.pos.core.device.pinpad.PinpadManager.getStatus(PinpadManager.java:312)
	at com.genfare.pos.core.device.pinpad.PinpadService.getStatus(PinpadService.java:65)
	at com.genfare.pos.diagnostics.DiagnosticJobService.checkCreditCardProcessor(DiagnosticJobService.java:159)
	at com.genfare.pos.diagnostics.DiagnosticJobService.runDiagnostics(DiagnosticJobService.java:97)
	at com.genfare.pos.diagnostics.DiagnosticJob.execute(DiagnosticJob.java:23)
	at org.quartz.core.JobRunShell.run(JobRunShell.java:202)
	at org.quartz.simpl.SimpleThreadPool$WorkerThread.run(SimpleThreadPool.java:573)

Feb 22, 2019 12:56:01 PM com.genfare.pos.diagnostics.DiagnosticJobService runDiagnostics
INFO: ******************************************
Feb 22, 2019 12:56:01 PM com.genfare.pos.diagnostics.DiagnosticJobService runDiagnostics
INFO: DIAGNOSTIC STATUS
Feb 22, 2019 12:56:01 PM com.genfare.pos.diagnostics.DiagnosticJobService runDiagnostics
INFO: Receipt Printer Available: false
Feb 22, 2019 12:56:01 PM com.genfare.pos.diagnostics.DiagnosticJobService runDiagnostics
INFO: Cash Drawer Availabler: null
Feb 22, 2019 12:56:01 PM com.genfare.pos.diagnostics.DiagnosticJobService runDiagnostics
INFO: Patron Display Available: false
Feb 22, 2019 12:56:01 PM com.genfare.pos.diagnostics.DiagnosticJobService runDiagnostics
INFO: Encoder Available: true
Feb 22, 2019 12:56:01 PM com.genfare.pos.diagnostics.DiagnosticJobService runDiagnostics
INFO: Network Available: true
Feb 22, 2019 12:56:01 PM com.genfare.pos.diagnostics.DiagnosticJobService runDiagnostics
INFO: Credit Card Processor Available: false
Feb 22, 2019 12:56:01 PM com.genfare.pos.diagnostics.DiagnosticJobService runDiagnostics
INFO: ******************************************
Feb 22, 2019 12:56:01 PM com.genfare.pos.diagnostics.DiagnosticJobListener getName
INFO: Got listener name
Feb 22, 2019 12:56:01 PM com.genfare.pos.diagnostics.DiagnosticJobListener jobWasExecuted
INFO: Listener for diagnostic reports job finished.
Feb 22, 2019 1:01:01 PM com.genfare.pos.diagnostics.DiagnosticJobListener getName
INFO: Got listener name
Feb 22, 2019 1:01:01 PM com.genfare.pos.diagnostics.DiagnosticJobListener jobToBeExecuted
INFO: Listener for diagnostic reports job scheduled.
Feb 22, 2019 1:01:01 PM com.genfare.pos.diagnostics.DiagnosticJob execute
INFO: DiagnosticJob executing...
Feb 22, 2019 1:01:01 PM com.genfare.pos.diagnostics.DiagnosticJobService runDiagnostics
INFO: Running diagnostics!
Feb 22, 2019 1:01:01 PM com.genfare.smartcard.PrintServiceMatcher findPrinter
INFO: Found 3 attached printers.
Feb 22, 2019 1:01:01 PM com.genfare.smartcard.PrintServiceMatcher findPrinter
INFO: Printer specified: EPSON BA-T500II
Feb 22, 2019 1:01:01 PM com.genfare.smartcard.PrintServiceMatcher findPrinter
WARNING: Printer not found: EPSON BA-T500II
Feb 22, 2019 1:01:01 PM com.genfare.smartcard.PrintServiceMatcher findPrinter
INFO: Found 3 attached printers.
Feb 22, 2019 1:01:01 PM com.genfare.smartcard.PrintServiceMatcher findPrinter
INFO: Printer specified: EPSON TM-T20II
Feb 22, 2019 1:01:01 PM com.genfare.smartcard.PrintServiceMatcher findPrinter
WARNING: Printer not found: EPSON TM-T20II
Feb 22, 2019 1:01:01 PM com.genfare.smartcard.PrintServiceMatcher findPrinter
INFO: Found 3 attached printers.
Feb 22, 2019 1:01:01 PM com.genfare.smartcard.PrintServiceMatcher findPrinter
INFO: Printer specified: EPSON_TM_T20II
Feb 22, 2019 1:01:01 PM com.genfare.smartcard.PrintServiceMatcher findPrinter
WARNING: Printer not found: EPSON_TM_T20II
Feb 22, 2019 1:01:01 PM com.genfare.smartcard.PrintServiceMatcher findPrinter
INFO: Found 3 attached printers.
Feb 22, 2019 1:01:01 PM com.genfare.smartcard.PrintServiceMatcher findPrinter
INFO: Printer specified: XP8200
Feb 22, 2019 1:01:01 PM com.genfare.smartcard.PrintServiceMatcher findPrinter
WARNING: Printer not found: XP8200
Feb 22, 2019 1:01:01 PM com.genfare.pos.remote.AWSRemoteSystem isAvailable
INFO: Web Portal Url: http://tarc-qe.gfcp.io
Feb 22, 2019 1:01:01 PM com.genfare.pos.remote.AWSRemoteSystem isAvailable
INFO: Successfully connected. Response code is 301
Feb 22, 2019 1:01:01 PM com.genfare.pos.core.device.pinpad.PinpadService getStatus
WARNING: Error getting status
java.lang.NullPointerException
	at com.genfare.pos.core.device.pinpad.PinpadManager.getStatus(PinpadManager.java:312)
	at com.genfare.pos.core.device.pinpad.PinpadService.getStatus(PinpadService.java:65)
	at com.genfare.pos.diagnostics.DiagnosticJobService.checkCreditCardProcessor(DiagnosticJobService.java:159)
	at com.genfare.pos.diagnostics.DiagnosticJobService.runDiagnostics(DiagnosticJobService.java:97)
	at com.genfare.pos.diagnostics.DiagnosticJob.execute(DiagnosticJob.java:23)
	at org.quartz.core.JobRunShell.run(JobRunShell.java:202)
	at org.quartz.simpl.SimpleThreadPool$WorkerThread.run(SimpleThreadPool.java:573)

Feb 22, 2019 1:01:01 PM com.genfare.pos.diagnostics.DiagnosticJobService runDiagnostics
INFO: ******************************************
Feb 22, 2019 1:01:01 PM com.genfare.pos.diagnostics.DiagnosticJobService runDiagnostics
INFO: DIAGNOSTIC STATUS
Feb 22, 2019 1:01:01 PM com.genfare.pos.diagnostics.DiagnosticJobService runDiagnostics
INFO: Receipt Printer Available: false
Feb 22, 2019 1:01:01 PM com.genfare.pos.diagnostics.DiagnosticJobService runDiagnostics
INFO: Cash Drawer Availabler: null
Feb 22, 2019 1:01:01 PM com.genfare.pos.diagnostics.DiagnosticJobService runDiagnostics
INFO: Patron Display Available: false
Feb 22, 2019 1:01:01 PM com.genfare.pos.diagnostics.DiagnosticJobService runDiagnostics
INFO: Encoder Available: true
Feb 22, 2019 1:01:01 PM com.genfare.pos.diagnostics.DiagnosticJobService runDiagnostics
INFO: Network Available: true
Feb 22, 2019 1:01:01 PM com.genfare.pos.diagnostics.DiagnosticJobService runDiagnostics
INFO: Credit Card Processor Available: false
Feb 22, 2019 1:01:01 PM com.genfare.pos.diagnostics.DiagnosticJobService runDiagnostics
INFO: ******************************************
Feb 22, 2019 1:01:01 PM com.genfare.pos.diagnostics.DiagnosticJobListener getName
INFO: Got listener name
Feb 22, 2019 1:01:01 PM com.genfare.pos.diagnostics.DiagnosticJobListener jobWasExecuted
INFO: Listener for diagnostic reports job finished.
Feb 22, 2019 1:06:01 PM com.genfare.pos.diagnostics.DiagnosticJobListener getName
INFO: Got listener name
Feb 22, 2019 1:06:01 PM com.genfare.pos.diagnostics.DiagnosticJobListener jobToBeExecuted
INFO: Listener for diagnostic reports job scheduled.
Feb 22, 2019 1:06:01 PM com.genfare.pos.diagnostics.DiagnosticJob execute
INFO: DiagnosticJob executing...
Feb 22, 2019 1:06:01 PM com.genfare.pos.diagnostics.DiagnosticJobService runDiagnostics
INFO: Running diagnostics!
Feb 22, 2019 1:06:01 PM com.genfare.smartcard.PrintServiceMatcher findPrinter
INFO: Found 3 attached printers.
Feb 22, 2019 1:06:01 PM com.genfare.smartcard.PrintServiceMatcher findPrinter
INFO: Printer specified: EPSON BA-T500II
Feb 22, 2019 1:06:01 PM com.genfare.smartcard.PrintServiceMatcher findPrinter
WARNING: Printer not found: EPSON BA-T500II
Feb 22, 2019 1:06:01 PM com.genfare.smartcard.PrintServiceMatcher findPrinter
INFO: Found 3 attached printers.
Feb 22, 2019 1:06:01 PM com.genfare.smartcard.PrintServiceMatcher findPrinter
INFO: Printer specified: EPSON TM-T20II
Feb 22, 2019 1:06:01 PM com.genfare.smartcard.PrintServiceMatcher findPrinter
WARNING: Printer not found: EPSON TM-T20II
Feb 22, 2019 1:06:01 PM com.genfare.smartcard.PrintServiceMatcher findPrinter
INFO: Found 3 attached printers.
Feb 22, 2019 1:06:01 PM com.genfare.smartcard.PrintServiceMatcher findPrinter
INFO: Printer specified: EPSON_TM_T20II
Feb 22, 2019 1:06:01 PM com.genfare.smartcard.PrintServiceMatcher findPrinter
WARNING: Printer not found: EPSON_TM_T20II
Feb 22, 2019 1:06:01 PM com.genfare.smartcard.PrintServiceMatcher findPrinter
INFO: Found 3 attached printers.
Feb 22, 2019 1:06:01 PM com.genfare.smartcard.PrintServiceMatcher findPrinter
INFO: Printer specified: XP8200
Feb 22, 2019 1:06:01 PM com.genfare.smartcard.PrintServiceMatcher findPrinter
WARNING: Printer not found: XP8200
Feb 22, 2019 1:06:01 PM com.genfare.pos.remote.AWSRemoteSystem isAvailable
INFO: Web Portal Url: http://tarc-qe.gfcp.io
Feb 22, 2019 1:06:01 PM com.genfare.pos.remote.AWSRemoteSystem isAvailable
INFO: Successfully connected. Response code is 301
Feb 22, 2019 1:06:01 PM com.genfare.pos.core.device.pinpad.PinpadService getStatus
WARNING: Error getting status
java.lang.NullPointerException
	at com.genfare.pos.core.device.pinpad.PinpadManager.getStatus(PinpadManager.java:312)
	at com.genfare.pos.core.device.pinpad.PinpadService.getStatus(PinpadService.java:65)
	at com.genfare.pos.diagnostics.DiagnosticJobService.checkCreditCardProcessor(DiagnosticJobService.java:159)
	at com.genfare.pos.diagnostics.DiagnosticJobService.runDiagnostics(DiagnosticJobService.java:97)
	at com.genfare.pos.diagnostics.DiagnosticJob.execute(DiagnosticJob.java:23)
	at org.quartz.core.JobRunShell.run(JobRunShell.java:202)
	at org.quartz.simpl.SimpleThreadPool$WorkerThread.run(SimpleThreadPool.java:573)

Feb 22, 2019 1:06:01 PM com.genfare.pos.diagnostics.DiagnosticJobService runDiagnostics
INFO: ******************************************
Feb 22, 2019 1:06:01 PM com.genfare.pos.diagnostics.DiagnosticJobService runDiagnostics
INFO: DIAGNOSTIC STATUS
Feb 22, 2019 1:06:01 PM com.genfare.pos.diagnostics.DiagnosticJobService runDiagnostics
INFO: Receipt Printer Available: false
Feb 22, 2019 1:06:01 PM com.genfare.pos.diagnostics.DiagnosticJobService runDiagnostics
INFO: Cash Drawer Availabler: null
Feb 22, 2019 1:06:01 PM com.genfare.pos.diagnostics.DiagnosticJobService runDiagnostics
INFO: Patron Display Available: false
Feb 22, 2019 1:06:01 PM com.genfare.pos.diagnostics.DiagnosticJobService runDiagnostics
INFO: Encoder Available: true
Feb 22, 2019 1:06:01 PM com.genfare.pos.diagnostics.DiagnosticJobService runDiagnostics
INFO: Network Available: true
Feb 22, 2019 1:06:01 PM com.genfare.pos.diagnostics.DiagnosticJobService runDiagnostics
INFO: Credit Card Processor Available: false
Feb 22, 2019 1:06:01 PM com.genfare.pos.diagnostics.DiagnosticJobService runDiagnostics
INFO: ******************************************
Feb 22, 2019 1:06:01 PM com.genfare.pos.diagnostics.DiagnosticJobListener getName
INFO: Got listener name
Feb 22, 2019 1:06:01 PM com.genfare.pos.diagnostics.DiagnosticJobListener jobWasExecuted
INFO: Listener for diagnostic reports job finished.
Feb 22, 2019 1:11:01 PM com.genfare.pos.diagnostics.DiagnosticJobListener getName
INFO: Got listener name
Feb 22, 2019 1:11:01 PM com.genfare.pos.diagnostics.DiagnosticJobListener jobToBeExecuted
INFO: Listener for diagnostic reports job scheduled.
Feb 22, 2019 1:11:01 PM com.genfare.pos.diagnostics.DiagnosticJob execute
INFO: DiagnosticJob executing...
Feb 22, 2019 1:11:01 PM com.genfare.pos.diagnostics.DiagnosticJobService runDiagnostics
INFO: Running diagnostics!
Feb 22, 2019 1:11:01 PM com.genfare.smartcard.PrintServiceMatcher findPrinter
INFO: Found 3 attached printers.
Feb 22, 2019 1:11:01 PM com.genfare.smartcard.PrintServiceMatcher findPrinter
INFO: Printer specified: EPSON BA-T500II
Feb 22, 2019 1:11:01 PM com.genfare.smartcard.PrintServiceMatcher findPrinter
WARNING: Printer not found: EPSON BA-T500II
Feb 22, 2019 1:11:01 PM com.genfare.smartcard.PrintServiceMatcher findPrinter
INFO: Found 3 attached printers.
Feb 22, 2019 1:11:01 PM com.genfare.smartcard.PrintServiceMatcher findPrinter
INFO: Printer specified: EPSON TM-T20II
Feb 22, 2019 1:11:01 PM com.genfare.smartcard.PrintServiceMatcher findPrinter
WARNING: Printer not found: EPSON TM-T20II
Feb 22, 2019 1:11:01 PM com.genfare.smartcard.PrintServiceMatcher findPrinter
INFO: Found 3 attached printers.
Feb 22, 2019 1:11:01 PM com.genfare.smartcard.PrintServiceMatcher findPrinter
INFO: Printer specified: EPSON_TM_T20II
Feb 22, 2019 1:11:01 PM com.genfare.smartcard.PrintServiceMatcher findPrinter
WARNING: Printer not found: EPSON_TM_T20II
Feb 22, 2019 1:11:01 PM com.genfare.smartcard.PrintServiceMatcher findPrinter
INFO: Found 3 attached printers.
Feb 22, 2019 1:11:01 PM com.genfare.smartcard.PrintServiceMatcher findPrinter
INFO: Printer specified: XP8200
Feb 22, 2019 1:11:01 PM com.genfare.smartcard.PrintServiceMatcher findPrinter
WARNING: Printer not found: XP8200
Feb 22, 2019 1:11:01 PM com.genfare.pos.remote.AWSRemoteSystem isAvailable
INFO: Web Portal Url: http://tarc-qe.gfcp.io
Feb 22, 2019 1:11:01 PM com.genfare.pos.remote.AWSRemoteSystem isAvailable
INFO: Successfully connected. Response code is 301
Feb 22, 2019 1:11:01 PM com.genfare.pos.core.device.pinpad.PinpadService getStatus
WARNING: Error getting status
java.lang.NullPointerException
	at com.genfare.pos.core.device.pinpad.PinpadManager.getStatus(PinpadManager.java:312)
	at com.genfare.pos.core.device.pinpad.PinpadService.getStatus(PinpadService.java:65)
	at com.genfare.pos.diagnostics.DiagnosticJobService.checkCreditCardProcessor(DiagnosticJobService.java:159)
	at com.genfare.pos.diagnostics.DiagnosticJobService.runDiagnostics(DiagnosticJobService.java:97)
	at com.genfare.pos.diagnostics.DiagnosticJob.execute(DiagnosticJob.java:23)
	at org.quartz.core.JobRunShell.run(JobRunShell.java:202)
	at org.quartz.simpl.SimpleThreadPool$WorkerThread.run(SimpleThreadPool.java:573)

Feb 22, 2019 1:11:01 PM com.genfare.pos.diagnostics.DiagnosticJobService runDiagnostics
INFO: ******************************************
Feb 22, 2019 1:11:01 PM com.genfare.pos.diagnostics.DiagnosticJobService runDiagnostics
INFO: DIAGNOSTIC STATUS
Feb 22, 2019 1:11:01 PM com.genfare.pos.diagnostics.DiagnosticJobService runDiagnostics
INFO: Receipt Printer Available: false
Feb 22, 2019 1:11:01 PM com.genfare.pos.diagnostics.DiagnosticJobService runDiagnostics
INFO: Cash Drawer Availabler: null
Feb 22, 2019 1:11:01 PM com.genfare.pos.diagnostics.DiagnosticJobService runDiagnostics
INFO: Patron Display Available: false
Feb 22, 2019 1:11:01 PM com.genfare.pos.diagnostics.DiagnosticJobService runDiagnostics
INFO: Encoder Available: true
Feb 22, 2019 1:11:01 PM com.genfare.pos.diagnostics.DiagnosticJobService runDiagnostics
INFO: Network Available: true
Feb 22, 2019 1:11:01 PM com.genfare.pos.diagnostics.DiagnosticJobService runDiagnostics
INFO: Credit Card Processor Available: false
Feb 22, 2019 1:11:01 PM com.genfare.pos.diagnostics.DiagnosticJobService runDiagnostics
INFO: ******************************************
Feb 22, 2019 1:11:01 PM com.genfare.pos.diagnostics.DiagnosticJobListener getName
INFO: Got listener name
Feb 22, 2019 1:11:01 PM com.genfare.pos.diagnostics.DiagnosticJobListener jobWasExecuted
INFO: Listener for diagnostic reports job finished.
Feb 22, 2019 1:16:01 PM com.genfare.pos.diagnostics.DiagnosticJobListener getName
INFO: Got listener name
Feb 22, 2019 1:16:01 PM com.genfare.pos.diagnostics.DiagnosticJobListener jobToBeExecuted
INFO: Listener for diagnostic reports job scheduled.
Feb 22, 2019 1:16:01 PM com.genfare.pos.diagnostics.DiagnosticJob execute
INFO: DiagnosticJob executing...
Feb 22, 2019 1:16:01 PM com.genfare.pos.diagnostics.DiagnosticJobService runDiagnostics
INFO: Running diagnostics!
Feb 22, 2019 1:16:01 PM com.genfare.smartcard.PrintServiceMatcher findPrinter
INFO: Found 3 attached printers.
Feb 22, 2019 1:16:01 PM com.genfare.smartcard.PrintServiceMatcher findPrinter
INFO: Printer specified: EPSON BA-T500II
Feb 22, 2019 1:16:01 PM com.genfare.smartcard.PrintServiceMatcher findPrinter
WARNING: Printer not found: EPSON BA-T500II
Feb 22, 2019 1:16:01 PM com.genfare.smartcard.PrintServiceMatcher findPrinter
INFO: Found 3 attached printers.
Feb 22, 2019 1:16:01 PM com.genfare.smartcard.PrintServiceMatcher findPrinter
INFO: Printer specified: EPSON TM-T20II
Feb 22, 2019 1:16:01 PM com.genfare.smartcard.PrintServiceMatcher findPrinter
WARNING: Printer not found: EPSON TM-T20II
Feb 22, 2019 1:16:01 PM com.genfare.smartcard.PrintServiceMatcher findPrinter
INFO: Found 3 attached printers.
Feb 22, 2019 1:16:01 PM com.genfare.smartcard.PrintServiceMatcher findPrinter
INFO: Printer specified: EPSON_TM_T20II
Feb 22, 2019 1:16:01 PM com.genfare.smartcard.PrintServiceMatcher findPrinter
WARNING: Printer not found: EPSON_TM_T20II
Feb 22, 2019 1:16:01 PM com.genfare.smartcard.PrintServiceMatcher findPrinter
INFO: Found 3 attached printers.
Feb 22, 2019 1:16:01 PM com.genfare.smartcard.PrintServiceMatcher findPrinter
INFO: Printer specified: XP8200
Feb 22, 2019 1:16:01 PM com.genfare.smartcard.PrintServiceMatcher findPrinter
WARNING: Printer not found: XP8200
Feb 22, 2019 1:16:01 PM com.genfare.pos.remote.AWSRemoteSystem isAvailable
INFO: Web Portal Url: http://tarc-qe.gfcp.io
Feb 22, 2019 1:16:01 PM com.genfare.pos.remote.AWSRemoteSystem isAvailable
INFO: Successfully connected. Response code is 301
Feb 22, 2019 1:16:01 PM com.genfare.pos.core.device.pinpad.PinpadService getStatus
WARNING: Error getting status
java.lang.NullPointerException
	at com.genfare.pos.core.device.pinpad.PinpadManager.getStatus(PinpadManager.java:312)
	at com.genfare.pos.core.device.pinpad.PinpadService.getStatus(PinpadService.java:65)
	at com.genfare.pos.diagnostics.DiagnosticJobService.checkCreditCardProcessor(DiagnosticJobService.java:159)
	at com.genfare.pos.diagnostics.DiagnosticJobService.runDiagnostics(DiagnosticJobService.java:97)
	at com.genfare.pos.diagnostics.DiagnosticJob.execute(DiagnosticJob.java:23)
	at org.quartz.core.JobRunShell.run(JobRunShell.java:202)
	at org.quartz.simpl.SimpleThreadPool$WorkerThread.run(SimpleThreadPool.java:573)

Feb 22, 2019 1:16:01 PM com.genfare.pos.diagnostics.DiagnosticJobService runDiagnostics
INFO: ******************************************
Feb 22, 2019 1:16:01 PM com.genfare.pos.diagnostics.DiagnosticJobService runDiagnostics
INFO: DIAGNOSTIC STATUS
Feb 22, 2019 1:16:01 PM com.genfare.pos.diagnostics.DiagnosticJobService runDiagnostics
INFO: Receipt Printer Available: false
Feb 22, 2019 1:16:01 PM com.genfare.pos.diagnostics.DiagnosticJobService runDiagnostics
INFO: Cash Drawer Availabler: null
Feb 22, 2019 1:16:01 PM com.genfare.pos.diagnostics.DiagnosticJobService runDiagnostics
INFO: Patron Display Available: false
Feb 22, 2019 1:16:01 PM com.genfare.pos.diagnostics.DiagnosticJobService runDiagnostics
INFO: Encoder Available: true
Feb 22, 2019 1:16:01 PM com.genfare.pos.diagnostics.DiagnosticJobService runDiagnostics
INFO: Network Available: true
Feb 22, 2019 1:16:01 PM com.genfare.pos.diagnostics.DiagnosticJobService runDiagnostics
INFO: Credit Card Processor Available: false
Feb 22, 2019 1:16:01 PM com.genfare.pos.diagnostics.DiagnosticJobService runDiagnostics
INFO: ******************************************
Feb 22, 2019 1:16:01 PM com.genfare.pos.diagnostics.DiagnosticJobListener getName
INFO: Got listener name
Feb 22, 2019 1:16:01 PM com.genfare.pos.diagnostics.DiagnosticJobListener jobWasExecuted
INFO: Listener for diagnostic reports job finished.
Feb 22, 2019 1:21:01 PM com.genfare.pos.diagnostics.DiagnosticJobListener getName
INFO: Got listener name
Feb 22, 2019 1:21:01 PM com.genfare.pos.diagnostics.DiagnosticJobListener jobToBeExecuted
INFO: Listener for diagnostic reports job scheduled.
Feb 22, 2019 1:21:01 PM com.genfare.pos.diagnostics.DiagnosticJob execute
INFO: DiagnosticJob executing...
Feb 22, 2019 1:21:01 PM com.genfare.pos.diagnostics.DiagnosticJobService runDiagnostics
INFO: Running diagnostics!
Feb 22, 2019 1:21:01 PM com.genfare.smartcard.PrintServiceMatcher findPrinter
INFO: Found 3 attached printers.
Feb 22, 2019 1:21:01 PM com.genfare.smartcard.PrintServiceMatcher findPrinter
INFO: Printer specified: EPSON BA-T500II
Feb 22, 2019 1:21:01 PM com.genfare.smartcard.PrintServiceMatcher findPrinter
WARNING: Printer not found: EPSON BA-T500II
Feb 22, 2019 1:21:01 PM com.genfare.smartcard.PrintServiceMatcher findPrinter
INFO: Found 3 attached printers.
Feb 22, 2019 1:21:01 PM com.genfare.smartcard.PrintServiceMatcher findPrinter
INFO: Printer specified: EPSON TM-T20II
Feb 22, 2019 1:21:01 PM com.genfare.smartcard.PrintServiceMatcher findPrinter
WARNING: Printer not found: EPSON TM-T20II
Feb 22, 2019 1:21:01 PM com.genfare.smartcard.PrintServiceMatcher findPrinter
INFO: Found 3 attached printers.
Feb 22, 2019 1:21:01 PM com.genfare.smartcard.PrintServiceMatcher findPrinter
INFO: Printer specified: EPSON_TM_T20II
Feb 22, 2019 1:21:01 PM com.genfare.smartcard.PrintServiceMatcher findPrinter
WARNING: Printer not found: EPSON_TM_T20II
Feb 22, 2019 1:21:01 PM com.genfare.smartcard.PrintServiceMatcher findPrinter
INFO: Found 3 attached printers.
Feb 22, 2019 1:21:01 PM com.genfare.smartcard.PrintServiceMatcher findPrinter
INFO: Printer specified: XP8200
Feb 22, 2019 1:21:01 PM com.genfare.smartcard.PrintServiceMatcher findPrinter
WARNING: Printer not found: XP8200
Feb 22, 2019 1:21:01 PM com.genfare.pos.remote.AWSRemoteSystem isAvailable
INFO: Web Portal Url: http://tarc-qe.gfcp.io
Feb 22, 2019 1:21:01 PM com.genfare.pos.remote.AWSRemoteSystem isAvailable
INFO: Successfully connected. Response code is 301
Feb 22, 2019 1:21:01 PM com.genfare.pos.core.device.pinpad.PinpadService getStatus
WARNING: Error getting status
java.lang.NullPointerException
	at com.genfare.pos.core.device.pinpad.PinpadManager.getStatus(PinpadManager.java:312)
	at com.genfare.pos.core.device.pinpad.PinpadService.getStatus(PinpadService.java:65)
	at com.genfare.pos.diagnostics.DiagnosticJobService.checkCreditCardProcessor(DiagnosticJobService.java:159)
	at com.genfare.pos.diagnostics.DiagnosticJobService.runDiagnostics(DiagnosticJobService.java:97)
	at com.genfare.pos.diagnostics.DiagnosticJob.execute(DiagnosticJob.java:23)
	at org.quartz.core.JobRunShell.run(JobRunShell.java:202)
	at org.quartz.simpl.SimpleThreadPool$WorkerThread.run(SimpleThreadPool.java:573)

Feb 22, 2019 1:21:01 PM com.genfare.pos.diagnostics.DiagnosticJobService runDiagnostics
INFO: ******************************************
Feb 22, 2019 1:21:01 PM com.genfare.pos.diagnostics.DiagnosticJobService runDiagnostics
INFO: DIAGNOSTIC STATUS
Feb 22, 2019 1:21:01 PM com.genfare.pos.diagnostics.DiagnosticJobService runDiagnostics
INFO: Receipt Printer Available: false
Feb 22, 2019 1:21:01 PM com.genfare.pos.diagnostics.DiagnosticJobService runDiagnostics
INFO: Cash Drawer Availabler: null
Feb 22, 2019 1:21:01 PM com.genfare.pos.diagnostics.DiagnosticJobService runDiagnostics
INFO: Patron Display Available: false
Feb 22, 2019 1:21:01 PM com.genfare.pos.diagnostics.DiagnosticJobService runDiagnostics
INFO: Encoder Available: true
Feb 22, 2019 1:21:01 PM com.genfare.pos.diagnostics.DiagnosticJobService runDiagnostics
INFO: Network Available: true
Feb 22, 2019 1:21:01 PM com.genfare.pos.diagnostics.DiagnosticJobService runDiagnostics
INFO: Credit Card Processor Available: false
Feb 22, 2019 1:21:01 PM com.genfare.pos.diagnostics.DiagnosticJobService runDiagnostics
INFO: ******************************************
Feb 22, 2019 1:21:01 PM com.genfare.pos.diagnostics.DiagnosticJobListener getName
INFO: Got listener name
Feb 22, 2019 1:21:01 PM com.genfare.pos.diagnostics.DiagnosticJobListener jobWasExecuted
INFO: Listener for diagnostic reports job finished.
Feb 22, 2019 1:26:01 PM com.genfare.pos.diagnostics.DiagnosticJobListener getName
INFO: Got listener name
Feb 22, 2019 1:26:01 PM com.genfare.pos.diagnostics.DiagnosticJobListener jobToBeExecuted
INFO: Listener for diagnostic reports job scheduled.
Feb 22, 2019 1:26:01 PM com.genfare.pos.diagnostics.DiagnosticJob execute
INFO: DiagnosticJob executing...
Feb 22, 2019 1:26:01 PM com.genfare.pos.diagnostics.DiagnosticJobService runDiagnostics
INFO: Running diagnostics!
Feb 22, 2019 1:26:01 PM com.genfare.smartcard.PrintServiceMatcher findPrinter
INFO: Found 3 attached printers.
Feb 22, 2019 1:26:01 PM com.genfare.smartcard.PrintServiceMatcher findPrinter
INFO: Printer specified: EPSON BA-T500II
Feb 22, 2019 1:26:01 PM com.genfare.smartcard.PrintServiceMatcher findPrinter
WARNING: Printer not found: EPSON BA-T500II
Feb 22, 2019 1:26:01 PM com.genfare.smartcard.PrintServiceMatcher findPrinter
INFO: Found 3 attached printers.
Feb 22, 2019 1:26:01 PM com.genfare.smartcard.PrintServiceMatcher findPrinter
INFO: Printer specified: EPSON TM-T20II
Feb 22, 2019 1:26:01 PM com.genfare.smartcard.PrintServiceMatcher findPrinter
WARNING: Printer not found: EPSON TM-T20II
Feb 22, 2019 1:26:01 PM com.genfare.smartcard.PrintServiceMatcher findPrinter
INFO: Found 3 attached printers.
Feb 22, 2019 1:26:01 PM com.genfare.smartcard.PrintServiceMatcher findPrinter
INFO: Printer specified: EPSON_TM_T20II
Feb 22, 2019 1:26:01 PM com.genfare.smartcard.PrintServiceMatcher findPrinter
WARNING: Printer not found: EPSON_TM_T20II
Feb 22, 2019 1:26:01 PM com.genfare.smartcard.PrintServiceMatcher findPrinter
INFO: Found 3 attached printers.
Feb 22, 2019 1:26:01 PM com.genfare.smartcard.PrintServiceMatcher findPrinter
INFO: Printer specified: XP8200
Feb 22, 2019 1:26:01 PM com.genfare.smartcard.PrintServiceMatcher findPrinter
WARNING: Printer not found: XP8200
Feb 22, 2019 1:26:01 PM com.genfare.pos.remote.AWSRemoteSystem isAvailable
INFO: Web Portal Url: http://tarc-qe.gfcp.io
Feb 22, 2019 1:26:01 PM com.genfare.pos.remote.AWSRemoteSystem isAvailable
INFO: Successfully connected. Response code is 301
Feb 22, 2019 1:26:01 PM com.genfare.pos.core.device.pinpad.PinpadService getStatus
WARNING: Error getting status
java.lang.NullPointerException
	at com.genfare.pos.core.device.pinpad.PinpadManager.getStatus(PinpadManager.java:312)
	at com.genfare.pos.core.device.pinpad.PinpadService.getStatus(PinpadService.java:65)
	at com.genfare.pos.diagnostics.DiagnosticJobService.checkCreditCardProcessor(DiagnosticJobService.java:159)
	at com.genfare.pos.diagnostics.DiagnosticJobService.runDiagnostics(DiagnosticJobService.java:97)
	at com.genfare.pos.diagnostics.DiagnosticJob.execute(DiagnosticJob.java:23)
	at org.quartz.core.JobRunShell.run(JobRunShell.java:202)
	at org.quartz.simpl.SimpleThreadPool$WorkerThread.run(SimpleThreadPool.java:573)

Feb 22, 2019 1:26:01 PM com.genfare.pos.diagnostics.DiagnosticJobService runDiagnostics
INFO: ******************************************
Feb 22, 2019 1:26:01 PM com.genfare.pos.diagnostics.DiagnosticJobService runDiagnostics
INFO: DIAGNOSTIC STATUS
Feb 22, 2019 1:26:01 PM com.genfare.pos.diagnostics.DiagnosticJobService runDiagnostics
INFO: Receipt Printer Available: false
Feb 22, 2019 1:26:01 PM com.genfare.pos.diagnostics.DiagnosticJobService runDiagnostics
INFO: Cash Drawer Availabler: null
Feb 22, 2019 1:26:01 PM com.genfare.pos.diagnostics.DiagnosticJobService runDiagnostics
INFO: Patron Display Available: false
Feb 22, 2019 1:26:01 PM com.genfare.pos.diagnostics.DiagnosticJobService runDiagnostics
INFO: Encoder Available: true
Feb 22, 2019 1:26:01 PM com.genfare.pos.diagnostics.DiagnosticJobService runDiagnostics
INFO: Network Available: true
Feb 22, 2019 1:26:01 PM com.genfare.pos.diagnostics.DiagnosticJobService runDiagnostics
INFO: Credit Card Processor Available: false
Feb 22, 2019 1:26:01 PM com.genfare.pos.diagnostics.DiagnosticJobService runDiagnostics
INFO: ******************************************
Feb 22, 2019 1:26:01 PM com.genfare.pos.diagnostics.DiagnosticJobListener getName
INFO: Got listener name
Feb 22, 2019 1:26:01 PM com.genfare.pos.diagnostics.DiagnosticJobListener jobWasExecuted
INFO: Listener for diagnostic reports job finished.
