Feb 11, 2019 6:20:36 PM com.genfare.pos.core.service.LogService createAndAddNewFileHandler
INFO: Parent log configured, future logs will go to log file: C:\Users\user\Desktop\apos_electron-master\apos_electron-master/logs/APOS.1549889436679.%u.%g.log
Feb 11, 2019 6:20:36 PM com.genfare.pos.applet.POSApplet runInitialization
WARNING: Exception initializing applet: null
java.lang.NullPointerException
	at java.util.Properties$LineReader.readLine(Properties.java:434)
	at java.util.Properties.load0(Properties.java:353)
	at java.util.Properties.load(Properties.java:341)
	at com.genfare.pos.applet.POSApplet.runInitialization(POSApplet.java:294)
	at com.genfare.pos.applet.POSApplet.registerDevice(POSApplet.java:247)
	at sun.reflect.NativeMethodAccessorImpl.invoke0(Native Method)
	at sun.reflect.NativeMethodAccessorImpl.invoke(NativeMethodAccessorImpl.java:62)
	at sun.reflect.DelegatingMethodAccessorImpl.invoke(DelegatingMethodAccessorImpl.java:43)
	at java.lang.reflect.Method.invoke(Method.java:498)

Feb 11, 2019 6:20:36 PM com.genfare.pos.applet.POSApplet registerDevice
INFO: Registered device.
Feb 11, 2019 6:21:02 PM com.genfare.pos.applet.POSApplet authenticate
INFO: Authenticating.
Feb 11, 2019 6:21:02 PM com.genfare.pos.core.security.UserAuthentication authenticate
INFO: User not found: admin@ta.com
Feb 11, 2019 6:21:02 PM com.genfare.pos.core.data.loader.LoginLoader insert
INFO: insert()
Feb 11, 2019 6:21:02 PM com.genfare.pos.applet.POSApplet authenticate
INFO: Done authenticating
Feb 11, 2019 6:21:05 PM com.genfare.pos.applet.POSApplet setEncoder
INFO: Setting up encoder: ACS ACR1252 Dual Reader PICC 0
Feb 11, 2019 6:21:05 PM com.genfare.pos.applet.POSApplet setEncoder
WARNING: Exception setting encoder
com.genfare.smartcard.exception.CardEncoderException: Terminal DESFire Encoding Configuration not loaded
	at com.genfare.pos.applet.POSApplet.setEncoder(POSApplet.java:395)
	at sun.reflect.NativeMethodAccessorImpl.invoke0(Native Method)
	at sun.reflect.NativeMethodAccessorImpl.invoke(NativeMethodAccessorImpl.java:62)
	at sun.reflect.DelegatingMethodAccessorImpl.invoke(DelegatingMethodAccessorImpl.java:43)
	at java.lang.reflect.Method.invoke(Method.java:498)

Feb 11, 2019 6:21:05 PM com.genfare.pos.applet.POSApplet readCard
INFO: readCard called
Feb 11, 2019 6:21:05 PM com.genfare.pos.applet.POSApplet readCard
INFO: Reading DESFire
Feb 11, 2019 6:21:05 PM com.genfare.pos.applet.POSApplet readCard
INFO: APOS Account based falg: null
Feb 11, 2019 6:21:05 PM com.genfare.pos.applet.POSApplet readCard
INFO: Couldn't read DESFIRE java.lang.NullPointerException
Feb 11, 2019 6:21:05 PM com.genfare.pos.applet.POSApplet readCard
INFO: Done reading DESFire
Feb 11, 2019 6:21:11 PM com.genfare.pos.applet.POSApplet setEncoder
INFO: Setting up encoder: ACS ACR1252 Dual Reader PICC 0
Feb 11, 2019 6:21:11 PM com.genfare.pos.applet.POSApplet setEncoder
WARNING: Exception setting encoder
com.genfare.smartcard.exception.CardEncoderException: Terminal DESFire Encoding Configuration not loaded
	at com.genfare.pos.applet.POSApplet.setEncoder(POSApplet.java:395)
	at sun.reflect.NativeMethodAccessorImpl.invoke0(Native Method)
	at sun.reflect.NativeMethodAccessorImpl.invoke(NativeMethodAccessorImpl.java:62)
	at sun.reflect.DelegatingMethodAccessorImpl.invoke(DelegatingMethodAccessorImpl.java:43)
	at java.lang.reflect.Method.invoke(Method.java:498)

Feb 11, 2019 6:21:11 PM com.genfare.pos.applet.POSApplet readCard
INFO: readCard called
Feb 11, 2019 6:21:11 PM com.genfare.pos.applet.POSApplet readCard
INFO: Reading DESFire
Feb 11, 2019 6:21:11 PM com.genfare.pos.applet.POSApplet readCard
INFO: APOS Account based falg: null
Feb 11, 2019 6:21:11 PM com.genfare.pos.applet.POSApplet readCard
INFO: Couldn't read DESFIRE java.lang.NullPointerException
Feb 11, 2019 6:21:11 PM com.genfare.pos.applet.POSApplet readCard
INFO: Done reading DESFire
Feb 11, 2019 6:21:11 PM com.genfare.pos.applet.POSApplet setEncoder
INFO: Setting up encoder: ACS ACR1252 Dual Reader PICC 0
Feb 11, 2019 6:21:11 PM com.genfare.pos.applet.POSApplet setEncoder
WARNING: Exception setting encoder
com.genfare.smartcard.exception.CardEncoderException: Terminal DESFire Encoding Configuration not loaded
	at com.genfare.pos.applet.POSApplet.setEncoder(POSApplet.java:395)
	at sun.reflect.NativeMethodAccessorImpl.invoke0(Native Method)
	at sun.reflect.NativeMethodAccessorImpl.invoke(NativeMethodAccessorImpl.java:62)
	at sun.reflect.DelegatingMethodAccessorImpl.invoke(DelegatingMethodAccessorImpl.java:43)
	at java.lang.reflect.Method.invoke(Method.java:498)

Feb 11, 2019 6:21:11 PM com.genfare.pos.applet.POSApplet readCard
INFO: readCard called
Feb 11, 2019 6:21:11 PM com.genfare.pos.applet.POSApplet readCard
INFO: Reading DESFire
Feb 11, 2019 6:21:11 PM com.genfare.pos.applet.POSApplet readCard
INFO: APOS Account based falg: null
Feb 11, 2019 6:21:11 PM com.genfare.pos.applet.POSApplet readCard
INFO: Couldn't read DESFIRE java.lang.NullPointerException
Feb 11, 2019 6:21:11 PM com.genfare.pos.applet.POSApplet readCard
INFO: Done reading DESFire
Feb 11, 2019 6:21:12 PM com.genfare.pos.applet.POSApplet setEncoder
INFO: Setting up encoder: ACS ACR1252 Dual Reader PICC 0
Feb 11, 2019 6:21:12 PM com.genfare.pos.applet.POSApplet setEncoder
WARNING: Exception setting encoder
com.genfare.smartcard.exception.CardEncoderException: Terminal DESFire Encoding Configuration not loaded
	at com.genfare.pos.applet.POSApplet.setEncoder(POSApplet.java:395)
	at sun.reflect.NativeMethodAccessorImpl.invoke0(Native Method)
	at sun.reflect.NativeMethodAccessorImpl.invoke(NativeMethodAccessorImpl.java:62)
	at sun.reflect.DelegatingMethodAccessorImpl.invoke(DelegatingMethodAccessorImpl.java:43)
	at java.lang.reflect.Method.invoke(Method.java:498)

Feb 11, 2019 6:21:12 PM com.genfare.pos.applet.POSApplet readCard
INFO: readCard called
Feb 11, 2019 6:21:12 PM com.genfare.pos.applet.POSApplet readCard
INFO: Reading DESFire
Feb 11, 2019 6:21:12 PM com.genfare.pos.applet.POSApplet readCard
INFO: APOS Account based falg: null
Feb 11, 2019 6:21:12 PM com.genfare.pos.applet.POSApplet readCard
INFO: Couldn't read DESFIRE java.lang.NullPointerException
Feb 11, 2019 6:21:12 PM com.genfare.pos.applet.POSApplet readCard
INFO: Done reading DESFire
Feb 11, 2019 6:21:12 PM com.genfare.pos.applet.POSApplet setEncoder
INFO: Setting up encoder: ACS ACR1252 Dual Reader PICC 0
Feb 11, 2019 6:21:12 PM com.genfare.pos.applet.POSApplet setEncoder
WARNING: Exception setting encoder
com.genfare.smartcard.exception.CardEncoderException: Terminal DESFire Encoding Configuration not loaded
	at com.genfare.pos.applet.POSApplet.setEncoder(POSApplet.java:395)
	at sun.reflect.NativeMethodAccessorImpl.invoke0(Native Method)
	at sun.reflect.NativeMethodAccessorImpl.invoke(NativeMethodAccessorImpl.java:62)
	at sun.reflect.DelegatingMethodAccessorImpl.invoke(DelegatingMethodAccessorImpl.java:43)
	at java.lang.reflect.Method.invoke(Method.java:498)

Feb 11, 2019 6:21:12 PM com.genfare.pos.applet.POSApplet readCard
INFO: readCard called
Feb 11, 2019 6:21:12 PM com.genfare.pos.applet.POSApplet readCard
INFO: Reading DESFire
Feb 11, 2019 6:21:12 PM com.genfare.pos.applet.POSApplet readCard
INFO: APOS Account based falg: null
Feb 11, 2019 6:21:12 PM com.genfare.pos.applet.POSApplet readCard
INFO: Couldn't read DESFIRE java.lang.NullPointerException
Feb 11, 2019 6:21:12 PM com.genfare.pos.applet.POSApplet readCard
INFO: Done reading DESFire
