Mar 04, 2019 3:49:55 PM com.genfare.pos.core.service.LogService createAndAddNewFileHandler
INFO: Parent log configured, future logs will go to log file: C:\Users\user\Desktop\APOS\apos-electron/logs/APOS.1551694795948.%u.%g.log
Mar 04, 2019 3:49:55 PM com.genfare.pos.remote.AWSRemoteSystem uploadLogFile
INFO: Uploading log file: APOS.1551694495789.0.0.log
Mar 04, 2019 3:49:57 PM com.genfare.pos.remote.AWSRemoteSystem uploadLogFile
INFO: Successfully uploaded log file to S3
Mar 04, 2019 3:49:57 PM com.genfare.pos.remote.AWSRemoteSystem uploadLogFile
INFO: Log File deleted
Mar 04, 2019 3:49:57 PM com.genfare.pos.remote.sync.SyncService runSync
INFO: Finished running sync service and error state was = false
Mar 04, 2019 3:49:57 PM com.genfare.pos.remote.sync.SyncService runSync
INFO: Sync success!
Mar 04, 2019 3:49:57 PM com.genfare.pos.core.data.loader.ConnectionManager cleanupDatabase
INFO: Cleaning up database
Mar 04, 2019 3:49:57 PM com.genfare.pos.core.data.loader.AutoloadLoader purge
INFO: Purging processed autoload records earlier than 2019-02-02 15:49:57
Mar 04, 2019 3:49:57 PM com.genfare.pos.core.data.loader.AutoloadLoader purge
INFO: Purged 0 records
Mar 04, 2019 3:49:57 PM com.genfare.pos.core.data.loader.DiagnosticLoader purge
INFO: Purging processed diagnostic records earlier than 2019-02-02 15:49:57
Mar 04, 2019 3:49:57 PM com.genfare.pos.core.data.loader.DiagnosticLoader purge
INFO: Purged 0 records
Mar 04, 2019 3:49:57 PM com.genfare.pos.core.data.loader.EventLoader purge
INFO: Purging processed event records earlier than 2019-02-02 15:49:57
Mar 04, 2019 3:49:57 PM com.genfare.pos.core.data.loader.EventLoader purge
INFO: Purged 0 records
Mar 04, 2019 3:49:57 PM com.genfare.pos.core.data.loader.LoginLoader purge
INFO: Purging processed login records earlier than 2019-02-02 15:49:57
Mar 04, 2019 3:49:57 PM com.genfare.pos.core.data.loader.LoginLoader purge
INFO: Purged 0 records
Mar 04, 2019 3:49:57 PM com.genfare.pos.core.data.loader.PaymentLoader purge
INFO: Purging processed payment records earlier than 2019-02-02 15:49:57
Mar 04, 2019 3:49:57 PM com.genfare.pos.core.data.loader.PaymentLoader purge
INFO: Purged 0 records
Mar 04, 2019 3:49:57 PM com.genfare.pos.core.data.loader.ProductLineItemLoader purge
INFO: Purging processed product line item records earlier than 2019-02-02 15:49:57
Mar 04, 2019 3:49:57 PM com.genfare.pos.core.data.loader.ProductLineItemLoader purge
INFO: Purged 0 records
Mar 04, 2019 3:49:57 PM com.genfare.pos.core.data.loader.WalletContentLoader purge
INFO: Purging processed wallet content records earlier than 2019-02-02 15:49:57
Mar 04, 2019 3:49:57 PM com.genfare.pos.core.data.loader.WalletContentLoader purge
INFO: Purged 0 records
Mar 04, 2019 3:49:57 PM com.genfare.pos.core.data.loader.WalletLineItemLoader purge
INFO: Purging processed wallet line item records earlier than 2019-02-02 15:49:57
Mar 04, 2019 3:49:57 PM com.genfare.pos.core.data.loader.WalletLineItemLoader purge
INFO: Purged 0 records
Mar 04, 2019 3:49:57 PM com.genfare.pos.core.data.loader.PosTransactionLoader purge
INFO: Purging processed transaction records earlier than 2019-02-02 15:49:57
Mar 04, 2019 3:49:57 PM com.genfare.pos.core.data.loader.PosTransactionLoader purge
INFO: Purged 0 records
Mar 04, 2019 3:49:57 PM com.genfare.pos.remote.sync.SyncJobListener jobWasExecuted
INFO: Listener for sync reports job finished.
Mar 04, 2019 3:54:42 PM com.genfare.pos.remote.sync.SyncJobListener jobToBeExecuted
INFO: Listener for sync reports job scheduled.
Mar 04, 2019 3:54:42 PM com.genfare.pos.remote.sync.SyncJob execute
INFO: SyncJob executing...
Mar 04, 2019 3:54:42 PM com.genfare.pos.remote.sync.SyncService runSync
INFO: Running sync!
Mar 04, 2019 3:54:42 PM com.genfare.pos.core.service.EventServiceImpl logEvent
INFO: Logging event 4 with data APOS Heartbeat
Mar 04, 2019 3:54:42 PM com.genfare.pos.core.data.loader.EventLoader insert
INFO: insert()
Mar 04, 2019 3:54:42 PM com.genfare.pos.remote.AWSRemoteSystem authenticate
INFO: Authenticating...
Mar 04, 2019 3:54:42 PM com.genfare.pos.remote.security.Client postTrySsl
INFO: Trying SSL URL
Mar 04, 2019 3:54:42 PM com.genfare.pos.remote.security.Client post
INFO: POST body: null
Mar 04, 2019 3:54:42 PM com.genfare.pos.remote.security.Client post
INFO: Outputstream written
Mar 04, 2019 3:54:42 PM com.genfare.pos.remote.security.Client post
INFO: Response Code: 200, Message: OK
Mar 04, 2019 3:54:42 PM com.genfare.pos.remote.security.Client post
INFO: Response was identified as: {"aws":{"environment":"qe","bucket":"qe-gfcp-device-configuration","credentials":{"accessKey":"ASIAXXAU3NTSHGXJAIWQ","secretKey":"+IK2trZ+K+LP7KZef9O7cnFB0SY1+IPJpkLnx0rq","sessionId":"FQoGZXIvYXdzEEQaDPUb1tmWJqim2Tii1yKrAfhDkLVuQ1zLdoS1+QZ/B9SfN1y8pTcBF6gCzP7bsxEZ+10zhLyxJdemPlRBBLbtTfZIcTEECac+C97W905WJm6uRknIw9iqIkc6rwHRduOZoismIixaROloPLmhDyYKdNeGebr1XSf4jxGFGfLwKii+o7KAw+xhonqL0ywiNxA3/sFhliyl0lzCN2opNnQ+uHk2f9JMYUp2XJDrwuOlfTdNGsOaPEJCDj1/5Sjo+fPjBQ==","expiration":5399}},"configurations":{"terminal_config":{"uri":"https://qe-gfcp-device-configuration.s3.amazonaws.com/TARC/94fac97a6c096a0c486cb9b23b523a5a/terminal_config.xml","method":"GET","s3key":"TARC/94fac97a6c096a0c486cb9b23b523a5a/terminal_config.xml"},"faretable":{"uri":"https://qe-gfcp-device-configuration.s3.amazonaws.com/TARC/1bf71427cd8b09bb36c44c78a4887e03/faretable.xml","method":"GET","s3key":"TARC/1bf71427cd8b09bb36c44c78a4887e03/faretable.xml"},"authentication_key":{"uri":"https://qe-gfcp-device-configuration.s3.amazonaws.com/TARC/global-configuration/authentication_key.js","method":"GET","s3key":"TARC/global-configuration/authentication_key.js"},"autoload":{"uri":"https://qe-gfcp-device-configuration.s3.amazonaws.com/TARC/1bf71427cd8b09bb36c44c78a4887e03/autoload.xml","method":"GET","s3key":"TARC/1bf71427cd8b09bb36c44c78a4887e03/autoload.xml"},"magnetic_badlist":{"uri":"https://qe-gfcp-device-configuration.s3.amazonaws.com/TARC/1bf71427cd8b09bb36c44c78a4887e03/magnetic_badlist.csv","method":"GET","s3key":"TARC/1bf71427cd8b09bb36c44c78a4887e03/magnetic_badlist.csv"},"product_catalog":{"uri":"https://qe-gfcp-device-configuration.s3.amazonaws.com/TARC/0142cc22ff5fdf21a09f7c5a80e6d38d/product_catalog.xml","method":"GET","s3key":"TARC/0142cc22ff5fdf21a09f7c5a80e6d38d/product_catalog.xml"},"drivers":{"uri":"https://qe-gfcp-device-configuration.s3.amazonaws.com/TARC/c81e728d9d4c2f636f067f89cc14862c/drivers.xml","method":"GET","s3key":"TARC/c81e728d9d4c2f636f067f89cc14862c/drivers.xml"},"fieldlogs":{"uri":"https://qe-gfcp-device-configuration.s3.amazonaws.com/TARC/global-configuration/fieldlogs/APOS/","method":"GET","s3key":"TARC/global-configuration/fieldlogs/APOS/"},"users":{"uri":"https://qe-gfcp-device-configuration.s3.amazonaws.com/TARC/26a93d6f7afe19a1f4ef9d17229d1900/users.xml","method":"GET","s3key":"TARC/26a93d6f7afe19a1f4ef9d17229d1900/users.xml"}},"services":{"event":{"uri":"https://api.qe.gfcp.io/services/device/authenticated/v2/event","method":"POST"}},"software":{}}

Mar 04, 2019 3:54:42 PM com.genfare.pos.remote.security.Client post
INFO: Response was identified as a correct response.
Mar 04, 2019 3:54:42 PM com.genfare.pos.remote.AWSRemoteSystem authenticate
INFO: Successfully authenticated
Mar 04, 2019 3:54:42 PM com.genfare.pos.remote.sync.SyncService downloadAuthenticationKeys
INFO: downloadAuthenticationKeys!
Mar 04, 2019 3:54:42 PM com.genfare.pos.remote.sync.SyncService downloadAuthenticationKeys
INFO: terminal.getIsAposAccountBased() : true
Mar 04, 2019 3:54:42 PM com.genfare.pos.remote.AWSRemoteSystem downloadAccountAuthenticationKeys
INFO: AWSRemoteSystem downloadAuthenticationKeys called
Mar 04, 2019 3:54:42 PM com.genfare.pos.remote.AWSRemoteSystem downloadS3ObjectForAccount
INFO: Downloading S3 Object...
Mar 04, 2019 3:54:42 PM com.genfare.pos.remote.AWSRemoteSystem downloadS3ObjectForAccount
INFO: Checking ETag
Mar 04, 2019 3:54:44 PM com.genfare.pos.remote.AWSRemoteSystem downloadS3ObjectForAccount
INFO: Got object ETag (TARC/global-configuration/authentication_key_account.js, 7dc830bb77900171d28dfb74ba472982)
Mar 04, 2019 3:54:44 PM com.genfare.pos.remote.AWSRemoteSystem downloadS3ObjectForAccount
INFO: Object has not changed, skipping download
Mar 04, 2019 3:54:44 PM com.genfare.pos.remote.sync.SyncService downloadAuthenticationKeys
INFO: Authentication Keys - No updates
Mar 04, 2019 3:54:44 PM com.genfare.pos.remote.sync.SyncService downloadTerminalConfig
INFO: downloadTerminalConfig!
Mar 04, 2019 3:54:44 PM com.genfare.pos.remote.AWSRemoteSystem downloadTerminalConfig
INFO: AWSRemoteSystem downloadTerminalConfig called
Mar 04, 2019 3:54:44 PM com.genfare.pos.remote.AWSRemoteSystem downloadS3Object
INFO: Downloading S3 Object...
Mar 04, 2019 3:54:44 PM com.genfare.pos.remote.AWSRemoteSystem downloadS3Object
INFO: Checking ETag
Mar 04, 2019 3:54:45 PM com.genfare.pos.remote.AWSRemoteSystem downloadS3Object
INFO: Got object ETag (TARC/94fac97a6c096a0c486cb9b23b523a5a/terminal_config.xml, 1d6a982638f35282289571d4b5ea969d)
Mar 04, 2019 3:54:45 PM com.genfare.pos.remote.sync.SyncService downloadTerminalConfig
INFO: New terminal config downloaded
Mar 04, 2019 3:54:45 PM com.genfare.pos.core.converters.TerminalConverter populateTerminal
INFO: POPULATE TERMINAL
Mar 04, 2019 3:54:45 PM com.genfare.pos.core.converters.TerminalConverter populateTerminal
INFO: Card Config Attribute size: 20
Mar 04, 2019 3:54:45 PM com.genfare.pos.core.converters.TerminalConverter populateTerminal
INFO: Card Config Attribute size: 11
Mar 04, 2019 3:54:45 PM com.genfare.pos.core.converters.TerminalFrontEndConverter makeJSON
INFO: Make JSON from Terminal.
Mar 04, 2019 3:54:45 PM com.genfare.pos.core.converters.TerminalFrontEndConverter makeJSON
INFO: Got TerminalConfig FrontEnd JSON.
Mar 04, 2019 3:54:45 PM com.genfare.pos.core.service.EventServiceImpl logEvent
INFO: Logging event 12 with data Terminal Config downloaded
Mar 04, 2019 3:54:45 PM com.genfare.pos.core.data.loader.EventLoader insert
INFO: insert()
Mar 04, 2019 3:54:45 PM com.genfare.pos.core.cache.FileCacheService saveTerminalConfig
INFO: saveTerminalConfig
Mar 04, 2019 3:54:45 PM com.genfare.pos.core.cache.FileCacheService saveStoredData
INFO: saveStoredData
Mar 04, 2019 3:54:45 PM com.genfare.pos.core.cache.FileCacheService saveStoredData
INFO: filePath: C:\Users\user\Desktop\APOS\apos-electron/data/cache/TERMINAL_CONFIG_DATA
Mar 04, 2019 3:54:45 PM com.genfare.pos.remote.sync.SyncService downloadFareTable
INFO: downloadFareTable!
Mar 04, 2019 3:54:45 PM com.genfare.pos.remote.AWSRemoteSystem downloadFareTable
INFO: AWSRemoteSystem downloadFareTable called
Mar 04, 2019 3:54:45 PM com.genfare.pos.remote.AWSRemoteSystem downloadS3Object
INFO: Downloading S3 Object...
Mar 04, 2019 3:54:45 PM com.genfare.pos.remote.AWSRemoteSystem downloadS3Object
INFO: Checking ETag
Mar 04, 2019 3:54:46 PM com.genfare.pos.remote.AWSRemoteSystem downloadS3Object
INFO: Got object ETag (TARC/1bf71427cd8b09bb36c44c78a4887e03/faretable.xml, 2374aa25afc0dd278b08821f118f9256)
