Feb 18, 2019 12:58:49 AM com.genfare.pos.core.service.LogService createAndAddNewFileHandler
INFO: Parent log configured, future logs will go to log file: C:\Users\vamsi deepak\Desktop\prod_apos_electron\apos-electron/logs/APOS.1550431729244.%u.%g.log
Feb 18, 2019 12:58:49 AM com.genfare.pos.applet.POSApplet runInitialization
INFO: App mode: ${build.mode}
Feb 18, 2019 12:58:49 AM com.genfare.pos.applet.POSApplet runInitialization
INFO: EPX Mode: true
Feb 18, 2019 12:58:49 AM com.genfare.pos.core.data.loader.ConnectionManager createTables
INFO: Creating tables
Feb 18, 2019 12:58:52 AM com.genfare.pos.core.data.loader.SchemaVersionLoader insert
INFO: insert()
Feb 18, 2019 12:58:52 AM com.genfare.pos.core.data.loader.SchemaVersionLoader insert
INFO: insert()
Feb 18, 2019 12:58:52 AM com.genfare.pos.core.data.loader.SchemaVersionLoader insert
INFO: insert()
Feb 18, 2019 12:58:52 AM com.genfare.pos.core.data.loader.SchemaVersionLoader insert
INFO: insert()
Feb 18, 2019 12:58:52 AM com.genfare.pos.core.data.loader.SchemaVersionLoader insert
INFO: insert()
Feb 18, 2019 12:58:53 AM com.genfare.pos.core.data.loader.SchemaVersionLoader insert
INFO: insert()
Feb 18, 2019 12:58:53 AM com.genfare.pos.core.device.Terminal initialize
INFO: Initializing terminal
Feb 18, 2019 12:58:53 AM com.genfare.pos.core.cache.FileCacheService <init>
INFO: Starting FileCacheService.
Feb 18, 2019 12:58:53 AM com.genfare.pos.core.cache.FileCacheService <init>
INFO: Done running FileCacheService.
Feb 18, 2019 12:58:53 AM com.genfare.pos.applet.POSApplet runInitialization
INFO: Done with running initialization script.
Feb 18, 2019 12:58:57 AM com.genfare.pos.core.converters.TerminalFrontEndConverter makeJSON
INFO: Make JSON from Terminal.
Feb 18, 2019 12:58:57 AM com.genfare.pos.core.converters.TerminalFrontEndConverter makeJSON
INFO: Got TerminalConfig FrontEnd JSON.
Feb 18, 2019 12:59:02 AM com.genfare.pos.core.data.loader.EquipmentLoader insert
INFO: insert()
Feb 18, 2019 12:59:02 AM com.genfare.pos.core.data.loader.SchemaVersionLoader insert
INFO: insert()
Feb 18, 2019 12:59:03 AM com.genfare.pos.core.data.loader.SchemaVersionLoader insert
INFO: insert()
Feb 18, 2019 12:59:03 AM com.genfare.pos.core.data.loader.SchemaVersionLoader insert
INFO: insert()
Feb 18, 2019 12:59:03 AM com.genfare.pos.core.data.loader.SchemaVersionLoader insert
INFO: insert()
Feb 18, 2019 12:59:04 AM com.genfare.pos.core.data.loader.SchemaVersionLoader insert
INFO: insert()
Feb 18, 2019 12:59:04 AM com.genfare.pos.core.data.loader.SchemaVersionLoader insert
INFO: insert()
Feb 18, 2019 12:59:04 AM com.genfare.pos.core.data.loader.SchemaVersionLoader insert
INFO: insert()
Feb 18, 2019 12:59:05 AM com.genfare.pos.core.data.loader.SchemaVersionLoader insert
INFO: insert()
Feb 18, 2019 12:59:05 AM com.genfare.pos.core.device.Terminal initialize
INFO: Initializing terminal
Feb 18, 2019 12:59:05 AM com.genfare.pos.core.device.Terminal initialize
INFO: Initializing terminal
Feb 18, 2019 12:59:05 AM com.genfare.pos.applet.POSApplet runInitialization
INFO: Running initialization.
