Feb 11, 2019 3:14:33 PM com.genfare.pos.core.service.LogService createAndAddNewFileHandler
INFO: Parent log configured, future logs will go to log file: C:\Users\user\Desktop\apos_electron-master\apos_electron-master/logs/APOS.1549878273105.%u.%g.log
Feb 11, 2019 3:14:33 PM com.genfare.pos.applet.POSApplet runInitialization
INFO: App mode: ${build.mode}
Feb 11, 2019 3:14:33 PM com.genfare.pos.applet.POSApplet runInitialization
INFO: EPX Mode: true
Feb 11, 2019 3:14:33 PM com.genfare.pos.core.device.Terminal initialize
INFO: Initializing terminal
Feb 11, 2019 3:14:33 PM com.genfare.pos.core.cache.FileCacheService <init>
INFO: Starting FileCacheService.
Feb 11, 2019 3:14:33 PM com.genfare.pos.core.cache.FileCacheService <init>
INFO: Done running FileCacheService.
Feb 11, 2019 3:14:33 PM com.genfare.pos.applet.POSApplet runInitialization
INFO: Connection manager reported it is set up.
Feb 11, 2019 3:14:33 PM com.genfare.pos.core.service.EnvironmentServiceImpl getByEnv
INFO: ****************************************
Feb 11, 2019 3:14:33 PM com.genfare.pos.core.service.EnvironmentServiceImpl getByEnv
INFO: Tenant: TARC, Env: qe, Schema: TARC
Feb 11, 2019 3:14:33 PM com.genfare.pos.core.service.EnvironmentServiceImpl getByEnv
INFO: ****************************************
Feb 11, 2019 3:14:33 PM com.genfare.pos.core.device.Terminal initialize
INFO: Initializing terminal
Feb 11, 2019 3:14:33 PM com.genfare.pos.core.cache.FileCacheService initFromCache
INFO: initFromCache()
Feb 11, 2019 3:14:33 PM com.genfare.pos.core.cache.FileCacheService loadTerminalConfig
INFO: loadTerminalConfig()
Feb 11, 2019 3:14:33 PM com.genfare.pos.core.cache.FileCacheService loadStoredData
INFO: loadStoredData
Feb 11, 2019 3:14:34 PM com.genfare.pos.core.cache.FileCacheService loadTerminalConfig
INFO: SUCCESS! Loaded cached terminal config file!
Feb 11, 2019 3:14:34 PM com.genfare.pos.core.converters.TerminalConverter populateTerminal
INFO: POPULATE TERMINAL
Feb 11, 2019 3:14:34 PM com.genfare.pos.core.converters.TerminalConverter populateTerminal
INFO: Card Config Attribute size: 20
Feb 11, 2019 3:14:34 PM com.genfare.pos.core.converters.TerminalConverter populateTerminal
INFO: Card Config Attribute size: 11
Feb 11, 2019 3:14:34 PM com.genfare.pos.core.converters.TerminalFrontEndConverter makeJSON
INFO: Make JSON from Terminal.
Feb 11, 2019 3:14:34 PM com.genfare.pos.core.converters.TerminalFrontEndConverter makeJSON
INFO: Got TerminalConfig FrontEnd JSON.
Feb 11, 2019 3:14:34 PM com.genfare.pos.core.cache.FileCacheService loadFareTable
INFO: loadFareTable()
Feb 11, 2019 3:14:34 PM com.genfare.pos.core.cache.FileCacheService loadStoredData
INFO: loadStoredData
Feb 11, 2019 3:14:34 PM com.genfare.pos.core.cache.FileCacheService loadFareTable
INFO: SUCCESS! Loaded Cached Fare Table file!
Feb 11, 2019 3:14:35 PM com.genfare.pos.core.cache.FileCacheService loadProductCatalog
INFO: loadProductCatalog()
Feb 11, 2019 3:14:35 PM com.genfare.pos.core.cache.FileCacheService loadStoredData
INFO: loadStoredData
Feb 11, 2019 3:14:35 PM com.genfare.pos.core.cache.FileCacheService loadProductCatalog
INFO: SUCCESS! Loaded Cached Product Catalog file!
Feb 11, 2019 3:14:35 PM com.genfare.pos.core.converters.ProductCatalogConverter convertToFrontEnd
INFO: Converting data to front end.
Feb 11, 2019 3:14:35 PM com.genfare.pos.core.converters.ProductCatalogConverter convertToFrontEnd
WARNING: Unhandled product attribute: ticketTypeId
Feb 11, 2019 3:14:35 PM com.genfare.pos.core.converters.ProductCatalogConverter convertToFrontEnd
WARNING: Unhandled product attribute: ticketSubTypeId
Feb 11, 2019 3:14:35 PM com.genfare.pos.core.converters.ProductCatalogConverter convertToFrontEnd
WARNING: Unhandled product attribute: expirationType
Feb 11, 2019 3:14:35 PM com.genfare.pos.core.converters.ProductCatalogConverter convertToFrontEnd
WARNING: Unhandled product attribute: ticketTypeId
Feb 11, 2019 3:14:35 PM com.genfare.pos.core.converters.ProductCatalogConverter convertToFrontEnd
WARNING: Unhandled product attribute: ticketSubTypeId
Feb 11, 2019 3:14:35 PM com.genfare.pos.core.converters.ProductCatalogConverter convertToFrontEnd
WARNING: Unhandled product attribute: expirationType
Feb 11, 2019 3:14:35 PM com.genfare.pos.core.converters.ProductCatalogConverter convertToFrontEnd
WARNING: Unhandled product attribute: ticketTypeId
Feb 11, 2019 3:14:35 PM com.genfare.pos.core.converters.ProductCatalogConverter convertToFrontEnd
WARNING: Unhandled product attribute: ticketSubTypeId
Feb 11, 2019 3:14:35 PM com.genfare.pos.core.converters.ProductCatalogConverter convertToFrontEnd
WARNING: Unhandled product attribute: expirationType
Feb 11, 2019 3:14:35 PM com.genfare.pos.core.converters.ProductCatalogConverter convertToFrontEnd
WARNING: Unhandled product attribute: ticketTypeId
Feb 11, 2019 3:14:35 PM com.genfare.pos.core.converters.ProductCatalogConverter convertToFrontEnd
WARNING: Unhandled product attribute: ticketSubTypeId
Feb 11, 2019 3:14:35 PM com.genfare.pos.core.converters.ProductCatalogConverter convertToFrontEnd
WARNING: Unhandled product attribute: expirationType
Feb 11, 2019 3:14:35 PM com.genfare.pos.core.converters.ProductCatalogConverter convertToFrontEnd
WARNING: Unhandled product attribute: ticketTypeId
Feb 11, 2019 3:14:35 PM com.genfare.pos.core.converters.ProductCatalogConverter convertToFrontEnd
WARNING: Unhandled product attribute: ticketTypeId
Feb 11, 2019 3:14:35 PM com.genfare.pos.core.converters.ProductCatalogConverter convertToFrontEnd
WARNING: Unhandled product attribute: ticketSubTypeId
Feb 11, 2019 3:14:35 PM com.genfare.pos.core.converters.ProductCatalogConverter convertToFrontEnd
WARNING: Unhandled product attribute: expirationType
Feb 11, 2019 3:14:35 PM com.genfare.pos.core.converters.ProductCatalogConverter convertToFrontEnd
WARNING: Unhandled product attribute: ticketTypeId
Feb 11, 2019 3:14:35 PM com.genfare.pos.core.converters.ProductCatalogConverter convertToFrontEnd
WARNING: Unhandled product attribute: ticketSubTypeId
Feb 11, 2019 3:14:35 PM com.genfare.pos.core.converters.ProductCatalogConverter convertToFrontEnd
WARNING: Unhandled product attribute: expirationType
Feb 11, 2019 3:14:35 PM com.genfare.pos.core.converters.ProductCatalogConverter convertToFrontEnd
WARNING: Unhandled product attribute: ticketTypeId
Feb 11, 2019 3:14:35 PM com.genfare.pos.core.converters.ProductCatalogConverter convertToFrontEnd
WARNING: Unhandled product attribute: ticketSubTypeId
Feb 11, 2019 3:14:35 PM com.genfare.pos.core.converters.ProductCatalogConverter convertToFrontEnd
WARNING: Unhandled product attribute: expirationType
Feb 11, 2019 3:14:35 PM com.genfare.pos.core.converters.ProductCatalogConverter convertToFrontEnd
WARNING: Unhandled product attribute: ticketTypeId
Feb 11, 2019 3:14:35 PM com.genfare.pos.core.converters.ProductCatalogConverter convertToFrontEnd
WARNING: Unhandled product attribute: ticketTypeId
Feb 11, 2019 3:14:35 PM com.genfare.pos.core.converters.ProductCatalogConverter convertToFrontEnd
WARNING: Unhandled product attribute: ticketTypeId
Feb 11, 2019 3:14:35 PM com.genfare.pos.core.converters.ProductCatalogConverter convertToFrontEnd
WARNING: Unhandled product attribute: ticketTypeId
Feb 11, 2019 3:14:35 PM com.genfare.pos.core.converters.ProductCatalogConverter convertToFrontEnd
WARNING: Unhandled product attribute: ticketTypeId
Feb 11, 2019 3:14:35 PM com.genfare.pos.core.converters.ProductCatalogConverter convertToFrontEnd
WARNING: Unhandled product attribute: ticketTypeId
Feb 11, 2019 3:14:35 PM com.genfare.pos.core.converters.ProductCatalogConverter convertToFrontEnd
WARNING: Unhandled product attribute: ticketTypeId
Feb 11, 2019 3:14:35 PM com.genfare.pos.core.converters.ProductCatalogConverter convertToFrontEnd
WARNING: Unhandled product attribute: ticketSubTypeId
Feb 11, 2019 3:14:35 PM com.genfare.pos.core.converters.ProductCatalogConverter convertToFrontEnd
WARNING: Unhandled product attribute: expirationType
Feb 11, 2019 3:14:35 PM com.genfare.pos.core.converters.ProductCatalogConverter convertToFrontEnd
WARNING: Unhandled product attribute: ticketTypeId
Feb 11, 2019 3:14:35 PM com.genfare.pos.core.converters.ProductCatalogConverter convertToFrontEnd
WARNING: Unhandled product attribute: ticketSubTypeId
Feb 11, 2019 3:14:35 PM com.genfare.pos.core.converters.ProductCatalogConverter convertToFrontEnd
WARNING: Unhandled product attribute: expirationType
Feb 11, 2019 3:14:35 PM com.genfare.pos.core.converters.ProductCatalogConverter convertToFrontEnd
WARNING: Unhandled product attribute: ticketTypeId
Feb 11, 2019 3:14:35 PM com.genfare.pos.core.converters.ProductCatalogConverter convertToFrontEnd
WARNING: Unhandled product attribute: ticketSubTypeId
Feb 11, 2019 3:14:35 PM com.genfare.pos.core.converters.ProductCatalogConverter convertToFrontEnd
WARNING: Unhandled product attribute: expirationType
Feb 11, 2019 3:14:35 PM com.genfare.pos.core.converters.ProductCatalogConverter convertToFrontEnd
WARNING: Unhandled product attribute: ticketTypeId
Feb 11, 2019 3:14:35 PM com.genfare.pos.core.converters.ProductCatalogConverter convertToFrontEnd
WARNING: Unhandled product attribute: ticketSubTypeId
Feb 11, 2019 3:14:35 PM com.genfare.pos.core.converters.ProductCatalogConverter convertToFrontEnd
WARNING: Unhandled product attribute: expirationType
Feb 11, 2019 3:14:35 PM com.genfare.pos.core.converters.ProductCatalogConverter convertToFrontEnd
WARNING: Unhandled product attribute: ticketTypeId
Feb 11, 2019 3:14:35 PM com.genfare.pos.core.converters.ProductCatalogConverter convertToFrontEnd
WARNING: Unhandled product attribute: ticketTypeId
Feb 11, 2019 3:14:35 PM com.genfare.pos.core.converters.ProductCatalogConverter convertToFrontEnd
WARNING: Unhandled product attribute: ticketSubTypeId
Feb 11, 2019 3:14:35 PM com.genfare.pos.core.converters.ProductCatalogConverter convertToFrontEnd
WARNING: Unhandled product attribute: expirationType
Feb 11, 2019 3:14:35 PM com.genfare.pos.core.converters.ProductCatalogConverter convertToFrontEnd
WARNING: Unhandled product attribute: ticketTypeId
Feb 11, 2019 3:14:35 PM com.genfare.pos.core.converters.ProductCatalogConverter convertToFrontEnd
WARNING: Unhandled product attribute: ticketSubTypeId
Feb 11, 2019 3:14:35 PM com.genfare.pos.core.converters.ProductCatalogConverter convertToFrontEnd
WARNING: Unhandled product attribute: expirationType
Feb 11, 2019 3:14:35 PM com.genfare.pos.core.converters.ProductCatalogConverter convertToFrontEnd
WARNING: Unhandled product attribute: ticketTypeId
Feb 11, 2019 3:14:35 PM com.genfare.pos.core.converters.ProductCatalogConverter convertToFrontEnd
WARNING: Unhandled product attribute: ticketSubTypeId
Feb 11, 2019 3:14:35 PM com.genfare.pos.core.converters.ProductCatalogConverter convertToFrontEnd
WARNING: Unhandled product attribute: expirationType
Feb 11, 2019 3:14:35 PM com.genfare.pos.core.converters.ProductCatalogConverter convertToFrontEnd
WARNING: Unhandled product attribute: ticketTypeId
Feb 11, 2019 3:14:35 PM com.genfare.pos.core.converters.ProductCatalogConverter convertToFrontEnd
WARNING: Unhandled product attribute: ticketTypeId
Feb 11, 2019 3:14:35 PM com.genfare.pos.core.converters.ProductCatalogConverter convertToFrontEnd
WARNING: Unhandled product attribute: ticketSubTypeId
Feb 11, 2019 3:14:35 PM com.genfare.pos.core.converters.ProductCatalogConverter convertToFrontEnd
WARNING: Unhandled product attribute: expirationType
Feb 11, 2019 3:14:35 PM com.genfare.pos.core.converters.ProductCatalogConverter convertToFrontEnd
WARNING: Unhandled product attribute: ticketTypeId
Feb 11, 2019 3:14:35 PM com.genfare.pos.core.converters.ProductCatalogConverter convertToFrontEnd
WARNING: Unhandled product attribute: ticketTypeId
Feb 11, 2019 3:14:35 PM com.genfare.pos.core.converters.ProductCatalogConverter convertToFrontEnd
WARNING: Unhandled product attribute: ticketSubTypeId
Feb 11, 2019 3:14:35 PM com.genfare.pos.core.converters.ProductCatalogConverter convertToFrontEnd
WARNING: Unhandled product attribute: expirationType
Feb 11, 2019 3:14:35 PM com.genfare.pos.core.converters.ProductCatalogConverter convertToFrontEnd
WARNING: Unhandled product attribute: ticketTypeId
Feb 11, 2019 3:14:35 PM com.genfare.pos.core.converters.ProductCatalogConverter convertToFrontEnd
WARNING: Unhandled product attribute: ticketSubTypeId
Feb 11, 2019 3:14:35 PM com.genfare.pos.core.converters.ProductCatalogConverter convertToFrontEnd
WARNING: Unhandled product attribute: expirationType
Feb 11, 2019 3:14:35 PM com.genfare.pos.core.converters.ProductCatalogConverter convertToFrontEnd
WARNING: Unhandled product attribute: ticketTypeId
Feb 11, 2019 3:14:35 PM com.genfare.pos.core.converters.ProductCatalogConverter convertToFrontEnd
WARNING: Unhandled product attribute: ticketTypeId
Feb 11, 2019 3:14:35 PM com.genfare.pos.core.converters.ProductCatalogConverter convertToFrontEnd
WARNING: Unhandled product attribute: ticketTypeId
Feb 11, 2019 3:14:35 PM com.genfare.pos.core.converters.ProductCatalogConverter convertToFrontEnd
WARNING: Unhandled product attribute: ticketSubTypeId
Feb 11, 2019 3:14:35 PM com.genfare.pos.core.converters.ProductCatalogConverter convertToFrontEnd
WARNING: Unhandled product attribute: expirationType
Feb 11, 2019 3:14:35 PM com.genfare.pos.core.converters.ProductCatalogConverter convertToFrontEnd
WARNING: Unhandled product attribute: ticketTypeId
Feb 11, 2019 3:14:35 PM com.genfare.pos.core.converters.ProductCatalogConverter convertToFrontEnd
WARNING: Unhandled product attribute: ticketSubTypeId
Feb 11, 2019 3:14:35 PM com.genfare.pos.core.converters.ProductCatalogConverter convertToFrontEnd
WARNING: Unhandled product attribute: expirationType
Feb 11, 2019 3:14:35 PM com.genfare.pos.core.converters.ProductCatalogConverter convertToFrontEnd
WARNING: Unhandled product attribute: ticketTypeId
Feb 11, 2019 3:14:35 PM com.genfare.pos.core.converters.ProductCatalogConverter convertToFrontEnd
WARNING: Unhandled product attribute: ticketSubTypeId
Feb 11, 2019 3:14:35 PM com.genfare.pos.core.converters.ProductCatalogConverter convertToFrontEnd
WARNING: Unhandled product attribute: expirationType
Feb 11, 2019 3:14:35 PM com.genfare.pos.core.converters.ProductCatalogConverter convertToFrontEnd
WARNING: Unhandled product attribute: ticketTypeId
Feb 11, 2019 3:14:35 PM com.genfare.pos.core.converters.ProductCatalogConverter convertToFrontEnd
INFO: Offerings count: 68
Feb 11, 2019 3:14:35 PM com.genfare.pos.core.cache.FileCacheService loadAutoload
INFO: loadAutoload()
Feb 11, 2019 3:14:35 PM com.genfare.pos.core.cache.FileCacheService loadStoredData
INFO: loadStoredData
Feb 11, 2019 3:14:35 PM com.genfare.pos.core.cache.FileCacheService loadAutoload
INFO: SUCCESS! Loaded Cached Pending Activity file!
Feb 11, 2019 3:14:35 PM com.genfare.pos.core.device.AutoloadProcessor setAutoloads
INFO: AddProduct count: 51
Feb 11, 2019 3:14:35 PM com.genfare.pos.core.device.AutoloadProcessor setAutoloads
INFO: AddValue count: 57
Feb 11, 2019 3:14:35 PM com.genfare.pos.core.device.AutoloadProcessor setAutoloads
INFO: CardUpdate count: 44
Feb 11, 2019 3:14:35 PM com.genfare.pos.core.cache.FileCacheService loadPeople
INFO: loadPeople()
Feb 11, 2019 3:14:35 PM com.genfare.pos.core.cache.FileCacheService loadStoredData
INFO: loadStoredData
Feb 11, 2019 3:14:35 PM com.genfare.pos.core.cache.FileCacheService loadPeople
INFO: SUCCESS! Loaded cached people file!
Feb 11, 2019 3:14:35 PM com.genfare.pos.core.device.pinpad.PinpadManager init
INFO: PindpadManager.init()!!
Feb 11, 2019 3:14:35 PM com.genfare.pos.core.device.pinpad.PinpadManager init
INFO: Pinpad not initialized, initializing...
Feb 11, 2019 3:14:35 PM com.genfare.pos.applet.POSApplet runInitialization
WARNING: Error initializing pinpad: Unable to load library 'EdgeLiteWrapperC': Native library (win32-x86-64/EdgeLiteWrapperC.dll) not found in resource path ([file:/C:/Users/user/Desktop/apos_electron-master/apos_electron-master/node_modules/java/commons-lang3-node-java.jar, file:/C:/Users/user/Desktop/apos_electron-master/apos_electron-master/node_modules/java/src-java/, file:/C:/Users/user/Desktop/apos_electron-master/apos_electron-master/javajars/activation-1.1.jar, file:/C:/Users/user/Desktop/apos_electron-master/apos_electron-master/javajars/aspectjweaver-1.6.12.jar, file:/C:/Users/user/Desktop/apos_electron-master/apos_electron-master/javajars/aws-java-sdk-core-1.10.14.jar, file:/C:/Users/user/Desktop/apos_electron-master/apos_electron-master/javajars/aws-java-sdk-kms-1.10.14.jar, file:/C:/Users/user/Desktop/apos_electron-master/apos_electron-master/javajars/aws-java-sdk-s3-1.10.14.jar, file:/C:/Users/user/Desktop/apos_electron-master/apos_electron-master/javajars/c3p0-0.9.1.1.jar, file:/C:/Users/user/Desktop/apos_electron-master/apos_electron-master/javajars/commons-codec-1.6.jar, file:/C:/Users/user/Desktop/apos_electron-master/apos_electron-master/javajars/commons-collections-3.2.1.jar, file:/C:/Users/user/Desktop/apos_electron-master/apos_electron-master/javajars/commons-logging-1.1.3.jar, file:/C:/Users/user/Desktop/apos_electron-master/apos_electron-master/javajars/GenfareSmartCard-4.0.1.jar, file:/C:/Users/user/Desktop/apos_electron-master/apos_electron-master/javajars/gson-2.2.4.jar, file:/C:/Users/user/Desktop/apos_electron-master/apos_electron-master/javajars/httpclient-4.3.6.jar, file:/C:/Users/user/Desktop/apos_electron-master/apos_electron-master/javajars/httpcore-4.3.3.jar, file:/C:/Users/user/Desktop/apos_electron-master/apos_electron-master/javajars/jackson-annotations-2.4.0.jar, file:/C:/Users/user/Desktop/apos_electron-master/apos_electron-master/javajars/jackson-core-2.4.0.jar, file:/C:/Users/user/Desktop/apos_electron-master/apos_electron-master/javajars/jackson-databind-2.4.0.jar, file:/C:/Users/user/Desktop/apos_electron-master/apos_electron-master/javajars/jackson-module-jaxb-annotations-2.4.0.jar, file:/C:/Users/user/Desktop/apos_electron-master/apos_electron-master/javajars/jna-4.0.0.jar, file:/C:/Users/user/Desktop/apos_electron-master/apos_electron-master/javajars/joda-time-2.8.1.jar, file:/C:/Users/user/Desktop/apos_electron-master/apos_electron-master/javajars/json-20090211.jar, file:/C:/Users/user/Desktop/apos_electron-master/apos_electron-master/javajars/log4j-1.2.17.jar, file:/C:/Users/user/Desktop/apos_electron-master/apos_electron-master/javajars/mail-1.4.3.jar, file:/C:/Users/user/Desktop/apos_electron-master/apos_electron-master/javajars/pos-applet-1.0.0.WEBVIEW.jar, file:/C:/Users/user/Desktop/apos_electron-master/apos_electron-master/javajars/pos-core-1.0.0.WEBVIEW.jar, file:/C:/Users/user/Desktop/apos_electron-master/apos_electron-master/javajars/pos-remote-1.0.0.WEBVIEW.jar, file:/C:/Users/user/Desktop/apos_electron-master/apos_electron-master/javajars/quartz-2.2.3.jar, file:/C:/Users/user/Desktop/apos_electron-master/apos_electron-master/javajars/slf4j-api-1.6.6.jar, file:/C:/Users/user/Desktop/apos_electron-master/apos_electron-master/javajars/slf4j-log4j12-1.6.6.jar, file:/C:/Users/user/Desktop/apos_electron-master/apos_electron-master/javajars/spring-core-3.2.6.RELEASE.jar, file:/C:/Users/user/Desktop/apos_electron-master/apos_electron-master/javajars/spring-security-crypto-3.2.0.RELEASE.jar, file:/C:/Users/user/Desktop/apos_electron-master/apos_electron-master/javajars/sqlite-jdbc-3.8.7.jar, file:/C:/Users/user/Desktop/apos_electron-master/apos_electron-master/javajars/stax-1.2.0.jar, file:/C:/Users/user/Desktop/apos_electron-master/apos_electron-master/javajars/stax-api-1.0.1.jar, file:/C:/Users/user/Desktop/apos_electron-master/apos_electron-master/])
Feb 11, 2019 3:14:35 PM com.genfare.pos.diagnostics.DiagnosticJobListener getName
INFO: Got listener name
Feb 11, 2019 3:14:35 PM com.genfare.pos.diagnostics.DiagnosticJobListener getName
INFO: Got listener name
Feb 11, 2019 3:14:35 PM com.genfare.pos.diagnostics.DiagnosticJobListener getName
INFO: Got listener name
Feb 11, 2019 3:14:35 PM com.genfare.pos.diagnostics.DiagnosticJobListener getName
INFO: Got listener name
Feb 11, 2019 3:14:35 PM com.genfare.pos.diagnostics.DiagnosticJobListener getName
INFO: Got listener name
Feb 11, 2019 3:14:35 PM com.genfare.pos.diagnostics.DiagnosticJobScheduler scheduleStandardProcess
INFO: DiagnosticScheduler has scheduled standard process
Feb 11, 2019 3:14:35 PM com.genfare.pos.remote.sync.SyncScheduler scheduleStandardSyncProcess
INFO: SyncScheduler has scheduled standard sync
Feb 11, 2019 3:14:35 PM com.genfare.pos.applet.POSApplet runInitialization
INFO: Done with running initialization script.
Feb 11, 2019 3:14:35 PM com.genfare.pos.remote.sync.SyncService <init>
INFO: SyncService constructor
Feb 11, 2019 3:14:35 PM com.genfare.pos.core.cache.FileCacheService <init>
INFO: Starting FileCacheService.
Feb 11, 2019 3:14:35 PM com.genfare.pos.core.cache.FileCacheService <init>
INFO: Done running FileCacheService.
Feb 11, 2019 3:14:35 PM com.genfare.pos.remote.sync.SyncJobListener jobToBeExecuted
INFO: Listener for sync reports job scheduled.
Feb 11, 2019 3:14:35 PM com.genfare.pos.remote.sync.SyncJob execute
INFO: SyncJob executing...
Feb 11, 2019 3:14:35 PM com.genfare.pos.remote.sync.SyncService runSync
INFO: Running sync!
Feb 11, 2019 3:14:35 PM com.genfare.pos.core.service.EventServiceImpl logEvent
INFO: Logging event 4 with data APOS Heartbeat
Feb 11, 2019 3:14:35 PM com.genfare.pos.core.data.loader.EventLoader insert
INFO: insert()
Feb 11, 2019 3:14:35 PM com.genfare.pos.remote.AWSRemoteSystem authenticate
INFO: Authenticating...
Feb 11, 2019 3:14:35 PM com.genfare.pos.remote.security.Client postTrySsl
INFO: Trying SSL URL
Feb 11, 2019 3:14:38 PM com.genfare.pos.remote.security.Client post
INFO: Outputstream written
Feb 11, 2019 3:14:38 PM com.genfare.pos.remote.security.Client post
INFO: Response Code: 401, Message: Unauthorized
Feb 11, 2019 3:14:38 PM com.genfare.pos.remote.security.Client post
WARNING: Error posting - Response Code: 401
Feb 11, 2019 3:14:38 PM com.genfare.pos.remote.security.Client postTrySsl
WARNING: SSL connection failed
com.genfare.pos.remote.RemoteSystemException: Error posting - Response Code: 401
	at com.genfare.pos.remote.security.Client.post(Client.java:304)
	at com.genfare.pos.remote.security.Client.postTrySsl(Client.java:163)
	at com.genfare.pos.remote.security.Client.auth(Client.java:138)
	at com.genfare.pos.remote.AWSRemoteSystem.authenticate(AWSRemoteSystem.java:223)
	at com.genfare.pos.remote.AWSRemoteSystem.authenticate(AWSRemoteSystem.java:180)
	at com.genfare.pos.remote.sync.SyncService.runSync(SyncService.java:103)
	at com.genfare.pos.remote.sync.SyncJob.execute(SyncJob.java:23)
	at org.quartz.core.JobRunShell.run(JobRunShell.java:202)
	at org.quartz.simpl.SimpleThreadPool$WorkerThread.run(SimpleThreadPool.java:573)

Feb 11, 2019 3:14:38 PM com.genfare.pos.remote.AWSRemoteSystem authenticate
WARNING: Error communicating with authentication server
com.genfare.pos.remote.RemoteSystemException: Error posting - Response Code: 401
	at com.genfare.pos.remote.security.Client.post(Client.java:304)
	at com.genfare.pos.remote.security.Client.postTrySsl(Client.java:163)
	at com.genfare.pos.remote.security.Client.auth(Client.java:138)
	at com.genfare.pos.remote.AWSRemoteSystem.authenticate(AWSRemoteSystem.java:223)
	at com.genfare.pos.remote.AWSRemoteSystem.authenticate(AWSRemoteSystem.java:180)
	at com.genfare.pos.remote.sync.SyncService.runSync(SyncService.java:103)
	at com.genfare.pos.remote.sync.SyncJob.execute(SyncJob.java:23)
	at org.quartz.core.JobRunShell.run(JobRunShell.java:202)
	at org.quartz.simpl.SimpleThreadPool$WorkerThread.run(SimpleThreadPool.java:573)

Feb 11, 2019 3:14:38 PM com.genfare.pos.remote.sync.SyncScheduler pauseSyncProcess
INFO: Sync Process paused
Feb 11, 2019 3:14:38 PM com.genfare.pos.core.cache.FileCacheService clearCache
INFO: Clear cache.
Feb 11, 2019 3:14:38 PM com.genfare.pos.core.cache.FileCacheService deleteStoredData
INFO: deleteStoredData
Feb 11, 2019 3:14:38 PM com.genfare.pos.core.cache.FileCacheService deleteStoredData
INFO: filePath: C:\Users\user\Desktop\apos_electron-master\apos_electron-master/data/cache/AUTOLOAD_DATA
Feb 11, 2019 3:14:38 PM com.genfare.pos.core.cache.FileCacheService deleteStoredData
INFO: deleteStoredData
Feb 11, 2019 3:14:38 PM com.genfare.pos.core.cache.FileCacheService deleteStoredData
INFO: filePath: C:\Users\user\Desktop\apos_electron-master\apos_electron-master/data/cache/FARE_TABLE_DATA
Feb 11, 2019 3:14:38 PM com.genfare.pos.core.cache.FileCacheService deleteStoredData
INFO: deleteStoredData
Feb 11, 2019 3:14:38 PM com.genfare.pos.core.cache.FileCacheService deleteStoredData
INFO: filePath: C:\Users\user\Desktop\apos_electron-master\apos_electron-master/data/cache/PRODUCT_CATALOG_DATA
Feb 11, 2019 3:14:38 PM com.genfare.pos.core.cache.FileCacheService deleteStoredData
INFO: deleteStoredData
Feb 11, 2019 3:14:38 PM com.genfare.pos.core.cache.FileCacheService deleteStoredData
INFO: filePath: C:\Users\user\Desktop\apos_electron-master\apos_electron-master/data/cache/TERMINAL_CONFIG_DATA
Feb 11, 2019 3:14:38 PM com.genfare.pos.core.cache.FileCacheService deleteStoredData
INFO: deleteStoredData
Feb 11, 2019 3:14:38 PM com.genfare.pos.core.cache.FileCacheService deleteStoredData
INFO: filePath: C:\Users\user\Desktop\apos_electron-master\apos_electron-master/data/cache/PEOPLE_DATA
Feb 11, 2019 3:14:38 PM com.genfare.pos.core.device.Terminal initialize
INFO: Initializing terminal
Feb 11, 2019 3:14:38 PM com.genfare.pos.core.data.loader.ConnectionManager warningDeleteDatabase
WARNING: DELETING DATABASE!
Feb 11, 2019 3:14:38 PM com.genfare.pos.core.data.loader.ConnectionManager warningDeleteDatabase
INFO: Terminal was successfully deleted.
Feb 11, 2019 3:14:38 PM com.genfare.pos.remote.sync.SyncJobListener jobWasExecuted
INFO: Listener for sync reports job finished.
Feb 11, 2019 3:14:39 PM com.genfare.pos.core.converters.TerminalFrontEndConverter makeJSON
INFO: Make JSON from Terminal.
Feb 11, 2019 3:14:45 PM com.genfare.pos.diagnostics.DiagnosticJobService <init>
INFO: DiagnosticJobService constructor
Feb 11, 2019 3:14:45 PM com.genfare.pos.diagnostics.DiagnosticJobListener getName
INFO: Got listener name
Feb 11, 2019 3:14:45 PM com.genfare.pos.diagnostics.DiagnosticJobListener jobToBeExecuted
INFO: Listener for diagnostic reports job scheduled.
Feb 11, 2019 3:14:45 PM com.genfare.pos.diagnostics.DiagnosticJob execute
INFO: DiagnosticJob executing...
Feb 11, 2019 3:14:45 PM com.genfare.pos.diagnostics.DiagnosticJobService runDiagnostics
INFO: Running diagnostics!
Feb 11, 2019 3:14:47 PM com.genfare.smartcard.PrintServiceMatcher findPrinter
INFO: Found 5 attached printers.
Feb 11, 2019 3:14:47 PM com.genfare.smartcard.PrintServiceMatcher findPrinter
INFO: Printer specified: EPSON BA-T500II
Feb 11, 2019 3:14:47 PM com.genfare.smartcard.PrintServiceMatcher findPrinter
WARNING: Printer not found: EPSON BA-T500II
Feb 11, 2019 3:14:47 PM com.genfare.smartcard.PrintServiceMatcher findPrinter
INFO: Found 5 attached printers.
Feb 11, 2019 3:14:47 PM com.genfare.smartcard.PrintServiceMatcher findPrinter
INFO: Printer specified: EPSON TM-T20II
Feb 11, 2019 3:14:47 PM com.genfare.smartcard.PrintServiceMatcher findPrinter
WARNING: Printer not found: EPSON TM-T20II
Feb 11, 2019 3:14:47 PM com.genfare.smartcard.PrintServiceMatcher findPrinter
INFO: Found 5 attached printers.
Feb 11, 2019 3:14:47 PM com.genfare.smartcard.PrintServiceMatcher findPrinter
INFO: Printer specified: EPSON_TM_T20II
Feb 11, 2019 3:14:47 PM com.genfare.smartcard.PrintServiceMatcher findPrinter
WARNING: Printer not found: EPSON_TM_T20II
Feb 11, 2019 3:14:47 PM com.genfare.pos.core.service.DiagnosticServiceImpl logDiagnostic
INFO: Logging diagnostic event code 5 with reason Receipt Printer Installed: false
Feb 11, 2019 3:14:47 PM com.genfare.pos.core.data.loader.DiagnosticLoader insert
INFO: insert()
Feb 11, 2019 3:14:47 PM com.genfare.pos.core.service.DiagnosticServiceImpl logDiagnostic
WARNING: Error logging event!
java.sql.SQLException: [SQLITE_ERROR] SQL error or missing database (no such table: Diagnostic)
	at org.sqlite.core.DB.newSQLException(DB.java:890)
	at org.sqlite.core.DB.newSQLException(DB.java:901)
	at org.sqlite.core.DB.throwex(DB.java:868)
	at org.sqlite.core.NativeDB.prepare(Native Method)
	at org.sqlite.core.DB.prepare(DB.java:211)
	at org.sqlite.core.CorePreparedStatement.<init>(CorePreparedStatement.java:40)
	at org.sqlite.jdbc3.JDBC3PreparedStatement.<init>(JDBC3PreparedStatement.java:29)
	at org.sqlite.jdbc4.JDBC4PreparedStatement.<init>(JDBC4PreparedStatement.java:18)
	at org.sqlite.jdbc4.JDBC4Connection.prepareStatement(JDBC4Connection.java:47)
	at org.sqlite.jdbc3.JDBC3Connection.prepareStatement(JDBC3Connection.java:251)
	at org.sqlite.jdbc3.JDBC3Connection.prepareStatement(JDBC3Connection.java:223)
	at com.genfare.pos.core.data.loader.DiagnosticLoader.insert(DiagnosticLoader.java:144)
	at com.genfare.pos.core.service.DiagnosticServiceImpl.logDiagnostic(DiagnosticServiceImpl.java:40)
	at com.genfare.pos.diagnostics.DiagnosticJobService.checkReceiptPrinter(DiagnosticJobService.java:115)
	at com.genfare.pos.diagnostics.DiagnosticJobService.runDiagnostics(DiagnosticJobService.java:50)
	at com.genfare.pos.diagnostics.DiagnosticJob.execute(DiagnosticJob.java:23)
	at org.quartz.core.JobRunShell.run(JobRunShell.java:202)
	at org.quartz.simpl.SimpleThreadPool$WorkerThread.run(SimpleThreadPool.java:573)

Feb 11, 2019 3:14:47 PM com.genfare.smartcard.PrintServiceMatcher findPrinter
INFO: Found 5 attached printers.
Feb 11, 2019 3:14:47 PM com.genfare.smartcard.PrintServiceMatcher findPrinter
INFO: Printer specified: XP8200
Feb 11, 2019 3:14:47 PM com.genfare.smartcard.PrintServiceMatcher findPrinter
WARNING: Printer not found: XP8200
Feb 11, 2019 3:14:47 PM com.genfare.pos.core.service.DiagnosticServiceImpl logDiagnostic
INFO: Logging diagnostic event code 8 with reason Patron Display Available: false
Feb 11, 2019 3:14:47 PM com.genfare.pos.core.data.loader.DiagnosticLoader insert
INFO: insert()
Feb 11, 2019 3:14:47 PM com.genfare.pos.core.service.DiagnosticServiceImpl logDiagnostic
WARNING: Error logging event!
java.sql.SQLException: [SQLITE_ERROR] SQL error or missing database (no such table: Diagnostic)
	at org.sqlite.core.DB.newSQLException(DB.java:890)
	at org.sqlite.core.DB.newSQLException(DB.java:901)
	at org.sqlite.core.DB.throwex(DB.java:868)
	at org.sqlite.core.NativeDB.prepare(Native Method)
	at org.sqlite.core.DB.prepare(DB.java:211)
	at org.sqlite.core.CorePreparedStatement.<init>(CorePreparedStatement.java:40)
	at org.sqlite.jdbc3.JDBC3PreparedStatement.<init>(JDBC3PreparedStatement.java:29)
	at org.sqlite.jdbc4.JDBC4PreparedStatement.<init>(JDBC4PreparedStatement.java:18)
	at org.sqlite.jdbc4.JDBC4Connection.prepareStatement(JDBC4Connection.java:47)
	at org.sqlite.jdbc3.JDBC3Connection.prepareStatement(JDBC3Connection.java:251)
	at org.sqlite.jdbc3.JDBC3Connection.prepareStatement(JDBC3Connection.java:223)
	at com.genfare.pos.core.data.loader.DiagnosticLoader.insert(DiagnosticLoader.java:144)
	at com.genfare.pos.core.service.DiagnosticServiceImpl.logDiagnostic(DiagnosticServiceImpl.java:40)
	at com.genfare.pos.diagnostics.DiagnosticJobService.checkLineDisplay(DiagnosticJobService.java:123)
	at com.genfare.pos.diagnostics.DiagnosticJobService.runDiagnostics(DiagnosticJobService.java:67)
	at com.genfare.pos.diagnostics.DiagnosticJob.execute(DiagnosticJob.java:23)
	at org.quartz.core.JobRunShell.run(JobRunShell.java:202)
	at org.quartz.simpl.SimpleThreadPool$WorkerThread.run(SimpleThreadPool.java:573)

Feb 11, 2019 3:14:47 PM com.genfare.pos.core.service.DiagnosticServiceImpl logDiagnostic
INFO: Logging diagnostic event code 6 with reason Encoder Available: false
Feb 11, 2019 3:14:47 PM com.genfare.pos.core.data.loader.DiagnosticLoader insert
INFO: insert()
Feb 11, 2019 3:14:47 PM com.genfare.pos.core.service.DiagnosticServiceImpl logDiagnostic
WARNING: Error logging event!
java.sql.SQLException: [SQLITE_ERROR] SQL error or missing database (no such table: Diagnostic)
	at org.sqlite.core.DB.newSQLException(DB.java:890)
	at org.sqlite.core.DB.newSQLException(DB.java:901)
	at org.sqlite.core.DB.throwex(DB.java:868)
	at org.sqlite.core.NativeDB.prepare(Native Method)
	at org.sqlite.core.DB.prepare(DB.java:211)
	at org.sqlite.core.CorePreparedStatement.<init>(CorePreparedStatement.java:40)
	at org.sqlite.jdbc3.JDBC3PreparedStatement.<init>(JDBC3PreparedStatement.java:29)
	at org.sqlite.jdbc4.JDBC4PreparedStatement.<init>(JDBC4PreparedStatement.java:18)
	at org.sqlite.jdbc4.JDBC4Connection.prepareStatement(JDBC4Connection.java:47)
	at org.sqlite.jdbc3.JDBC3Connection.prepareStatement(JDBC3Connection.java:251)
	at org.sqlite.jdbc3.JDBC3Connection.prepareStatement(JDBC3Connection.java:223)
	at com.genfare.pos.core.data.loader.DiagnosticLoader.insert(DiagnosticLoader.java:144)
	at com.genfare.pos.core.service.DiagnosticServiceImpl.logDiagnostic(DiagnosticServiceImpl.java:40)
	at com.genfare.pos.diagnostics.DiagnosticJobService.checkEncoder(DiagnosticJobService.java:134)
	at com.genfare.pos.diagnostics.DiagnosticJobService.runDiagnostics(DiagnosticJobService.java:77)
	at com.genfare.pos.diagnostics.DiagnosticJob.execute(DiagnosticJob.java:23)
	at org.quartz.core.JobRunShell.run(JobRunShell.java:202)
	at org.quartz.simpl.SimpleThreadPool$WorkerThread.run(SimpleThreadPool.java:573)

Feb 11, 2019 3:14:47 PM com.genfare.pos.remote.AWSRemoteSystem isAvailable
INFO: Web Portal Url: http://tarc-qe.gfcp.io
Feb 11, 2019 3:14:48 PM com.genfare.pos.remote.AWSRemoteSystem isAvailable
INFO: Successfully connected. Response code is 301
Feb 11, 2019 3:14:48 PM com.genfare.pos.core.service.DiagnosticServiceImpl logDiagnostic
INFO: Logging diagnostic event code 7 with reason Network Available: true
Feb 11, 2019 3:14:48 PM com.genfare.pos.core.data.loader.DiagnosticLoader insert
INFO: insert()
Feb 11, 2019 3:14:48 PM com.genfare.pos.core.service.DiagnosticServiceImpl logDiagnostic
WARNING: Error logging event!
java.sql.SQLException: [SQLITE_ERROR] SQL error or missing database (no such table: Diagnostic)
	at org.sqlite.core.DB.newSQLException(DB.java:890)
	at org.sqlite.core.DB.newSQLException(DB.java:901)
	at org.sqlite.core.DB.throwex(DB.java:868)
	at org.sqlite.core.NativeDB.prepare(Native Method)
	at org.sqlite.core.DB.prepare(DB.java:211)
	at org.sqlite.core.CorePreparedStatement.<init>(CorePreparedStatement.java:40)
	at org.sqlite.jdbc3.JDBC3PreparedStatement.<init>(JDBC3PreparedStatement.java:29)
	at org.sqlite.jdbc4.JDBC4PreparedStatement.<init>(JDBC4PreparedStatement.java:18)
	at org.sqlite.jdbc4.JDBC4Connection.prepareStatement(JDBC4Connection.java:47)
	at org.sqlite.jdbc3.JDBC3Connection.prepareStatement(JDBC3Connection.java:251)
	at org.sqlite.jdbc3.JDBC3Connection.prepareStatement(JDBC3Connection.java:223)
	at com.genfare.pos.core.data.loader.DiagnosticLoader.insert(DiagnosticLoader.java:144)
	at com.genfare.pos.core.service.DiagnosticServiceImpl.logDiagnostic(DiagnosticServiceImpl.java:40)
	at com.genfare.pos.diagnostics.DiagnosticJobService.checkNetwork(DiagnosticJobService.java:146)
	at com.genfare.pos.diagnostics.DiagnosticJobService.runDiagnostics(DiagnosticJobService.java:87)
	at com.genfare.pos.diagnostics.DiagnosticJob.execute(DiagnosticJob.java:23)
	at org.quartz.core.JobRunShell.run(JobRunShell.java:202)
	at org.quartz.simpl.SimpleThreadPool$WorkerThread.run(SimpleThreadPool.java:573)

Feb 11, 2019 3:14:48 PM com.genfare.pos.core.device.pinpad.PinpadService getStatus
WARNING: Error getting status
java.lang.NullPointerException
	at com.genfare.pos.core.device.pinpad.PinpadManager.getStatus(PinpadManager.java:312)
	at com.genfare.pos.core.device.pinpad.PinpadService.getStatus(PinpadService.java:65)
	at com.genfare.pos.diagnostics.DiagnosticJobService.checkCreditCardProcessor(DiagnosticJobService.java:159)
	at com.genfare.pos.diagnostics.DiagnosticJobService.runDiagnostics(DiagnosticJobService.java:97)
	at com.genfare.pos.diagnostics.DiagnosticJob.execute(DiagnosticJob.java:23)
	at org.quartz.core.JobRunShell.run(JobRunShell.java:202)
	at org.quartz.simpl.SimpleThreadPool$WorkerThread.run(SimpleThreadPool.java:573)

Feb 11, 2019 3:14:48 PM com.genfare.pos.core.service.DiagnosticServiceImpl logDiagnostic
INFO: Logging diagnostic event code 10 with reason Credit Card Processor Available: false
Feb 11, 2019 3:14:48 PM com.genfare.pos.core.data.loader.DiagnosticLoader insert
INFO: insert()
Feb 11, 2019 3:14:48 PM com.genfare.pos.core.service.DiagnosticServiceImpl logDiagnostic
WARNING: Error logging event!
java.sql.SQLException: [SQLITE_ERROR] SQL error or missing database (no such table: Diagnostic)
	at org.sqlite.core.DB.newSQLException(DB.java:890)
	at org.sqlite.core.DB.newSQLException(DB.java:901)
	at org.sqlite.core.DB.throwex(DB.java:868)
	at org.sqlite.core.NativeDB.prepare(Native Method)
	at org.sqlite.core.DB.prepare(DB.java:211)
	at org.sqlite.core.CorePreparedStatement.<init>(CorePreparedStatement.java:40)
	at org.sqlite.jdbc3.JDBC3PreparedStatement.<init>(JDBC3PreparedStatement.java:29)
	at org.sqlite.jdbc4.JDBC4PreparedStatement.<init>(JDBC4PreparedStatement.java:18)
	at org.sqlite.jdbc4.JDBC4Connection.prepareStatement(JDBC4Connection.java:47)
	at org.sqlite.jdbc3.JDBC3Connection.prepareStatement(JDBC3Connection.java:251)
	at org.sqlite.jdbc3.JDBC3Connection.prepareStatement(JDBC3Connection.java:223)
	at com.genfare.pos.core.data.loader.DiagnosticLoader.insert(DiagnosticLoader.java:144)
	at com.genfare.pos.core.service.DiagnosticServiceImpl.logDiagnostic(DiagnosticServiceImpl.java:40)
	at com.genfare.pos.diagnostics.DiagnosticJobService.checkCreditCardProcessor(DiagnosticJobService.java:171)
	at com.genfare.pos.diagnostics.DiagnosticJobService.runDiagnostics(DiagnosticJobService.java:97)
	at com.genfare.pos.diagnostics.DiagnosticJob.execute(DiagnosticJob.java:23)
	at org.quartz.core.JobRunShell.run(JobRunShell.java:202)
	at org.quartz.simpl.SimpleThreadPool$WorkerThread.run(SimpleThreadPool.java:573)

Feb 11, 2019 3:14:48 PM com.genfare.pos.diagnostics.DiagnosticJobService runDiagnostics
INFO: ******************************************
Feb 11, 2019 3:14:48 PM com.genfare.pos.diagnostics.DiagnosticJobService runDiagnostics
INFO: DIAGNOSTIC STATUS
Feb 11, 2019 3:14:48 PM com.genfare.pos.diagnostics.DiagnosticJobService runDiagnostics
INFO: Receipt Printer Available: false
Feb 11, 2019 3:14:48 PM com.genfare.pos.diagnostics.DiagnosticJobService runDiagnostics
INFO: Cash Drawer Availabler: null
Feb 11, 2019 3:14:48 PM com.genfare.pos.diagnostics.DiagnosticJobService runDiagnostics
INFO: Patron Display Available: false
Feb 11, 2019 3:14:48 PM com.genfare.pos.diagnostics.DiagnosticJobService runDiagnostics
INFO: Encoder Available: false
Feb 11, 2019 3:14:48 PM com.genfare.pos.diagnostics.DiagnosticJobService runDiagnostics
INFO: Network Available: true
Feb 11, 2019 3:14:48 PM com.genfare.pos.diagnostics.DiagnosticJobService runDiagnostics
INFO: Credit Card Processor Available: false
Feb 11, 2019 3:14:48 PM com.genfare.pos.diagnostics.DiagnosticJobService runDiagnostics
INFO: ******************************************
Feb 11, 2019 3:14:48 PM com.genfare.pos.diagnostics.DiagnosticJobListener getName
INFO: Got listener name
Feb 11, 2019 3:14:48 PM com.genfare.pos.diagnostics.DiagnosticJobListener jobWasExecuted
INFO: Listener for diagnostic reports job finished.
Feb 11, 2019 3:15:02 PM com.genfare.pos.applet.POSApplet authenticate
INFO: Authenticating.
Feb 11, 2019 3:15:02 PM com.genfare.pos.core.security.UserAuthentication authenticate
INFO: Found user!
Feb 11, 2019 3:15:02 PM com.genfare.pos.core.data.loader.LoginLoader insert
INFO: insert()
Feb 11, 2019 3:15:02 PM com.genfare.pos.core.security.UserAuthentication authenticate
WARNING: Error saving login record
java.sql.SQLException: [SQLITE_ERROR] SQL error or missing database (no such table: Login)
	at org.sqlite.core.DB.newSQLException(DB.java:890)
	at org.sqlite.core.DB.newSQLException(DB.java:901)
	at org.sqlite.core.DB.throwex(DB.java:868)
	at org.sqlite.core.NativeDB.prepare(Native Method)
	at org.sqlite.core.DB.prepare(DB.java:211)
	at org.sqlite.core.CorePreparedStatement.<init>(CorePreparedStatement.java:40)
	at org.sqlite.jdbc3.JDBC3PreparedStatement.<init>(JDBC3PreparedStatement.java:29)
	at org.sqlite.jdbc4.JDBC4PreparedStatement.<init>(JDBC4PreparedStatement.java:18)
	at org.sqlite.jdbc4.JDBC4Connection.prepareStatement(JDBC4Connection.java:47)
	at org.sqlite.jdbc3.JDBC3Connection.prepareStatement(JDBC3Connection.java:251)
	at org.sqlite.jdbc3.JDBC3Connection.prepareStatement(JDBC3Connection.java:223)
	at com.genfare.pos.core.data.loader.LoginLoader.insert(LoginLoader.java:140)
	at com.genfare.pos.core.security.UserAuthentication.authenticate(UserAuthentication.java:145)
	at com.genfare.pos.applet.POSApplet.authenticate(POSApplet.java:2200)
	at sun.reflect.NativeMethodAccessorImpl.invoke0(Native Method)
	at sun.reflect.NativeMethodAccessorImpl.invoke(NativeMethodAccessorImpl.java:62)
	at sun.reflect.DelegatingMethodAccessorImpl.invoke(DelegatingMethodAccessorImpl.java:43)
	at java.lang.reflect.Method.invoke(Method.java:498)

Feb 11, 2019 3:15:02 PM com.genfare.pos.core.converters.PersonConverter makeJSON
INFO: Make JSON from Person.
Feb 11, 2019 3:15:02 PM com.genfare.pos.core.converters.PersonConverter makeJSON
INFO: Got Person JSON.
Feb 11, 2019 3:15:02 PM com.genfare.pos.applet.POSApplet authenticate
INFO: Done authenticating
Feb 11, 2019 3:15:05 PM com.genfare.pos.applet.POSApplet setEncoder
INFO: Setting up encoder: null
Feb 11, 2019 3:15:05 PM com.genfare.pos.applet.POSApplet setEncoder
WARNING: Exception setting encoder
com.genfare.smartcard.exception.CardEncoderException: Terminal Authentication Keys not loaded
	at com.genfare.pos.applet.POSApplet.setEncoder(POSApplet.java:403)
	at sun.reflect.NativeMethodAccessorImpl.invoke0(Native Method)
	at sun.reflect.NativeMethodAccessorImpl.invoke(NativeMethodAccessorImpl.java:62)
	at sun.reflect.DelegatingMethodAccessorImpl.invoke(DelegatingMethodAccessorImpl.java:43)
	at java.lang.reflect.Method.invoke(Method.java:498)

Feb 11, 2019 3:15:05 PM com.genfare.pos.applet.POSApplet readCard
INFO: readCard called
Feb 11, 2019 3:15:05 PM com.genfare.pos.applet.POSApplet readCard
INFO: Reading DESFire
Feb 11, 2019 3:15:05 PM com.genfare.pos.applet.POSApplet readCard
INFO: APOS Account based falg: false
Feb 11, 2019 3:15:05 PM com.genfare.pos.applet.POSApplet readCard
INFO: Couldn't read DESFIRE java.lang.NullPointerException
Feb 11, 2019 3:15:05 PM com.genfare.pos.applet.POSApplet readCard
INFO: Done reading DESFire
Feb 11, 2019 3:15:06 PM com.genfare.pos.applet.POSApplet setEncoder
INFO: Setting up encoder: null
Feb 11, 2019 3:15:06 PM com.genfare.pos.applet.POSApplet setEncoder
WARNING: Exception setting encoder
com.genfare.smartcard.exception.CardEncoderException: Terminal Authentication Keys not loaded
	at com.genfare.pos.applet.POSApplet.setEncoder(POSApplet.java:403)
	at sun.reflect.NativeMethodAccessorImpl.invoke0(Native Method)
	at sun.reflect.NativeMethodAccessorImpl.invoke(NativeMethodAccessorImpl.java:62)
	at sun.reflect.DelegatingMethodAccessorImpl.invoke(DelegatingMethodAccessorImpl.java:43)
	at java.lang.reflect.Method.invoke(Method.java:498)

Feb 11, 2019 3:15:06 PM com.genfare.pos.applet.POSApplet readCard
INFO: readCard called
Feb 11, 2019 3:15:06 PM com.genfare.pos.applet.POSApplet readCard
INFO: Reading DESFire
Feb 11, 2019 3:15:06 PM com.genfare.pos.applet.POSApplet readCard
INFO: APOS Account based falg: false
Feb 11, 2019 3:15:06 PM com.genfare.pos.applet.POSApplet readCard
INFO: Couldn't read DESFIRE java.lang.NullPointerException
Feb 11, 2019 3:15:06 PM com.genfare.pos.applet.POSApplet readCard
INFO: Done reading DESFire
Feb 11, 2019 3:16:01 PM com.genfare.pos.applet.POSApplet setEncoder
INFO: Setting up encoder: ACS ACR1252 Dual Reader PICC 0
Feb 11, 2019 3:16:01 PM com.genfare.pos.applet.POSApplet setEncoder
WARNING: Exception setting encoder
com.genfare.smartcard.exception.CardEncoderException: Terminal Authentication Keys not loaded
	at com.genfare.pos.applet.POSApplet.setEncoder(POSApplet.java:403)
	at sun.reflect.NativeMethodAccessorImpl.invoke0(Native Method)
	at sun.reflect.NativeMethodAccessorImpl.invoke(NativeMethodAccessorImpl.java:62)
	at sun.reflect.DelegatingMethodAccessorImpl.invoke(DelegatingMethodAccessorImpl.java:43)
	at java.lang.reflect.Method.invoke(Method.java:498)

Feb 11, 2019 3:16:01 PM com.genfare.pos.applet.POSApplet readCard
INFO: readCard called
Feb 11, 2019 3:16:01 PM com.genfare.pos.applet.POSApplet readCard
INFO: Reading DESFire
Feb 11, 2019 3:16:01 PM com.genfare.pos.applet.POSApplet readCard
INFO: APOS Account based falg: false
Feb 11, 2019 3:16:01 PM com.genfare.pos.applet.POSApplet readCard
INFO: Couldn't read DESFIRE java.lang.NullPointerException
Feb 11, 2019 3:16:01 PM com.genfare.pos.applet.POSApplet readCard
INFO: Done reading DESFire
Feb 11, 2019 3:16:03 PM com.genfare.pos.applet.POSApplet setEncoder
INFO: Setting up encoder: ACS ACR1252 Dual Reader PICC 0
Feb 11, 2019 3:16:03 PM com.genfare.pos.applet.POSApplet setEncoder
WARNING: Exception setting encoder
com.genfare.smartcard.exception.CardEncoderException: Terminal Authentication Keys not loaded
	at com.genfare.pos.applet.POSApplet.setEncoder(POSApplet.java:403)
	at sun.reflect.NativeMethodAccessorImpl.invoke0(Native Method)
	at sun.reflect.NativeMethodAccessorImpl.invoke(NativeMethodAccessorImpl.java:62)
	at sun.reflect.DelegatingMethodAccessorImpl.invoke(DelegatingMethodAccessorImpl.java:43)
	at java.lang.reflect.Method.invoke(Method.java:498)

Feb 11, 2019 3:16:03 PM com.genfare.pos.applet.POSApplet readCard
INFO: readCard called
Feb 11, 2019 3:16:03 PM com.genfare.pos.applet.POSApplet readCard
INFO: Reading DESFire
Feb 11, 2019 3:16:03 PM com.genfare.pos.applet.POSApplet readCard
INFO: APOS Account based falg: false
Feb 11, 2019 3:16:03 PM com.genfare.pos.applet.POSApplet readCard
INFO: Couldn't read DESFIRE java.lang.NullPointerException
Feb 11, 2019 3:16:03 PM com.genfare.pos.applet.POSApplet readCard
INFO: Done reading DESFire
Feb 11, 2019 3:16:08 PM com.genfare.pos.applet.POSApplet readCard
INFO: readCard called
Feb 11, 2019 3:16:08 PM com.genfare.pos.applet.POSApplet readCard
INFO: Reading DESFire
Feb 11, 2019 3:16:08 PM com.genfare.pos.applet.POSApplet readCard
INFO: APOS Account based falg: false
Feb 11, 2019 3:16:08 PM com.genfare.pos.applet.POSApplet readCard
INFO: Couldn't read DESFIRE java.lang.NullPointerException
Feb 11, 2019 3:16:08 PM com.genfare.pos.applet.POSApplet readCard
INFO: Done reading DESFire
Feb 11, 2019 3:19:45 PM com.genfare.pos.diagnostics.DiagnosticJobListener getName
INFO: Got listener name
Feb 11, 2019 3:19:45 PM com.genfare.pos.diagnostics.DiagnosticJobListener jobToBeExecuted
INFO: Listener for diagnostic reports job scheduled.
Feb 11, 2019 3:19:45 PM com.genfare.pos.diagnostics.DiagnosticJob execute
INFO: DiagnosticJob executing...
Feb 11, 2019 3:19:45 PM com.genfare.pos.diagnostics.DiagnosticJobService runDiagnostics
INFO: Running diagnostics!
Feb 11, 2019 3:19:45 PM com.genfare.smartcard.PrintServiceMatcher findPrinter
INFO: Found 5 attached printers.
Feb 11, 2019 3:19:45 PM com.genfare.smartcard.PrintServiceMatcher findPrinter
INFO: Printer specified: EPSON BA-T500II
Feb 11, 2019 3:19:45 PM com.genfare.smartcard.PrintServiceMatcher findPrinter
WARNING: Printer not found: EPSON BA-T500II
Feb 11, 2019 3:19:45 PM com.genfare.smartcard.PrintServiceMatcher findPrinter
INFO: Found 5 attached printers.
Feb 11, 2019 3:19:45 PM com.genfare.smartcard.PrintServiceMatcher findPrinter
INFO: Printer specified: EPSON TM-T20II
Feb 11, 2019 3:19:45 PM com.genfare.smartcard.PrintServiceMatcher findPrinter
WARNING: Printer not found: EPSON TM-T20II
Feb 11, 2019 3:19:45 PM com.genfare.smartcard.PrintServiceMatcher findPrinter
INFO: Found 5 attached printers.
Feb 11, 2019 3:19:45 PM com.genfare.smartcard.PrintServiceMatcher findPrinter
INFO: Printer specified: EPSON_TM_T20II
Feb 11, 2019 3:19:45 PM com.genfare.smartcard.PrintServiceMatcher findPrinter
WARNING: Printer not found: EPSON_TM_T20II
Feb 11, 2019 3:19:45 PM com.genfare.smartcard.PrintServiceMatcher findPrinter
INFO: Found 5 attached printers.
Feb 11, 2019 3:19:45 PM com.genfare.smartcard.PrintServiceMatcher findPrinter
INFO: Printer specified: XP8200
Feb 11, 2019 3:19:45 PM com.genfare.smartcard.PrintServiceMatcher findPrinter
WARNING: Printer not found: XP8200
Feb 11, 2019 3:19:45 PM com.genfare.pos.core.service.DiagnosticServiceImpl logDiagnostic
INFO: Logging diagnostic event code 6 with reason Encoder Available: true
Feb 11, 2019 3:19:45 PM com.genfare.pos.core.data.loader.DiagnosticLoader insert
INFO: insert()
Feb 11, 2019 3:19:45 PM com.genfare.pos.core.service.DiagnosticServiceImpl logDiagnostic
WARNING: Error logging event!
java.sql.SQLException: [SQLITE_ERROR] SQL error or missing database (no such table: Diagnostic)
	at org.sqlite.core.DB.newSQLException(DB.java:890)
	at org.sqlite.core.DB.newSQLException(DB.java:901)
	at org.sqlite.core.DB.throwex(DB.java:868)
	at org.sqlite.core.NativeDB.prepare(Native Method)
	at org.sqlite.core.DB.prepare(DB.java:211)
	at org.sqlite.core.CorePreparedStatement.<init>(CorePreparedStatement.java:40)
	at org.sqlite.jdbc3.JDBC3PreparedStatement.<init>(JDBC3PreparedStatement.java:29)
	at org.sqlite.jdbc4.JDBC4PreparedStatement.<init>(JDBC4PreparedStatement.java:18)
	at org.sqlite.jdbc4.JDBC4Connection.prepareStatement(JDBC4Connection.java:47)
	at org.sqlite.jdbc3.JDBC3Connection.prepareStatement(JDBC3Connection.java:251)
	at org.sqlite.jdbc3.JDBC3Connection.prepareStatement(JDBC3Connection.java:223)
	at com.genfare.pos.core.data.loader.DiagnosticLoader.insert(DiagnosticLoader.java:144)
	at com.genfare.pos.core.service.DiagnosticServiceImpl.logDiagnostic(DiagnosticServiceImpl.java:40)
	at com.genfare.pos.diagnostics.DiagnosticJobService.checkEncoder(DiagnosticJobService.java:134)
	at com.genfare.pos.diagnostics.DiagnosticJobService.runDiagnostics(DiagnosticJobService.java:77)
	at com.genfare.pos.diagnostics.DiagnosticJob.execute(DiagnosticJob.java:23)
	at org.quartz.core.JobRunShell.run(JobRunShell.java:202)
	at org.quartz.simpl.SimpleThreadPool$WorkerThread.run(SimpleThreadPool.java:573)

Feb 11, 2019 3:19:45 PM com.genfare.pos.remote.AWSRemoteSystem isAvailable
INFO: Web Portal Url: http://tarc-qe.gfcp.io
Feb 11, 2019 3:19:46 PM com.genfare.pos.remote.AWSRemoteSystem isAvailable
INFO: Successfully connected. Response code is 301
Feb 11, 2019 3:19:46 PM com.genfare.pos.core.device.pinpad.PinpadService getStatus
WARNING: Error getting status
java.lang.NullPointerException
	at com.genfare.pos.core.device.pinpad.PinpadManager.getStatus(PinpadManager.java:312)
	at com.genfare.pos.core.device.pinpad.PinpadService.getStatus(PinpadService.java:65)
	at com.genfare.pos.diagnostics.DiagnosticJobService.checkCreditCardProcessor(DiagnosticJobService.java:159)
	at com.genfare.pos.diagnostics.DiagnosticJobService.runDiagnostics(DiagnosticJobService.java:97)
	at com.genfare.pos.diagnostics.DiagnosticJob.execute(DiagnosticJob.java:23)
	at org.quartz.core.JobRunShell.run(JobRunShell.java:202)
	at org.quartz.simpl.SimpleThreadPool$WorkerThread.run(SimpleThreadPool.java:573)

Feb 11, 2019 3:19:46 PM com.genfare.pos.diagnostics.DiagnosticJobService runDiagnostics
INFO: ******************************************
Feb 11, 2019 3:19:46 PM com.genfare.pos.diagnostics.DiagnosticJobService runDiagnostics
INFO: DIAGNOSTIC STATUS
Feb 11, 2019 3:19:46 PM com.genfare.pos.diagnostics.DiagnosticJobService runDiagnostics
INFO: Receipt Printer Available: false
Feb 11, 2019 3:19:46 PM com.genfare.pos.diagnostics.DiagnosticJobService runDiagnostics
INFO: Cash Drawer Availabler: null
Feb 11, 2019 3:19:46 PM com.genfare.pos.diagnostics.DiagnosticJobService runDiagnostics
INFO: Patron Display Available: false
Feb 11, 2019 3:19:46 PM com.genfare.pos.diagnostics.DiagnosticJobService runDiagnostics
INFO: Encoder Available: true
Feb 11, 2019 3:19:46 PM com.genfare.pos.diagnostics.DiagnosticJobService runDiagnostics
INFO: Network Available: true
Feb 11, 2019 3:19:46 PM com.genfare.pos.diagnostics.DiagnosticJobService runDiagnostics
INFO: Credit Card Processor Available: false
Feb 11, 2019 3:19:46 PM com.genfare.pos.diagnostics.DiagnosticJobService runDiagnostics
INFO: ******************************************
Feb 11, 2019 3:19:46 PM com.genfare.pos.diagnostics.DiagnosticJobListener getName
INFO: Got listener name
Feb 11, 2019 3:19:46 PM com.genfare.pos.diagnostics.DiagnosticJobListener jobWasExecuted
INFO: Listener for diagnostic reports job finished.
Feb 11, 2019 3:24:45 PM com.genfare.pos.diagnostics.DiagnosticJobListener getName
INFO: Got listener name
Feb 11, 2019 3:24:45 PM com.genfare.pos.diagnostics.DiagnosticJobListener jobToBeExecuted
INFO: Listener for diagnostic reports job scheduled.
Feb 11, 2019 3:24:45 PM com.genfare.pos.diagnostics.DiagnosticJob execute
INFO: DiagnosticJob executing...
Feb 11, 2019 3:24:45 PM com.genfare.pos.diagnostics.DiagnosticJobService runDiagnostics
INFO: Running diagnostics!
Feb 11, 2019 3:24:45 PM com.genfare.smartcard.PrintServiceMatcher findPrinter
INFO: Found 5 attached printers.
Feb 11, 2019 3:24:45 PM com.genfare.smartcard.PrintServiceMatcher findPrinter
INFO: Printer specified: EPSON BA-T500II
Feb 11, 2019 3:24:45 PM com.genfare.smartcard.PrintServiceMatcher findPrinter
WARNING: Printer not found: EPSON BA-T500II
Feb 11, 2019 3:24:45 PM com.genfare.smartcard.PrintServiceMatcher findPrinter
INFO: Found 5 attached printers.
Feb 11, 2019 3:24:45 PM com.genfare.smartcard.PrintServiceMatcher findPrinter
INFO: Printer specified: EPSON TM-T20II
Feb 11, 2019 3:24:45 PM com.genfare.smartcard.PrintServiceMatcher findPrinter
WARNING: Printer not found: EPSON TM-T20II
Feb 11, 2019 3:24:45 PM com.genfare.smartcard.PrintServiceMatcher findPrinter
INFO: Found 5 attached printers.
Feb 11, 2019 3:24:45 PM com.genfare.smartcard.PrintServiceMatcher findPrinter
INFO: Printer specified: EPSON_TM_T20II
Feb 11, 2019 3:24:45 PM com.genfare.smartcard.PrintServiceMatcher findPrinter
WARNING: Printer not found: EPSON_TM_T20II
Feb 11, 2019 3:24:45 PM com.genfare.smartcard.PrintServiceMatcher findPrinter
INFO: Found 5 attached printers.
Feb 11, 2019 3:24:45 PM com.genfare.smartcard.PrintServiceMatcher findPrinter
INFO: Printer specified: XP8200
Feb 11, 2019 3:24:45 PM com.genfare.smartcard.PrintServiceMatcher findPrinter
WARNING: Printer not found: XP8200
Feb 11, 2019 3:24:45 PM com.genfare.pos.remote.AWSRemoteSystem isAvailable
INFO: Web Portal Url: http://tarc-qe.gfcp.io
Feb 11, 2019 3:24:46 PM com.genfare.pos.remote.AWSRemoteSystem isAvailable
INFO: Successfully connected. Response code is 301
Feb 11, 2019 3:24:46 PM com.genfare.pos.core.device.pinpad.PinpadService getStatus
WARNING: Error getting status
java.lang.NullPointerException
	at com.genfare.pos.core.device.pinpad.PinpadManager.getStatus(PinpadManager.java:312)
	at com.genfare.pos.core.device.pinpad.PinpadService.getStatus(PinpadService.java:65)
	at com.genfare.pos.diagnostics.DiagnosticJobService.checkCreditCardProcessor(DiagnosticJobService.java:159)
	at com.genfare.pos.diagnostics.DiagnosticJobService.runDiagnostics(DiagnosticJobService.java:97)
	at com.genfare.pos.diagnostics.DiagnosticJob.execute(DiagnosticJob.java:23)
	at org.quartz.core.JobRunShell.run(JobRunShell.java:202)
	at org.quartz.simpl.SimpleThreadPool$WorkerThread.run(SimpleThreadPool.java:573)

Feb 11, 2019 3:24:46 PM com.genfare.pos.diagnostics.DiagnosticJobService runDiagnostics
INFO: ******************************************
Feb 11, 2019 3:24:46 PM com.genfare.pos.diagnostics.DiagnosticJobService runDiagnostics
INFO: DIAGNOSTIC STATUS
Feb 11, 2019 3:24:46 PM com.genfare.pos.diagnostics.DiagnosticJobService runDiagnostics
INFO: Receipt Printer Available: false
Feb 11, 2019 3:24:46 PM com.genfare.pos.diagnostics.DiagnosticJobService runDiagnostics
INFO: Cash Drawer Availabler: null
Feb 11, 2019 3:24:46 PM com.genfare.pos.diagnostics.DiagnosticJobService runDiagnostics
INFO: Patron Display Available: false
Feb 11, 2019 3:24:46 PM com.genfare.pos.diagnostics.DiagnosticJobService runDiagnostics
INFO: Encoder Available: true
Feb 11, 2019 3:24:46 PM com.genfare.pos.diagnostics.DiagnosticJobService runDiagnostics
INFO: Network Available: true
Feb 11, 2019 3:24:46 PM com.genfare.pos.diagnostics.DiagnosticJobService runDiagnostics
INFO: Credit Card Processor Available: false
Feb 11, 2019 3:24:46 PM com.genfare.pos.diagnostics.DiagnosticJobService runDiagnostics
INFO: ******************************************
Feb 11, 2019 3:24:46 PM com.genfare.pos.diagnostics.DiagnosticJobListener getName
INFO: Got listener name
Feb 11, 2019 3:24:46 PM com.genfare.pos.diagnostics.DiagnosticJobListener jobWasExecuted
INFO: Listener for diagnostic reports job finished.
Feb 11, 2019 3:29:45 PM com.genfare.pos.diagnostics.DiagnosticJobListener getName
INFO: Got listener name
Feb 11, 2019 3:29:45 PM com.genfare.pos.diagnostics.DiagnosticJobListener jobToBeExecuted
INFO: Listener for diagnostic reports job scheduled.
Feb 11, 2019 3:29:45 PM com.genfare.pos.diagnostics.DiagnosticJob execute
INFO: DiagnosticJob executing...
Feb 11, 2019 3:29:45 PM com.genfare.pos.diagnostics.DiagnosticJobService runDiagnostics
INFO: Running diagnostics!
Feb 11, 2019 3:29:45 PM com.genfare.smartcard.PrintServiceMatcher findPrinter
INFO: Found 5 attached printers.
Feb 11, 2019 3:29:45 PM com.genfare.smartcard.PrintServiceMatcher findPrinter
INFO: Printer specified: EPSON BA-T500II
Feb 11, 2019 3:29:45 PM com.genfare.smartcard.PrintServiceMatcher findPrinter
WARNING: Printer not found: EPSON BA-T500II
Feb 11, 2019 3:29:45 PM com.genfare.smartcard.PrintServiceMatcher findPrinter
INFO: Found 5 attached printers.
Feb 11, 2019 3:29:45 PM com.genfare.smartcard.PrintServiceMatcher findPrinter
INFO: Printer specified: EPSON TM-T20II
Feb 11, 2019 3:29:45 PM com.genfare.smartcard.PrintServiceMatcher findPrinter
WARNING: Printer not found: EPSON TM-T20II
Feb 11, 2019 3:29:45 PM com.genfare.smartcard.PrintServiceMatcher findPrinter
INFO: Found 5 attached printers.
Feb 11, 2019 3:29:45 PM com.genfare.smartcard.PrintServiceMatcher findPrinter
INFO: Printer specified: EPSON_TM_T20II
Feb 11, 2019 3:29:45 PM com.genfare.smartcard.PrintServiceMatcher findPrinter
WARNING: Printer not found: EPSON_TM_T20II
Feb 11, 2019 3:29:45 PM com.genfare.smartcard.PrintServiceMatcher findPrinter
INFO: Found 5 attached printers.
Feb 11, 2019 3:29:45 PM com.genfare.smartcard.PrintServiceMatcher findPrinter
INFO: Printer specified: XP8200
Feb 11, 2019 3:29:45 PM com.genfare.smartcard.PrintServiceMatcher findPrinter
WARNING: Printer not found: XP8200
Feb 11, 2019 3:29:45 PM com.genfare.pos.remote.AWSRemoteSystem isAvailable
INFO: Web Portal Url: http://tarc-qe.gfcp.io
Feb 11, 2019 3:29:46 PM com.genfare.pos.remote.AWSRemoteSystem isAvailable
INFO: Successfully connected. Response code is 301
Feb 11, 2019 3:29:46 PM com.genfare.pos.core.device.pinpad.PinpadService getStatus
WARNING: Error getting status
java.lang.NullPointerException
	at com.genfare.pos.core.device.pinpad.PinpadManager.getStatus(PinpadManager.java:312)
	at com.genfare.pos.core.device.pinpad.PinpadService.getStatus(PinpadService.java:65)
	at com.genfare.pos.diagnostics.DiagnosticJobService.checkCreditCardProcessor(DiagnosticJobService.java:159)
	at com.genfare.pos.diagnostics.DiagnosticJobService.runDiagnostics(DiagnosticJobService.java:97)
	at com.genfare.pos.diagnostics.DiagnosticJob.execute(DiagnosticJob.java:23)
	at org.quartz.core.JobRunShell.run(JobRunShell.java:202)
	at org.quartz.simpl.SimpleThreadPool$WorkerThread.run(SimpleThreadPool.java:573)

Feb 11, 2019 3:29:46 PM com.genfare.pos.diagnostics.DiagnosticJobService runDiagnostics
INFO: ******************************************
Feb 11, 2019 3:29:46 PM com.genfare.pos.diagnostics.DiagnosticJobService runDiagnostics
INFO: DIAGNOSTIC STATUS
Feb 11, 2019 3:29:46 PM com.genfare.pos.diagnostics.DiagnosticJobService runDiagnostics
INFO: Receipt Printer Available: false
Feb 11, 2019 3:29:46 PM com.genfare.pos.diagnostics.DiagnosticJobService runDiagnostics
INFO: Cash Drawer Availabler: null
Feb 11, 2019 3:29:46 PM com.genfare.pos.diagnostics.DiagnosticJobService runDiagnostics
INFO: Patron Display Available: false
Feb 11, 2019 3:29:46 PM com.genfare.pos.diagnostics.DiagnosticJobService runDiagnostics
INFO: Encoder Available: true
Feb 11, 2019 3:29:46 PM com.genfare.pos.diagnostics.DiagnosticJobService runDiagnostics
INFO: Network Available: true
Feb 11, 2019 3:29:46 PM com.genfare.pos.diagnostics.DiagnosticJobService runDiagnostics
INFO: Credit Card Processor Available: false
Feb 11, 2019 3:29:46 PM com.genfare.pos.diagnostics.DiagnosticJobService runDiagnostics
INFO: ******************************************
Feb 11, 2019 3:29:46 PM com.genfare.pos.diagnostics.DiagnosticJobListener getName
INFO: Got listener name
Feb 11, 2019 3:29:46 PM com.genfare.pos.diagnostics.DiagnosticJobListener jobWasExecuted
INFO: Listener for diagnostic reports job finished.
